[0.735s] DEBUG:colcon:Command line arguments: ['/usr/bin/colcon', 'build']
[0.736s] DEBUG:colcon:Parsed command line arguments: Namespace(allow_overriding=[], ament_cmake_args=None, base_paths=['.'], build_base='build', catkin_cmake_args=None, catkin_skip_building_tests=False, cmake_args=None, cmake_clean_cache=False, cmake_clean_first=False, cmake_force_configure=False, cmake_target=None, cmake_target_skip_unavailable=False, continue_on_error=False, event_handlers=None, executor='parallel', ignore_user_meta=False, install_base='install', log_base=None, log_level=None, main=<bound method BuildVerb.main of <colcon_core.verb.build.BuildVerb object at 0xffff9c8fb5b0>>, merge_install=False, metas=['./colcon.meta'], mixin=None, mixin_files=None, mixin_verb=('build',), packages_above=None, packages_above_and_dependencies=None, packages_above_depth=None, packages_end=None, packages_ignore=None, packages_ignore_regex=None, packages_select=None, packages_select_build_failed=False, packages_select_by_dep=None, packages_select_regex=None, packages_select_test_failures=False, packages_skip=None, packages_skip_build_finished=False, packages_skip_by_dep=None, packages_skip_regex=None, packages_skip_test_passed=False, packages_skip_up_to=None, packages_start=None, packages_up_to=None, packages_up_to_regex=None, parallel_workers=4, paths=None, symlink_install=False, test_result_base=None, verb_extension=<colcon_core.verb.build.BuildVerb object at 0xffff9c8fb5b0>, verb_name='build', verb_parser=<colcon_mixin.mixin.mixin_argument.MixinArgumentDecorator object at 0xffff9c84ec10>)
[1.354s] Level 1:colcon.colcon_core.package_discovery:discover_packages(colcon_meta) check parameters
[1.355s] Level 1:colcon.colcon_core.package_discovery:discover_packages(recursive) check parameters
[1.355s] Level 1:colcon.colcon_core.package_discovery:discover_packages(ignore) check parameters
[1.355s] Level 1:colcon.colcon_core.package_discovery:discover_packages(path) check parameters
[1.355s] Level 1:colcon.colcon_core.package_discovery:discover_packages(colcon_meta) discover
[1.356s] Level 1:colcon.colcon_core.package_discovery:discover_packages(recursive) discover
[1.356s] INFO:colcon.colcon_core.package_discovery:Crawling recursively for packages in '/home/abcs/robo_ws'
[1.356s] Level 1:colcon.colcon_core.package_identification:_identify(.) by extensions ['ignore', 'ignore_ament_install']
[1.357s] Level 1:colcon.colcon_core.package_identification:_identify(.) by extension 'ignore'
[1.357s] Level 1:colcon.colcon_core.package_identification:_identify(.) by extension 'ignore_ament_install'
[1.357s] Level 1:colcon.colcon_core.package_identification:_identify(.) by extensions ['colcon_pkg']
[1.357s] Level 1:colcon.colcon_core.package_identification:_identify(.) by extension 'colcon_pkg'
[1.357s] Level 1:colcon.colcon_core.package_identification:_identify(.) by extensions ['colcon_meta']
[1.358s] Level 1:colcon.colcon_core.package_identification:_identify(.) by extension 'colcon_meta'
[1.358s] Level 1:colcon.colcon_core.package_identification:_identify(.) by extensions ['ros']
[1.358s] Level 1:colcon.colcon_core.package_identification:_identify(.) by extension 'ros'
[1.400s] Level 1:colcon.colcon_core.package_identification:_identify(.) by extensions ['cmake', 'python']
[1.400s] Level 1:colcon.colcon_core.package_identification:_identify(.) by extension 'cmake'
[1.400s] Level 1:colcon.colcon_core.package_identification:_identify(.) by extension 'python'
[1.400s] Level 1:colcon.colcon_core.package_identification:_identify(.) by extensions ['python_setup_py']
[1.400s] Level 1:colcon.colcon_core.package_identification:_identify(.) by extension 'python_setup_py'
[1.401s] Level 1:colcon.colcon_core.package_identification:_identify(build) by extensions ['ignore', 'ignore_ament_install']
[1.401s] Level 1:colcon.colcon_core.package_identification:_identify(build) by extension 'ignore'
[1.402s] Level 1:colcon.colcon_core.package_identification:_identify(build) ignored
[1.402s] Level 1:colcon.colcon_core.package_identification:_identify(install) by extensions ['ignore', 'ignore_ament_install']
[1.403s] Level 1:colcon.colcon_core.package_identification:_identify(install) by extension 'ignore'
[1.403s] Level 1:colcon.colcon_core.package_identification:_identify(install) ignored
[1.403s] Level 1:colcon.colcon_core.package_identification:_identify(log) by extensions ['ignore', 'ignore_ament_install']
[1.404s] Level 1:colcon.colcon_core.package_identification:_identify(log) by extension 'ignore'
[1.404s] Level 1:colcon.colcon_core.package_identification:_identify(log) ignored
[1.404s] Level 1:colcon.colcon_core.package_identification:_identify(src) by extensions ['ignore', 'ignore_ament_install']
[1.404s] Level 1:colcon.colcon_core.package_identification:_identify(src) by extension 'ignore'
[1.405s] Level 1:colcon.colcon_core.package_identification:_identify(src) by extension 'ignore_ament_install'
[1.405s] Level 1:colcon.colcon_core.package_identification:_identify(src) by extensions ['colcon_pkg']
[1.405s] Level 1:colcon.colcon_core.package_identification:_identify(src) by extension 'colcon_pkg'
[1.405s] Level 1:colcon.colcon_core.package_identification:_identify(src) by extensions ['colcon_meta']
[1.405s] Level 1:colcon.colcon_core.package_identification:_identify(src) by extension 'colcon_meta'
[1.405s] Level 1:colcon.colcon_core.package_identification:_identify(src) by extensions ['ros']
[1.406s] Level 1:colcon.colcon_core.package_identification:_identify(src) by extension 'ros'
[1.406s] Level 1:colcon.colcon_core.package_identification:_identify(src) by extensions ['cmake', 'python']
[1.406s] Level 1:colcon.colcon_core.package_identification:_identify(src) by extension 'cmake'
[1.406s] Level 1:colcon.colcon_core.package_identification:_identify(src) by extension 'python'
[1.406s] Level 1:colcon.colcon_core.package_identification:_identify(src) by extensions ['python_setup_py']
[1.407s] Level 1:colcon.colcon_core.package_identification:_identify(src) by extension 'python_setup_py'
[1.407s] Level 1:colcon.colcon_core.package_identification:_identify(src/articubot_one) by extensions ['ignore', 'ignore_ament_install']
[1.407s] Level 1:colcon.colcon_core.package_identification:_identify(src/articubot_one) by extension 'ignore'
[1.408s] Level 1:colcon.colcon_core.package_identification:_identify(src/articubot_one) by extension 'ignore_ament_install'
[1.408s] Level 1:colcon.colcon_core.package_identification:_identify(src/articubot_one) by extensions ['colcon_pkg']
[1.408s] Level 1:colcon.colcon_core.package_identification:_identify(src/articubot_one) by extension 'colcon_pkg'
[1.408s] Level 1:colcon.colcon_core.package_identification:_identify(src/articubot_one) by extensions ['colcon_meta']
[1.408s] Level 1:colcon.colcon_core.package_identification:_identify(src/articubot_one) by extension 'colcon_meta'
[1.408s] Level 1:colcon.colcon_core.package_identification:_identify(src/articubot_one) by extensions ['ros']
[1.409s] Level 1:colcon.colcon_core.package_identification:_identify(src/articubot_one) by extension 'ros'
[1.417s] DEBUG:colcon.colcon_core.package_identification:Package 'src/articubot_one' with type 'ros.ament_cmake' and name 'articubot_one'
[1.418s] Level 1:colcon.colcon_core.package_identification:_identify(src/diffdrive_arduino) by extensions ['ignore', 'ignore_ament_install']
[1.419s] Level 1:colcon.colcon_core.package_identification:_identify(src/diffdrive_arduino) by extension 'ignore'
[1.419s] Level 1:colcon.colcon_core.package_identification:_identify(src/diffdrive_arduino) by extension 'ignore_ament_install'
[1.419s] Level 1:colcon.colcon_core.package_identification:_identify(src/diffdrive_arduino) by extensions ['colcon_pkg']
[1.419s] Level 1:colcon.colcon_core.package_identification:_identify(src/diffdrive_arduino) by extension 'colcon_pkg'
[1.419s] Level 1:colcon.colcon_core.package_identification:_identify(src/diffdrive_arduino) by extensions ['colcon_meta']
[1.420s] Level 1:colcon.colcon_core.package_identification:_identify(src/diffdrive_arduino) by extension 'colcon_meta'
[1.420s] Level 1:colcon.colcon_core.package_identification:_identify(src/diffdrive_arduino) by extensions ['ros']
[1.420s] Level 1:colcon.colcon_core.package_identification:_identify(src/diffdrive_arduino) by extension 'ros'
[1.423s] DEBUG:colcon.colcon_core.package_identification:Package 'src/diffdrive_arduino' with type 'ros.ament_cmake' and name 'diffdrive_arduino'
[1.424s] Level 1:colcon.colcon_core.package_identification:_identify(src/serial) by extensions ['ignore', 'ignore_ament_install']
[1.424s] Level 1:colcon.colcon_core.package_identification:_identify(src/serial) by extension 'ignore'
[1.425s] Level 1:colcon.colcon_core.package_identification:_identify(src/serial) by extension 'ignore_ament_install'
[1.425s] Level 1:colcon.colcon_core.package_identification:_identify(src/serial) by extensions ['colcon_pkg']
[1.425s] Level 1:colcon.colcon_core.package_identification:_identify(src/serial) by extension 'colcon_pkg'
[1.425s] Level 1:colcon.colcon_core.package_identification:_identify(src/serial) by extensions ['colcon_meta']
[1.425s] Level 1:colcon.colcon_core.package_identification:_identify(src/serial) by extension 'colcon_meta'
[1.426s] Level 1:colcon.colcon_core.package_identification:_identify(src/serial) by extensions ['ros']
[1.426s] Level 1:colcon.colcon_core.package_identification:_identify(src/serial) by extension 'ros'
[1.428s] DEBUG:colcon.colcon_core.package_identification:Package 'src/serial' with type 'ros.ament_cmake' and name 'serial'
[1.428s] Level 1:colcon.colcon_core.package_discovery:discover_packages(recursive) using defaults
[1.428s] Level 1:colcon.colcon_core.package_discovery:discover_packages(ignore) discover
[1.428s] Level 1:colcon.colcon_core.package_discovery:discover_packages(ignore) using defaults
[1.429s] Level 1:colcon.colcon_core.package_discovery:discover_packages(path) discover
[1.429s] Level 1:colcon.colcon_core.package_discovery:discover_packages(path) using defaults
[1.487s] Level 1:colcon.colcon_core.package_discovery:discover_packages(prefix_path) check parameters
[1.487s] Level 1:colcon.colcon_core.package_discovery:discover_packages(prefix_path) discover
[1.496s] DEBUG:colcon.colcon_installed_package_information.package_discovery:Found 3 installed packages in /home/abcs/robo_ws/install
[1.505s] DEBUG:colcon.colcon_installed_package_information.package_discovery:Found 321 installed packages in /opt/ros/foxy
[1.551s] Level 1:colcon.colcon_core.package_discovery:discover_packages(prefix_path) using defaults
[1.918s] Level 5:colcon.colcon_core.verb:set package 'articubot_one' build argument 'cmake_args' from command line to 'None'
[1.918s] Level 5:colcon.colcon_core.verb:set package 'articubot_one' build argument 'cmake_target' from command line to 'None'
[1.919s] Level 5:colcon.colcon_core.verb:set package 'articubot_one' build argument 'cmake_target_skip_unavailable' from command line to 'False'
[1.919s] Level 5:colcon.colcon_core.verb:set package 'articubot_one' build argument 'cmake_clean_cache' from command line to 'False'
[1.919s] Level 5:colcon.colcon_core.verb:set package 'articubot_one' build argument 'cmake_clean_first' from command line to 'False'
[1.919s] Level 5:colcon.colcon_core.verb:set package 'articubot_one' build argument 'cmake_force_configure' from command line to 'False'
[1.919s] Level 5:colcon.colcon_core.verb:set package 'articubot_one' build argument 'ament_cmake_args' from command line to 'None'
[1.919s] Level 5:colcon.colcon_core.verb:set package 'articubot_one' build argument 'catkin_cmake_args' from command line to 'None'
[1.919s] Level 5:colcon.colcon_core.verb:set package 'articubot_one' build argument 'catkin_skip_building_tests' from command line to 'False'
[1.919s] DEBUG:colcon.colcon_core.verb:Building package 'articubot_one' with the following arguments: {'ament_cmake_args': None, 'build_base': '/home/abcs/robo_ws/build/articubot_one', 'catkin_cmake_args': None, 'catkin_skip_building_tests': False, 'cmake_args': None, 'cmake_clean_cache': False, 'cmake_clean_first': False, 'cmake_force_configure': False, 'cmake_target': None, 'cmake_target_skip_unavailable': False, 'install_base': '/home/abcs/robo_ws/install/articubot_one', 'merge_install': False, 'path': '/home/abcs/robo_ws/src/articubot_one', 'symlink_install': False, 'test_result_base': None}
[1.921s] Level 5:colcon.colcon_core.verb:set package 'serial' build argument 'cmake_args' from command line to 'None'
[1.921s] Level 5:colcon.colcon_core.verb:set package 'serial' build argument 'cmake_target' from command line to 'None'
[1.921s] Level 5:colcon.colcon_core.verb:set package 'serial' build argument 'cmake_target_skip_unavailable' from command line to 'False'
[1.921s] Level 5:colcon.colcon_core.verb:set package 'serial' build argument 'cmake_clean_cache' from command line to 'False'
[1.921s] Level 5:colcon.colcon_core.verb:set package 'serial' build argument 'cmake_clean_first' from command line to 'False'
[1.922s] Level 5:colcon.colcon_core.verb:set package 'serial' build argument 'cmake_force_configure' from command line to 'False'
[1.922s] Level 5:colcon.colcon_core.verb:set package 'serial' build argument 'ament_cmake_args' from command line to 'None'
[1.922s] Level 5:colcon.colcon_core.verb:set package 'serial' build argument 'catkin_cmake_args' from command line to 'None'
[1.922s] Level 5:colcon.colcon_core.verb:set package 'serial' build argument 'catkin_skip_building_tests' from command line to 'False'
[1.922s] DEBUG:colcon.colcon_core.verb:Building package 'serial' with the following arguments: {'ament_cmake_args': None, 'build_base': '/home/abcs/robo_ws/build/serial', 'catkin_cmake_args': None, 'catkin_skip_building_tests': False, 'cmake_args': None, 'cmake_clean_cache': False, 'cmake_clean_first': False, 'cmake_force_configure': False, 'cmake_target': None, 'cmake_target_skip_unavailable': False, 'install_base': '/home/abcs/robo_ws/install/serial', 'merge_install': False, 'path': '/home/abcs/robo_ws/src/serial', 'symlink_install': False, 'test_result_base': None}
[1.924s] Level 5:colcon.colcon_core.verb:set package 'diffdrive_arduino' build argument 'cmake_args' from command line to 'None'
[1.924s] Level 5:colcon.colcon_core.verb:set package 'diffdrive_arduino' build argument 'cmake_target' from command line to 'None'
[1.924s] Level 5:colcon.colcon_core.verb:set package 'diffdrive_arduino' build argument 'cmake_target_skip_unavailable' from command line to 'False'
[1.924s] Level 5:colcon.colcon_core.verb:set package 'diffdrive_arduino' build argument 'cmake_clean_cache' from command line to 'False'
[1.924s] Level 5:colcon.colcon_core.verb:set package 'diffdrive_arduino' build argument 'cmake_clean_first' from command line to 'False'
[1.924s] Level 5:colcon.colcon_core.verb:set package 'diffdrive_arduino' build argument 'cmake_force_configure' from command line to 'False'
[1.924s] Level 5:colcon.colcon_core.verb:set package 'diffdrive_arduino' build argument 'ament_cmake_args' from command line to 'None'
[1.924s] Level 5:colcon.colcon_core.verb:set package 'diffdrive_arduino' build argument 'catkin_cmake_args' from command line to 'None'
[1.924s] Level 5:colcon.colcon_core.verb:set package 'diffdrive_arduino' build argument 'catkin_skip_building_tests' from command line to 'False'
[1.925s] DEBUG:colcon.colcon_core.verb:Building package 'diffdrive_arduino' with the following arguments: {'ament_cmake_args': None, 'build_base': '/home/abcs/robo_ws/build/diffdrive_arduino', 'catkin_cmake_args': None, 'catkin_skip_building_tests': False, 'cmake_args': None, 'cmake_clean_cache': False, 'cmake_clean_first': False, 'cmake_force_configure': False, 'cmake_target': None, 'cmake_target_skip_unavailable': False, 'install_base': '/home/abcs/robo_ws/install/diffdrive_arduino', 'merge_install': False, 'path': '/home/abcs/robo_ws/src/diffdrive_arduino', 'symlink_install': False, 'test_result_base': None}
[1.925s] INFO:colcon.colcon_core.executor:Executing jobs using 'parallel' executor
[1.928s] DEBUG:colcon.colcon_parallel_executor.executor.parallel:run_until_complete
[1.930s] INFO:colcon.colcon_ros.task.ament_cmake.build:Building ROS package in '/home/abcs/robo_ws/src/serial' with build type 'ament_cmake'
[1.930s] INFO:colcon.colcon_cmake.task.cmake.build:Building CMake package in '/home/abcs/robo_ws/src/serial'
[1.938s] INFO:colcon.colcon_core.plugin_system:Skipping extension 'colcon_core.shell.bat': Not used on non-Windows systems
[1.939s] INFO:colcon.colcon_core.shell:Skip shell extension 'powershell' for command environment: Not usable outside of PowerShell
[1.939s] DEBUG:colcon.colcon_core.shell:Skip shell extension 'dsv' for command environment
[1.962s] INFO:colcon.colcon_ros.task.ament_cmake.build:Building ROS package in '/home/abcs/robo_ws/src/articubot_one' with build type 'ament_cmake'
[1.963s] INFO:colcon.colcon_cmake.task.cmake.build:Building CMake package in '/home/abcs/robo_ws/src/articubot_one'
[1.965s] INFO:colcon.colcon_core.shell:Skip shell extension 'powershell' for command environment: Not usable outside of PowerShell
[1.966s] DEBUG:colcon.colcon_core.shell:Skip shell extension 'dsv' for command environment
[2.005s] DEBUG:colcon.colcon_core.event_handler.log_command:Invoking command in '/home/abcs/robo_ws/build/serial': CMAKE_PREFIX_PATH=${CMAKE_PREFIX_PATH}:/opt/ros/foxy /usr/bin/cmake --build /home/abcs/robo_ws/build/serial -- -j4 -l4
[2.041s] DEBUG:colcon.colcon_core.event_handler.log_command:Invoking command in '/home/abcs/robo_ws/build/articubot_one': CMAKE_PREFIX_PATH=${CMAKE_PREFIX_PATH}:/opt/ros/foxy /usr/bin/cmake --build /home/abcs/robo_ws/build/articubot_one -- -j4 -l4
[2.218s] DEBUG:colcon.colcon_core.event_handler.log_command:Invoked command in '/home/abcs/robo_ws/build/articubot_one' returned '0': CMAKE_PREFIX_PATH=${CMAKE_PREFIX_PATH}:/opt/ros/foxy /usr/bin/cmake --build /home/abcs/robo_ws/build/articubot_one -- -j4 -l4
[2.276s] DEBUG:colcon.colcon_core.event_handler.log_command:Invoking command in '/home/abcs/robo_ws/build/articubot_one': CMAKE_PREFIX_PATH=${CMAKE_PREFIX_PATH}:/opt/ros/foxy /usr/bin/cmake --install /home/abcs/robo_ws/build/articubot_one
[2.393s] Level 1:colcon.colcon_core.environment:create_environment_scripts_only(articubot_one)
[2.399s] DEBUG:colcon.colcon_core.event_handler.log_command:Invoked command in '/home/abcs/robo_ws/build/articubot_one' returned '0': CMAKE_PREFIX_PATH=${CMAKE_PREFIX_PATH}:/opt/ros/foxy /usr/bin/cmake --install /home/abcs/robo_ws/build/articubot_one
[2.411s] Level 1:colcon.colcon_core.environment:checking '/home/abcs/robo_ws/install/articubot_one' for CMake module files
[2.415s] Level 1:colcon.colcon_core.environment:checking '/home/abcs/robo_ws/install/articubot_one' for CMake config files
[2.417s] Level 1:colcon.colcon_core.shell:create_environment_hook('articubot_one', 'cmake_prefix_path')
[2.418s] INFO:colcon.colcon_core.shell:Creating environment hook '/home/abcs/robo_ws/install/articubot_one/share/articubot_one/hook/cmake_prefix_path.ps1'
[2.422s] INFO:colcon.colcon_core.shell:Creating environment descriptor '/home/abcs/robo_ws/install/articubot_one/share/articubot_one/hook/cmake_prefix_path.dsv'
[2.425s] INFO:colcon.colcon_core.shell:Creating environment hook '/home/abcs/robo_ws/install/articubot_one/share/articubot_one/hook/cmake_prefix_path.sh'
[2.431s] Level 1:colcon.colcon_core.environment:checking '/home/abcs/robo_ws/install/articubot_one/bin'
[2.436s] Level 1:colcon.colcon_core.environment:checking '/home/abcs/robo_ws/install/articubot_one/lib/pkgconfig/articubot_one.pc'
[2.437s] Level 1:colcon.colcon_core.environment:checking '/home/abcs/robo_ws/install/articubot_one/lib/python3.8/site-packages'
[2.439s] Level 1:colcon.colcon_core.environment:checking '/home/abcs/robo_ws/install/articubot_one/bin'
[2.441s] INFO:colcon.colcon_core.shell:Creating package script '/home/abcs/robo_ws/install/articubot_one/share/articubot_one/package.ps1'
[2.445s] INFO:colcon.colcon_core.shell:Creating package descriptor '/home/abcs/robo_ws/install/articubot_one/share/articubot_one/package.dsv'
[2.449s] INFO:colcon.colcon_core.shell:Creating package script '/home/abcs/robo_ws/install/articubot_one/share/articubot_one/package.sh'
[2.453s] INFO:colcon.colcon_core.shell:Creating package script '/home/abcs/robo_ws/install/articubot_one/share/articubot_one/package.bash'
[2.457s] INFO:colcon.colcon_core.shell:Creating package script '/home/abcs/robo_ws/install/articubot_one/share/articubot_one/package.zsh'
[2.460s] Level 1:colcon.colcon_core.environment:create_file_with_runtime_dependencies(/home/abcs/robo_ws/install/articubot_one/share/colcon-core/packages/articubot_one)
[2.462s] Level 1:colcon.colcon_core.environment:create_environment_scripts_only(articubot_one)
[2.463s] Level 1:colcon.colcon_core.environment:checking '/home/abcs/robo_ws/install/articubot_one' for CMake module files
[2.465s] Level 1:colcon.colcon_core.environment:checking '/home/abcs/robo_ws/install/articubot_one' for CMake config files
[2.467s] Level 1:colcon.colcon_core.shell:create_environment_hook('articubot_one', 'cmake_prefix_path')
[2.468s] INFO:colcon.colcon_core.shell:Creating environment hook '/home/abcs/robo_ws/install/articubot_one/share/articubot_one/hook/cmake_prefix_path.ps1'
[2.470s] INFO:colcon.colcon_core.shell:Creating environment descriptor '/home/abcs/robo_ws/install/articubot_one/share/articubot_one/hook/cmake_prefix_path.dsv'
[2.472s] INFO:colcon.colcon_core.shell:Creating environment hook '/home/abcs/robo_ws/install/articubot_one/share/articubot_one/hook/cmake_prefix_path.sh'
[2.474s] Level 1:colcon.colcon_core.environment:checking '/home/abcs/robo_ws/install/articubot_one/bin'
[2.475s] Level 1:colcon.colcon_core.environment:checking '/home/abcs/robo_ws/install/articubot_one/lib/pkgconfig/articubot_one.pc'
[2.475s] Level 1:colcon.colcon_core.environment:checking '/home/abcs/robo_ws/install/articubot_one/lib/python3.8/site-packages'
[2.476s] Level 1:colcon.colcon_core.environment:checking '/home/abcs/robo_ws/install/articubot_one/bin'
[2.477s] INFO:colcon.colcon_core.shell:Creating package script '/home/abcs/robo_ws/install/articubot_one/share/articubot_one/package.ps1'
[2.480s] INFO:colcon.colcon_core.shell:Creating package descriptor '/home/abcs/robo_ws/install/articubot_one/share/articubot_one/package.dsv'
[2.482s] INFO:colcon.colcon_core.shell:Creating package script '/home/abcs/robo_ws/install/articubot_one/share/articubot_one/package.sh'
[2.484s] INFO:colcon.colcon_core.shell:Creating package script '/home/abcs/robo_ws/install/articubot_one/share/articubot_one/package.bash'
[2.486s] INFO:colcon.colcon_core.shell:Creating package script '/home/abcs/robo_ws/install/articubot_one/share/articubot_one/package.zsh'
[2.488s] Level 1:colcon.colcon_core.environment:create_file_with_runtime_dependencies(/home/abcs/robo_ws/install/articubot_one/share/colcon-core/packages/articubot_one)
[2.496s] DEBUG:colcon.colcon_core.event_handler.log_command:Invoked command in '/home/abcs/robo_ws/build/serial' returned '0': CMAKE_PREFIX_PATH=${CMAKE_PREFIX_PATH}:/opt/ros/foxy /usr/bin/cmake --build /home/abcs/robo_ws/build/serial -- -j4 -l4
[2.505s] DEBUG:colcon.colcon_core.event_handler.log_command:Invoking command in '/home/abcs/robo_ws/build/serial': CMAKE_PREFIX_PATH=${CMAKE_PREFIX_PATH}:/opt/ros/foxy /usr/bin/cmake --install /home/abcs/robo_ws/build/serial
[2.552s] Level 1:colcon.colcon_core.environment:create_environment_scripts_only(serial)
[2.553s] Level 1:colcon.colcon_core.environment:checking '/home/abcs/robo_ws/install/serial' for CMake module files
[2.555s] DEBUG:colcon.colcon_core.event_handler.log_command:Invoked command in '/home/abcs/robo_ws/build/serial' returned '0': CMAKE_PREFIX_PATH=${CMAKE_PREFIX_PATH}:/opt/ros/foxy /usr/bin/cmake --install /home/abcs/robo_ws/build/serial
[2.557s] Level 1:colcon.colcon_core.environment:checking '/home/abcs/robo_ws/install/serial' for CMake config files
[2.558s] Level 1:colcon.colcon_core.shell:create_environment_hook('serial', 'cmake_prefix_path')
[2.559s] INFO:colcon.colcon_core.shell:Creating environment hook '/home/abcs/robo_ws/install/serial/share/serial/hook/cmake_prefix_path.ps1'
[2.561s] INFO:colcon.colcon_core.shell:Creating environment descriptor '/home/abcs/robo_ws/install/serial/share/serial/hook/cmake_prefix_path.dsv'
[2.563s] INFO:colcon.colcon_core.shell:Creating environment hook '/home/abcs/robo_ws/install/serial/share/serial/hook/cmake_prefix_path.sh'
[2.566s] Level 1:colcon.colcon_core.environment:checking '/home/abcs/robo_ws/install/serial/lib'
[2.567s] Level 1:colcon.colcon_core.environment:checking '/home/abcs/robo_ws/install/serial/bin'
[2.568s] Level 1:colcon.colcon_core.environment:checking '/home/abcs/robo_ws/install/serial/lib/pkgconfig/serial.pc'
[2.568s] Level 1:colcon.colcon_core.environment:checking '/home/abcs/robo_ws/install/serial/lib/python3.8/site-packages'
[2.569s] Level 1:colcon.colcon_core.environment:checking '/home/abcs/robo_ws/install/serial/bin'
[2.570s] INFO:colcon.colcon_core.shell:Creating package script '/home/abcs/robo_ws/install/serial/share/serial/package.ps1'
[2.573s] INFO:colcon.colcon_core.shell:Creating package descriptor '/home/abcs/robo_ws/install/serial/share/serial/package.dsv'
[2.575s] INFO:colcon.colcon_core.shell:Creating package script '/home/abcs/robo_ws/install/serial/share/serial/package.sh'
[2.577s] INFO:colcon.colcon_core.shell:Creating package script '/home/abcs/robo_ws/install/serial/share/serial/package.bash'
[2.579s] INFO:colcon.colcon_core.shell:Creating package script '/home/abcs/robo_ws/install/serial/share/serial/package.zsh'
[2.580s] Level 1:colcon.colcon_core.environment:create_file_with_runtime_dependencies(/home/abcs/robo_ws/install/serial/share/colcon-core/packages/serial)
[2.583s] Level 1:colcon.colcon_core.environment:create_environment_scripts_only(serial)
[2.584s] Level 1:colcon.colcon_core.environment:checking '/home/abcs/robo_ws/install/serial' for CMake module files
[2.586s] Level 1:colcon.colcon_core.environment:checking '/home/abcs/robo_ws/install/serial' for CMake config files
[2.587s] Level 1:colcon.colcon_core.shell:create_environment_hook('serial', 'cmake_prefix_path')
[2.588s] INFO:colcon.colcon_core.shell:Creating environment hook '/home/abcs/robo_ws/install/serial/share/serial/hook/cmake_prefix_path.ps1'
[2.590s] INFO:colcon.colcon_core.shell:Creating environment descriptor '/home/abcs/robo_ws/install/serial/share/serial/hook/cmake_prefix_path.dsv'
[2.591s] INFO:colcon.colcon_core.shell:Creating environment hook '/home/abcs/robo_ws/install/serial/share/serial/hook/cmake_prefix_path.sh'
[2.594s] Level 1:colcon.colcon_core.environment:checking '/home/abcs/robo_ws/install/serial/lib'
[2.594s] Level 1:colcon.colcon_core.environment:checking '/home/abcs/robo_ws/install/serial/bin'
[2.595s] Level 1:colcon.colcon_core.environment:checking '/home/abcs/robo_ws/install/serial/lib/pkgconfig/serial.pc'
[2.595s] Level 1:colcon.colcon_core.environment:checking '/home/abcs/robo_ws/install/serial/lib/python3.8/site-packages'
[2.596s] Level 1:colcon.colcon_core.environment:checking '/home/abcs/robo_ws/install/serial/bin'
[2.597s] INFO:colcon.colcon_core.shell:Creating package script '/home/abcs/robo_ws/install/serial/share/serial/package.ps1'
[2.599s] INFO:colcon.colcon_core.shell:Creating package descriptor '/home/abcs/robo_ws/install/serial/share/serial/package.dsv'
[2.601s] INFO:colcon.colcon_core.shell:Creating package script '/home/abcs/robo_ws/install/serial/share/serial/package.sh'
[2.604s] INFO:colcon.colcon_core.shell:Creating package script '/home/abcs/robo_ws/install/serial/share/serial/package.bash'
[2.606s] INFO:colcon.colcon_core.shell:Creating package script '/home/abcs/robo_ws/install/serial/share/serial/package.zsh'
[2.608s] Level 1:colcon.colcon_core.environment:create_file_with_runtime_dependencies(/home/abcs/robo_ws/install/serial/share/colcon-core/packages/serial)
[2.609s] INFO:colcon.colcon_ros.task.ament_cmake.build:Building ROS package in '/home/abcs/robo_ws/src/diffdrive_arduino' with build type 'ament_cmake'
[2.610s] INFO:colcon.colcon_cmake.task.cmake.build:Building CMake package in '/home/abcs/robo_ws/src/diffdrive_arduino'
[2.611s] INFO:colcon.colcon_core.shell:Skip shell extension 'powershell' for command environment: Not usable outside of PowerShell
[2.611s] DEBUG:colcon.colcon_core.shell:Skip shell extension 'dsv' for command environment
[2.666s] DEBUG:colcon.colcon_core.event_handler.log_command:Invoking command in '/home/abcs/robo_ws/build/diffdrive_arduino': CMAKE_PREFIX_PATH=/home/abcs/robo_ws/install/serial:/home/abcs/robo_ws/install/diffdrive_arduino:/home/abcs/robo_ws/install/articubot_one:/opt/ros/foxy /usr/bin/cmake --build /home/abcs/robo_ws/build/diffdrive_arduino -- -j4 -l4
[3.037s] DEBUG:colcon.colcon_core.event_handler.log_command:Invoked command in '/home/abcs/robo_ws/build/diffdrive_arduino' returned '0': CMAKE_PREFIX_PATH=/home/abcs/robo_ws/install/serial:/home/abcs/robo_ws/install/diffdrive_arduino:/home/abcs/robo_ws/install/articubot_one:/opt/ros/foxy /usr/bin/cmake --build /home/abcs/robo_ws/build/diffdrive_arduino -- -j4 -l4
[3.047s] DEBUG:colcon.colcon_core.event_handler.log_command:Invoking command in '/home/abcs/robo_ws/build/diffdrive_arduino': CMAKE_PREFIX_PATH=/home/abcs/robo_ws/install/serial:/home/abcs/robo_ws/install/diffdrive_arduino:/home/abcs/robo_ws/install/articubot_one:/opt/ros/foxy /usr/bin/cmake --install /home/abcs/robo_ws/build/diffdrive_arduino
[3.099s] Level 1:colcon.colcon_core.environment:create_environment_scripts_only(diffdrive_arduino)
[3.100s] Level 1:colcon.colcon_core.environment:checking '/home/abcs/robo_ws/install/diffdrive_arduino' for CMake module files
[3.102s] DEBUG:colcon.colcon_core.event_handler.log_command:Invoked command in '/home/abcs/robo_ws/build/diffdrive_arduino' returned '0': CMAKE_PREFIX_PATH=/home/abcs/robo_ws/install/serial:/home/abcs/robo_ws/install/diffdrive_arduino:/home/abcs/robo_ws/install/articubot_one:/opt/ros/foxy /usr/bin/cmake --install /home/abcs/robo_ws/build/diffdrive_arduino
[3.104s] Level 1:colcon.colcon_core.environment:checking '/home/abcs/robo_ws/install/diffdrive_arduino' for CMake config files
[3.105s] Level 1:colcon.colcon_core.shell:create_environment_hook('diffdrive_arduino', 'cmake_prefix_path')
[3.106s] INFO:colcon.colcon_core.shell:Creating environment hook '/home/abcs/robo_ws/install/diffdrive_arduino/share/diffdrive_arduino/hook/cmake_prefix_path.ps1'
[3.108s] INFO:colcon.colcon_core.shell:Creating environment descriptor '/home/abcs/robo_ws/install/diffdrive_arduino/share/diffdrive_arduino/hook/cmake_prefix_path.dsv'
[3.110s] INFO:colcon.colcon_core.shell:Creating environment hook '/home/abcs/robo_ws/install/diffdrive_arduino/share/diffdrive_arduino/hook/cmake_prefix_path.sh'
[3.113s] Level 1:colcon.colcon_core.environment:checking '/home/abcs/robo_ws/install/diffdrive_arduino/lib'
[3.113s] Level 1:colcon.colcon_core.shell:create_environment_hook('diffdrive_arduino', 'ld_library_path_lib')
[3.114s] INFO:colcon.colcon_core.shell:Creating environment hook '/home/abcs/robo_ws/install/diffdrive_arduino/share/diffdrive_arduino/hook/ld_library_path_lib.ps1'
[3.119s] INFO:colcon.colcon_core.shell:Creating environment descriptor '/home/abcs/robo_ws/install/diffdrive_arduino/share/diffdrive_arduino/hook/ld_library_path_lib.dsv'
[3.121s] INFO:colcon.colcon_core.shell:Creating environment hook '/home/abcs/robo_ws/install/diffdrive_arduino/share/diffdrive_arduino/hook/ld_library_path_lib.sh'
[3.123s] Level 1:colcon.colcon_core.environment:checking '/home/abcs/robo_ws/install/diffdrive_arduino/bin'
[3.124s] Level 1:colcon.colcon_core.environment:checking '/home/abcs/robo_ws/install/diffdrive_arduino/lib/pkgconfig/diffdrive_arduino.pc'
[3.125s] Level 1:colcon.colcon_core.environment:checking '/home/abcs/robo_ws/install/diffdrive_arduino/lib/python3.8/site-packages'
[3.125s] Level 1:colcon.colcon_core.environment:checking '/home/abcs/robo_ws/install/diffdrive_arduino/bin'
[3.127s] INFO:colcon.colcon_core.shell:Creating package script '/home/abcs/robo_ws/install/diffdrive_arduino/share/diffdrive_arduino/package.ps1'
[3.129s] INFO:colcon.colcon_core.shell:Creating package descriptor '/home/abcs/robo_ws/install/diffdrive_arduino/share/diffdrive_arduino/package.dsv'
[3.131s] INFO:colcon.colcon_core.shell:Creating package script '/home/abcs/robo_ws/install/diffdrive_arduino/share/diffdrive_arduino/package.sh'
[3.133s] INFO:colcon.colcon_core.shell:Creating package script '/home/abcs/robo_ws/install/diffdrive_arduino/share/diffdrive_arduino/package.bash'
[3.136s] INFO:colcon.colcon_core.shell:Creating package script '/home/abcs/robo_ws/install/diffdrive_arduino/share/diffdrive_arduino/package.zsh'
[3.138s] Level 1:colcon.colcon_core.environment:create_file_with_runtime_dependencies(/home/abcs/robo_ws/install/diffdrive_arduino/share/colcon-core/packages/diffdrive_arduino)
[3.141s] Level 1:colcon.colcon_core.environment:create_environment_scripts_only(diffdrive_arduino)
[3.142s] Level 1:colcon.colcon_core.environment:checking '/home/abcs/robo_ws/install/diffdrive_arduino' for CMake module files
[3.145s] Level 1:colcon.colcon_core.environment:checking '/home/abcs/robo_ws/install/diffdrive_arduino' for CMake config files
[3.146s] Level 1:colcon.colcon_core.shell:create_environment_hook('diffdrive_arduino', 'cmake_prefix_path')
[3.147s] INFO:colcon.colcon_core.shell:Creating environment hook '/home/abcs/robo_ws/install/diffdrive_arduino/share/diffdrive_arduino/hook/cmake_prefix_path.ps1'
[3.149s] INFO:colcon.colcon_core.shell:Creating environment descriptor '/home/abcs/robo_ws/install/diffdrive_arduino/share/diffdrive_arduino/hook/cmake_prefix_path.dsv'
[3.150s] INFO:colcon.colcon_core.shell:Creating environment hook '/home/abcs/robo_ws/install/diffdrive_arduino/share/diffdrive_arduino/hook/cmake_prefix_path.sh'
[3.153s] Level 1:colcon.colcon_core.environment:checking '/home/abcs/robo_ws/install/diffdrive_arduino/lib'
[3.153s] Level 1:colcon.colcon_core.shell:create_environment_hook('diffdrive_arduino', 'ld_library_path_lib')
[3.154s] INFO:colcon.colcon_core.shell:Creating environment hook '/home/abcs/robo_ws/install/diffdrive_arduino/share/diffdrive_arduino/hook/ld_library_path_lib.ps1'
[3.156s] INFO:colcon.colcon_core.shell:Creating environment descriptor '/home/abcs/robo_ws/install/diffdrive_arduino/share/diffdrive_arduino/hook/ld_library_path_lib.dsv'
[3.158s] INFO:colcon.colcon_core.shell:Creating environment hook '/home/abcs/robo_ws/install/diffdrive_arduino/share/diffdrive_arduino/hook/ld_library_path_lib.sh'
[3.160s] Level 1:colcon.colcon_core.environment:checking '/home/abcs/robo_ws/install/diffdrive_arduino/bin'
[3.161s] Level 1:colcon.colcon_core.environment:checking '/home/abcs/robo_ws/install/diffdrive_arduino/lib/pkgconfig/diffdrive_arduino.pc'
[3.161s] Level 1:colcon.colcon_core.environment:checking '/home/abcs/robo_ws/install/diffdrive_arduino/lib/python3.8/site-packages'
[3.162s] Level 1:colcon.colcon_core.environment:checking '/home/abcs/robo_ws/install/diffdrive_arduino/bin'
[3.163s] INFO:colcon.colcon_core.shell:Creating package script '/home/abcs/robo_ws/install/diffdrive_arduino/share/diffdrive_arduino/package.ps1'
[3.166s] INFO:colcon.colcon_core.shell:Creating package descriptor '/home/abcs/robo_ws/install/diffdrive_arduino/share/diffdrive_arduino/package.dsv'
[3.168s] INFO:colcon.colcon_core.shell:Creating package script '/home/abcs/robo_ws/install/diffdrive_arduino/share/diffdrive_arduino/package.sh'
[3.170s] INFO:colcon.colcon_core.shell:Creating package script '/home/abcs/robo_ws/install/diffdrive_arduino/share/diffdrive_arduino/package.bash'
[3.173s] INFO:colcon.colcon_core.shell:Creating package script '/home/abcs/robo_ws/install/diffdrive_arduino/share/diffdrive_arduino/package.zsh'
[3.175s] Level 1:colcon.colcon_core.environment:create_file_with_runtime_dependencies(/home/abcs/robo_ws/install/diffdrive_arduino/share/colcon-core/packages/diffdrive_arduino)
[3.176s] DEBUG:colcon.colcon_parallel_executor.executor.parallel:closing loop
[3.177s] DEBUG:colcon.colcon_parallel_executor.executor.parallel:loop closed
[3.178s] DEBUG:colcon.colcon_parallel_executor.executor.parallel:run_until_complete finished with '0'
[3.178s] DEBUG:colcon.colcon_core.event_reactor:joining thread
[3.198s] INFO:colcon.colcon_core.plugin_system:Skipping extension 'colcon_notification.desktop_notification.notify_send': Could not find 'notify-send'
[3.199s] INFO:colcon.colcon_core.plugin_system:Skipping extension 'colcon_notification.desktop_notification.terminal_notifier': Not used on non-Darwin systems
[3.199s] INFO:colcon.colcon_core.plugin_system:Skipping extension 'colcon_notification.desktop_notification.win32': Not used on non-Windows systems
[3.199s] INFO:colcon.colcon_notification.desktop_notification:Sending desktop notification using 'notify2'
[3.202s] DEBUG:colcon.colcon_notification.desktop_notification.notify2:Failed to initialize notify2: org.freedesktop.DBus.Error.ServiceUnknown: The name org.freedesktop.Notifications was not provided by any .service files
[3.202s] DEBUG:colcon.colcon_core.event_reactor:joined thread
[3.203s] INFO:colcon.colcon_core.shell:Creating prefix script '/home/abcs/robo_ws/install/local_setup.ps1'
[3.207s] INFO:colcon.colcon_core.shell:Creating prefix util module '/home/abcs/robo_ws/install/_local_setup_util_ps1.py'
[3.214s] INFO:colcon.colcon_core.shell:Creating prefix chain script '/home/abcs/robo_ws/install/setup.ps1'
[3.220s] INFO:colcon.colcon_core.shell:Creating prefix script '/home/abcs/robo_ws/install/local_setup.sh'
[3.223s] INFO:colcon.colcon_core.shell:Creating prefix util module '/home/abcs/robo_ws/install/_local_setup_util_sh.py'
[3.225s] INFO:colcon.colcon_core.shell:Creating prefix chain script '/home/abcs/robo_ws/install/setup.sh'
[3.230s] INFO:colcon.colcon_core.shell:Creating prefix script '/home/abcs/robo_ws/install/local_setup.bash'
[3.232s] INFO:colcon.colcon_core.shell:Creating prefix chain script '/home/abcs/robo_ws/install/setup.bash'
[3.237s] INFO:colcon.colcon_core.shell:Creating prefix script '/home/abcs/robo_ws/install/local_setup.zsh'
[3.239s] INFO:colcon.colcon_core.shell:Creating prefix chain script '/home/abcs/robo_ws/install/setup.zsh'
