[0.073s] Invoking command in '/home/abcs/robo_ws/build/serial': CMAKE_PREFIX_PATH=${CMAKE_PREFIX_PATH}:/opt/ros/foxy /usr/bin/cmake --build /home/abcs/robo_ws/build/serial -- -j4 -l4
[0.317s] [ 28%] Built target serial
[0.323s] [ 42%] Built target gtest_main
[0.333s] [ 57%] Built target gtest
[0.458s] [ 78%] Built target serial-test-timer
[0.459s] [ 85%] Built target serial_example
[0.472s] [100%] Built target serial-test
[0.546s] Invoked command in '/home/abcs/robo_ws/build/serial' returned '0': CMAKE_PREFIX_PATH=${CMAKE_PREFIX_PATH}:/opt/ros/foxy /usr/bin/cmake --build /home/abcs/robo_ws/build/serial -- -j4 -l4
[0.564s] Invoking command in '/home/abcs/robo_ws/build/serial': CMAKE_PREFIX_PATH=${CMAKE_PREFIX_PATH}:/opt/ros/foxy /usr/bin/cmake --install /home/abcs/robo_ws/build/serial
[0.596s] -- Install configuration: ""
[0.597s] -- Up-to-date: /home/abcs/robo_ws/install/serial/lib/libserial.a
[0.598s] -- Up-to-date: /home/abcs/robo_ws/install/serial/include/serial/serial.h
[0.601s] -- Up-to-date: /home/abcs/robo_ws/install/serial/include/serial/v8stdint.h
[0.602s] -- Up-to-date: /home/abcs/robo_ws/install/serial/share/serial/environment/library_path.sh
[0.603s] -- Up-to-date: /home/abcs/robo_ws/install/serial/share/serial/environment/library_path.dsv
[0.607s] -- Up-to-date: /home/abcs/robo_ws/install/serial/share/ament_index/resource_index/package_run_dependencies/serial
[0.608s] -- Up-to-date: /home/abcs/robo_ws/install/serial/share/ament_index/resource_index/parent_prefix_path/serial
[0.609s] -- Up-to-date: /home/abcs/robo_ws/install/serial/share/serial/environment/ament_prefix_path.sh
[0.611s] -- Up-to-date: /home/abcs/robo_ws/install/serial/share/serial/environment/ament_prefix_path.dsv
[0.612s] -- Up-to-date: /home/abcs/robo_ws/install/serial/share/serial/environment/path.sh
[0.614s] -- Up-to-date: /home/abcs/robo_ws/install/serial/share/serial/environment/path.dsv
[0.616s] -- Up-to-date: /home/abcs/robo_ws/install/serial/share/serial/local_setup.bash
[0.620s] -- Up-to-date: /home/abcs/robo_ws/install/serial/share/serial/local_setup.sh
[0.622s] -- Up-to-date: /home/abcs/robo_ws/install/serial/share/serial/local_setup.zsh
[0.625s] -- Up-to-date: /home/abcs/robo_ws/install/serial/share/serial/local_setup.dsv
[0.627s] -- Installing: /home/abcs/robo_ws/install/serial/share/serial/package.dsv
[0.630s] -- Up-to-date: /home/abcs/robo_ws/install/serial/share/ament_index/resource_index/packages/serial
[0.634s] -- Up-to-date: /home/abcs/robo_ws/install/serial/share/serial/cmake/ament_cmake_export_include_directories-extras.cmake
[0.635s] -- Up-to-date: /home/abcs/robo_ws/install/serial/share/serial/cmake/ament_cmake_export_libraries-extras.cmake
[0.636s] -- Up-to-date: /home/abcs/robo_ws/install/serial/share/serial/cmake/serialConfig.cmake
[0.637s] -- Up-to-date: /home/abcs/robo_ws/install/serial/share/serial/cmake/serialConfig-version.cmake
[0.637s] -- Up-to-date: /home/abcs/robo_ws/install/serial/share/serial/package.xml
[0.638s] Invoked command in '/home/abcs/robo_ws/build/serial' returned '0': CMAKE_PREFIX_PATH=${CMAKE_PREFIX_PATH}:/opt/ros/foxy /usr/bin/cmake --install /home/abcs/robo_ws/build/serial
