[0.114s] Invoking command in '/home/abcs/robo_ws/build/serial': CMAKE_PREFIX_PATH=${CMAKE_PREFIX_PATH}:/home/abcs/robo_ws/install/lidar_box_filter:/opt/ros/foxy /usr/bin/cmake --build /home/abcs/robo_ws/build/serial -- -j4 -l4
[0.385s] [ 28%] Built target gtest
[0.386s] [ 42%] Built target gtest_main
[0.389s] [ 57%] Built target serial
[0.490s] [ 71%] Built target serial_example
[0.499s] [ 85%] Built target serial-test-timer
[0.523s] [100%] Built target serial-test
[1.281s] Invoked command in '/home/abcs/robo_ws/build/serial' returned '0': CMAKE_PREFIX_PATH=${CMAKE_PREFIX_PATH}:/home/abcs/robo_ws/install/lidar_box_filter:/opt/ros/foxy /usr/bin/cmake --build /home/abcs/robo_ws/build/serial -- -j4 -l4
[1.292s] Invoking command in '/home/abcs/robo_ws/build/serial': CMAKE_PREFIX_PATH=${CMAKE_PREFIX_PATH}:/home/abcs/robo_ws/install/lidar_box_filter:/opt/ros/foxy /usr/bin/cmake --install /home/abcs/robo_ws/build/serial
[1.343s] -- Install configuration: ""
[1.345s] -- Execute custom install script
[1.346s] -- Up-to-date symlink: /home/abcs/robo_ws/install/serial/lib/libserial.a
[1.348s] -- Up-to-date symlink: /home/abcs/robo_ws/install/serial/include/serial/serial.h
[1.349s] -- Up-to-date symlink: /home/abcs/robo_ws/install/serial/include/serial/v8stdint.h
[1.349s] -- Up-to-date symlink: /home/abcs/robo_ws/install/serial/share/serial/environment/library_path.sh
[1.350s] -- Up-to-date symlink: /home/abcs/robo_ws/install/serial/share/serial/environment/library_path.dsv
[1.351s] -- Up-to-date symlink: /home/abcs/robo_ws/install/serial/share/ament_index/resource_index/package_run_dependencies/serial
[1.353s] -- Up-to-date symlink: /home/abcs/robo_ws/install/serial/share/ament_index/resource_index/parent_prefix_path/serial
[1.354s] -- Up-to-date symlink: /home/abcs/robo_ws/install/serial/share/serial/environment/ament_prefix_path.sh
[1.356s] -- Up-to-date symlink: /home/abcs/robo_ws/install/serial/share/serial/environment/ament_prefix_path.dsv
[1.358s] -- Up-to-date symlink: /home/abcs/robo_ws/install/serial/share/serial/environment/path.sh
[1.358s] -- Up-to-date symlink: /home/abcs/robo_ws/install/serial/share/serial/environment/path.dsv
[1.359s] -- Up-to-date symlink: /home/abcs/robo_ws/install/serial/share/serial/local_setup.bash
[1.360s] -- Up-to-date symlink: /home/abcs/robo_ws/install/serial/share/serial/local_setup.sh
[1.360s] -- Up-to-date symlink: /home/abcs/robo_ws/install/serial/share/serial/local_setup.zsh
[1.361s] -- Up-to-date symlink: /home/abcs/robo_ws/install/serial/share/serial/local_setup.dsv
[1.362s] -- Symlinking: /home/abcs/robo_ws/install/serial/share/serial/package.dsv
[1.424s] -- Up-to-date symlink: /home/abcs/robo_ws/install/serial/share/ament_index/resource_index/packages/serial
[1.425s] -- Up-to-date symlink: /home/abcs/robo_ws/install/serial/share/serial/cmake/ament_cmake_export_include_directories-extras.cmake
[1.427s] -- Up-to-date symlink: /home/abcs/robo_ws/install/serial/share/serial/cmake/ament_cmake_export_libraries-extras.cmake
[1.429s] -- Up-to-date symlink: /home/abcs/robo_ws/install/serial/share/serial/cmake/serialConfig.cmake
[1.430s] -- Up-to-date symlink: /home/abcs/robo_ws/install/serial/share/serial/cmake/serialConfig-version.cmake
[1.432s] -- Up-to-date symlink: /home/abcs/robo_ws/install/serial/share/serial/package.xml
[1.441s] Invoked command in '/home/abcs/robo_ws/build/serial' returned '0': CMAKE_PREFIX_PATH=${CMAKE_PREFIX_PATH}:/home/abcs/robo_ws/install/lidar_box_filter:/opt/ros/foxy /usr/bin/cmake --install /home/abcs/robo_ws/build/serial
