[35m[1mScanning dependencies of target diffdrive_arduino[0m
[ 42%] Built target fake_robot
[ 57%] [32mBuilding CXX object CMakeFiles/diffdrive_arduino.dir/src/diffdrive_arduino.cpp.o[0m
[01m[K/home/abcs/robo_ws/src/diffdrive_arduino/src/diffdrive_arduino.cpp:[m[K In member function ‘[01m[Kvirtual hardware_interface::return_type DiffDriveArduino::read()[m[K’:
[01m[K/home/abcs/robo_ws/src/diffdrive_arduino/src/diffdrive_arduino.cpp:101:36:[m[K [01;31m[Kerror: [m[Kcould not convert ‘[01m[K((DiffDriveArduino*)this)->DiffDriveArduino::arduino_.ArduinoComms::readEncoderValues(((DiffDriveArduino*)this)->DiffDriveArduino::l_wheel_.Wheel::enc, ((DiffDriveArduino*)this)->DiffDriveArduino::r_wheel_.Wheel::enc)[m[K’ from ‘[01m[Kvoid[m[K’ to ‘[01m[Kbool[m[K’
  101 |     if (![01;31m[Karduino_.readEncoderValues(l_wheel_.enc, r_wheel_.enc)[m[K) {
      |          [01;31m[K~~~~~~~~~~~~~~~~~~~~~~~~~~^~~~~~~~~~~~~~~~~~~~~~~~~~~~[m[K
      |                                    [01;31m[K|[m[K
      |                                    [01;31m[Kvoid[m[K
[01m[K/home/abcs/robo_ws/src/diffdrive_arduino/src/diffdrive_arduino.cpp:101:63:[m[K [01;31m[Kerror: [m[Kin argument to unary !
  101 |     if (!arduino_.readEncoderValues(l_wheel_.enc, r_wheel_.enc[01;31m[K)[m[K) {
      |                                                               [01;31m[K^[m[K
[01m[K/home/abcs/robo_ws/src/diffdrive_arduino/src/diffdrive_arduino.cpp:110:53:[m[K [01;31m[Kerror: [m[K‘[01m[Kclass Wheel[m[K’ has no member named ‘[01m[Kenc_counts_per_rev[m[K’
  110 |     l_wheel_.pos = ((double)l_wheel_.enc / l_wheel_.[01;31m[Kenc_counts_per_rev[m[K) * 2.0 * M_PI;
      |                                                     [01;31m[K^~~~~~~~~~~~~~~~~~[m[K
[01m[K/home/abcs/robo_ws/src/diffdrive_arduino/src/diffdrive_arduino.cpp:111:53:[m[K [01;31m[Kerror: [m[K‘[01m[Kclass Wheel[m[K’ has no member named ‘[01m[Kenc_counts_per_rev[m[K’
  111 |     r_wheel_.pos = ((double)r_wheel_.enc / r_wheel_.[01;31m[Kenc_counts_per_rev[m[K) * 2.0 * M_PI;
      |                                                     [01;31m[K^~~~~~~~~~~~~~~~~~[m[K
make[2]: *** [CMakeFiles/diffdrive_arduino.dir/build.make:63: CMakeFiles/diffdrive_arduino.dir/src/diffdrive_arduino.cpp.o] Error 1
make[1]: *** [CMakeFiles/Makefile2:107: CMakeFiles/diffdrive_arduino.dir/all] Error 2
make: *** [Makefile:141: all] Error 2
