[0.058s] Invoking command in '/home/abcs/robo_ws/build/diffdrive_arduino': CMAKE_PREFIX_PATH=/home/abcs/robo_ws/install/serial:/home/abcs/robo_ws/install/diffdrive_arduino:/home/abcs/robo_ws/install/articubot_one:/home/abcs/robo_ws/install/lidar_box_filter:/opt/ros/foxy /usr/bin/cmake --build /home/abcs/robo_ws/build/diffdrive_arduino -- -j4 -l4
[0.602s] [ 42%] Built target fake_robot
[0.612s] [100%] Built target diffdrive_arduino
[0.653s] Invoked command in '/home/abcs/robo_ws/build/diffdrive_arduino' returned '0': CMAKE_PREFIX_PATH=/home/abcs/robo_ws/install/serial:/home/abcs/robo_ws/install/diffdrive_arduino:/home/abcs/robo_ws/install/articubot_one:/home/abcs/robo_ws/install/lidar_box_filter:/opt/ros/foxy /usr/bin/cmake --build /home/abcs/robo_ws/build/diffdrive_arduino -- -j4 -l4
[0.664s] Invoking command in '/home/abcs/robo_ws/build/diffdrive_arduino': CMAKE_PREFIX_PATH=/home/abcs/robo_ws/install/serial:/home/abcs/robo_ws/install/diffdrive_arduino:/home/abcs/robo_ws/install/articubot_one:/home/abcs/robo_ws/install/lidar_box_filter:/opt/ros/foxy /usr/bin/cmake --install /home/abcs/robo_ws/build/diffdrive_arduino
[0.700s] -- Install configuration: ""
[0.704s] -- Execute custom install script
[0.705s] -- Up-to-date symlink: /home/abcs/robo_ws/install/diffdrive_arduino/share/diffdrive_arduino//robot_hardware.xml
[0.707s] -- Up-to-date symlink: /home/abcs/robo_ws/install/diffdrive_arduino/share/diffdrive_arduino//fake_robot_hardware.xml
[0.710s] -- Up-to-date symlink: /home/abcs/robo_ws/install/diffdrive_arduino/lib/libdiffdrive_arduino.so
[0.711s] -- Up-to-date symlink: /home/abcs/robo_ws/install/diffdrive_arduino/lib/libfake_robot.so
[0.713s] -- Up-to-date symlink: /home/abcs/robo_ws/install/diffdrive_arduino/share/diffdrive_arduino/controllers/robot_controller_example.yaml
[0.715s] -- Up-to-date symlink: /home/abcs/robo_ws/install/diffdrive_arduino/share/diffdrive_arduino/fake_robot.launch.py
[0.716s] -- Up-to-date symlink: /home/abcs/robo_ws/install/diffdrive_arduino/share/diffdrive_arduino/test_robot.launch.py
[0.718s] -- Up-to-date symlink: /home/abcs/robo_ws/install/diffdrive_arduino/share/diffdrive_arduino/environment/library_path.sh
[0.719s] -- Up-to-date symlink: /home/abcs/robo_ws/install/diffdrive_arduino/share/diffdrive_arduino/environment/library_path.dsv
[0.721s] -- Up-to-date symlink: /home/abcs/robo_ws/install/diffdrive_arduino/share/ament_index/resource_index/package_run_dependencies/diffdrive_arduino
[0.723s] -- Up-to-date symlink: /home/abcs/robo_ws/install/diffdrive_arduino/share/ament_index/resource_index/parent_prefix_path/diffdrive_arduino
[0.724s] -- Up-to-date symlink: /home/abcs/robo_ws/install/diffdrive_arduino/share/diffdrive_arduino/environment/ament_prefix_path.sh
[0.726s] -- Up-to-date symlink: /home/abcs/robo_ws/install/diffdrive_arduino/share/diffdrive_arduino/environment/ament_prefix_path.dsv
[0.727s] -- Up-to-date symlink: /home/abcs/robo_ws/install/diffdrive_arduino/share/diffdrive_arduino/environment/path.sh
[0.729s] -- Up-to-date symlink: /home/abcs/robo_ws/install/diffdrive_arduino/share/diffdrive_arduino/environment/path.dsv
[0.730s] -- Up-to-date symlink: /home/abcs/robo_ws/install/diffdrive_arduino/share/diffdrive_arduino/local_setup.bash
[0.732s] -- Up-to-date symlink: /home/abcs/robo_ws/install/diffdrive_arduino/share/diffdrive_arduino/local_setup.sh
[0.733s] -- Up-to-date symlink: /home/abcs/robo_ws/install/diffdrive_arduino/share/diffdrive_arduino/local_setup.zsh
[0.734s] -- Up-to-date symlink: /home/abcs/robo_ws/install/diffdrive_arduino/share/diffdrive_arduino/local_setup.dsv
[0.735s] -- Symlinking: /home/abcs/robo_ws/install/diffdrive_arduino/share/diffdrive_arduino/package.dsv
[0.772s] -- Up-to-date symlink: /home/abcs/robo_ws/install/diffdrive_arduino/share/ament_index/resource_index/packages/diffdrive_arduino
[0.774s] -- Up-to-date symlink: /home/abcs/robo_ws/install/diffdrive_arduino/share/ament_index/resource_index/hardware_interface__pluginlib__plugin/diffdrive_arduino
[0.775s] -- Up-to-date symlink: /home/abcs/robo_ws/install/diffdrive_arduino/share/diffdrive_arduino/cmake/ament_cmake_export_libraries-extras.cmake
[0.777s] -- Up-to-date symlink: /home/abcs/robo_ws/install/diffdrive_arduino/share/diffdrive_arduino/cmake/ament_cmake_export_dependencies-extras.cmake
[0.778s] -- Up-to-date symlink: /home/abcs/robo_ws/install/diffdrive_arduino/share/diffdrive_arduino/cmake/diffdrive_arduinoConfig.cmake
[0.780s] -- Up-to-date symlink: /home/abcs/robo_ws/install/diffdrive_arduino/share/diffdrive_arduino/cmake/diffdrive_arduinoConfig-version.cmake
[0.781s] -- Up-to-date symlink: /home/abcs/robo_ws/install/diffdrive_arduino/share/diffdrive_arduino/package.xml
[0.789s] Invoked command in '/home/abcs/robo_ws/build/diffdrive_arduino' returned '0': CMAKE_PREFIX_PATH=/home/abcs/robo_ws/install/serial:/home/abcs/robo_ws/install/diffdrive_arduino:/home/abcs/robo_ws/install/articubot_one:/home/abcs/robo_ws/install/lidar_box_filter:/opt/ros/foxy /usr/bin/cmake --install /home/abcs/robo_ws/build/diffdrive_arduino
