[0.121s] Invoking command in '/home/abcs/robo_ws/build/diffdrive_arduino': CMAKE_PREFIX_PATH=/home/abcs/robo_ws/install/serial:/home/abcs/robo_ws/install/diffdrive_arduino:/home/abcs/robo_ws/install/articubot_one:/home/abcs/robo_ws/install/lidar_box_filter:/opt/ros/foxy /usr/bin/cmake --build /home/abcs/robo_ws/build/diffdrive_arduino -- -j4 -l4
[0.311s] [35m[1mScanning dependencies of target diffdrive_arduino[0m
[0.314s] [35m[1mScanning dependencies of target fake_robot[0m
[0.556s] [ 14%] [32mBuilding CXX object CMakeFiles/fake_robot.dir/src/fake_robot.cpp.o[0m
[0.560s] [ 28%] [32mBuilding CXX object CMakeFiles/diffdrive_arduino.dir/src/diffdrive_arduino.cpp.o[0m
[12.129s] [ 42%] [32m[1mLinking CXX shared library libfake_robot.so[0m
[12.144s] [ 57%] [32m[1mLinking CXX shared library libdiffdrive_arduino.so[0m
[13.423s] [ 71%] Built target fake_robot
[13.467s] [100%] Built target diffdrive_arduino
[13.508s] Invoked command in '/home/abcs/robo_ws/build/diffdrive_arduino' returned '0': CMAKE_PREFIX_PATH=/home/abcs/robo_ws/install/serial:/home/abcs/robo_ws/install/diffdrive_arduino:/home/abcs/robo_ws/install/articubot_one:/home/abcs/robo_ws/install/lidar_box_filter:/opt/ros/foxy /usr/bin/cmake --build /home/abcs/robo_ws/build/diffdrive_arduino -- -j4 -l4
[13.518s] Invoking command in '/home/abcs/robo_ws/build/diffdrive_arduino': CMAKE_PREFIX_PATH=/home/abcs/robo_ws/install/serial:/home/abcs/robo_ws/install/diffdrive_arduino:/home/abcs/robo_ws/install/articubot_one:/home/abcs/robo_ws/install/lidar_box_filter:/opt/ros/foxy /usr/bin/cmake --install /home/abcs/robo_ws/build/diffdrive_arduino
[13.554s] -- Install configuration: ""
[13.556s] -- Execute custom install script
[13.558s] -- Up-to-date symlink: /home/abcs/robo_ws/install/diffdrive_arduino/share/diffdrive_arduino//robot_hardware.xml
[13.559s] -- Up-to-date symlink: /home/abcs/robo_ws/install/diffdrive_arduino/share/diffdrive_arduino//fake_robot_hardware.xml
[13.561s] -- Up-to-date symlink: /home/abcs/robo_ws/install/diffdrive_arduino/lib/libdiffdrive_arduino.so
[13.562s] -- Up-to-date symlink: /home/abcs/robo_ws/install/diffdrive_arduino/lib/libfake_robot.so
[13.564s] -- Up-to-date symlink: /home/abcs/robo_ws/install/diffdrive_arduino/share/diffdrive_arduino/controllers/robot_controller_example.yaml
[13.565s] -- Up-to-date symlink: /home/abcs/robo_ws/install/diffdrive_arduino/share/diffdrive_arduino/fake_robot.launch.py
[13.566s] -- Up-to-date symlink: /home/abcs/robo_ws/install/diffdrive_arduino/share/diffdrive_arduino/test_robot.launch.py
[13.568s] -- Up-to-date symlink: /home/abcs/robo_ws/install/diffdrive_arduino/share/diffdrive_arduino/environment/library_path.sh
[13.569s] -- Up-to-date symlink: /home/abcs/robo_ws/install/diffdrive_arduino/share/diffdrive_arduino/environment/library_path.dsv
[13.570s] -- Up-to-date symlink: /home/abcs/robo_ws/install/diffdrive_arduino/share/ament_index/resource_index/package_run_dependencies/diffdrive_arduino
[13.572s] -- Up-to-date symlink: /home/abcs/robo_ws/install/diffdrive_arduino/share/ament_index/resource_index/parent_prefix_path/diffdrive_arduino
[13.573s] -- Up-to-date symlink: /home/abcs/robo_ws/install/diffdrive_arduino/share/diffdrive_arduino/environment/ament_prefix_path.sh
[13.574s] -- Up-to-date symlink: /home/abcs/robo_ws/install/diffdrive_arduino/share/diffdrive_arduino/environment/ament_prefix_path.dsv
[13.576s] -- Up-to-date symlink: /home/abcs/robo_ws/install/diffdrive_arduino/share/diffdrive_arduino/environment/path.sh
[13.577s] -- Up-to-date symlink: /home/abcs/robo_ws/install/diffdrive_arduino/share/diffdrive_arduino/environment/path.dsv
[13.578s] -- Up-to-date symlink: /home/abcs/robo_ws/install/diffdrive_arduino/share/diffdrive_arduino/local_setup.bash
[13.579s] -- Up-to-date symlink: /home/abcs/robo_ws/install/diffdrive_arduino/share/diffdrive_arduino/local_setup.sh
[13.580s] -- Up-to-date symlink: /home/abcs/robo_ws/install/diffdrive_arduino/share/diffdrive_arduino/local_setup.zsh
[13.582s] -- Up-to-date symlink: /home/abcs/robo_ws/install/diffdrive_arduino/share/diffdrive_arduino/local_setup.dsv
[13.582s] -- Symlinking: /home/abcs/robo_ws/install/diffdrive_arduino/share/diffdrive_arduino/package.dsv
[13.619s] -- Up-to-date symlink: /home/abcs/robo_ws/install/diffdrive_arduino/share/ament_index/resource_index/packages/diffdrive_arduino
[13.620s] -- Up-to-date symlink: /home/abcs/robo_ws/install/diffdrive_arduino/share/ament_index/resource_index/hardware_interface__pluginlib__plugin/diffdrive_arduino
[13.622s] -- Up-to-date symlink: /home/abcs/robo_ws/install/diffdrive_arduino/share/diffdrive_arduino/cmake/ament_cmake_export_libraries-extras.cmake
[13.623s] -- Up-to-date symlink: /home/abcs/robo_ws/install/diffdrive_arduino/share/diffdrive_arduino/cmake/ament_cmake_export_dependencies-extras.cmake
[13.625s] -- Up-to-date symlink: /home/abcs/robo_ws/install/diffdrive_arduino/share/diffdrive_arduino/cmake/diffdrive_arduinoConfig.cmake
[13.626s] -- Up-to-date symlink: /home/abcs/robo_ws/install/diffdrive_arduino/share/diffdrive_arduino/cmake/diffdrive_arduinoConfig-version.cmake
[13.627s] -- Up-to-date symlink: /home/abcs/robo_ws/install/diffdrive_arduino/share/diffdrive_arduino/package.xml
[13.635s] Invoked command in '/home/abcs/robo_ws/build/diffdrive_arduino' returned '0': CMAKE_PREFIX_PATH=/home/abcs/robo_ws/install/serial:/home/abcs/robo_ws/install/diffdrive_arduino:/home/abcs/robo_ws/install/articubot_one:/home/abcs/robo_ws/install/lidar_box_filter:/opt/ros/foxy /usr/bin/cmake --install /home/abcs/robo_ws/build/diffdrive_arduino
