[0.106s] Invoking command in '/home/abcs/robo_ws/build/articubot_one': CMAKE_PREFIX_PATH=${CMAKE_PREFIX_PATH}:/opt/ros/foxy /usr/bin/cmake /home/abcs/robo_ws/src/articubot_one -DAMENT_CMAKE_SYMLINK_INSTALL=1 -DCMAKE_INSTALL_PREFIX=/home/abcs/robo_ws/install/articubot_one
[0.167s] -- Found ament_cmake: 0.9.12 (/opt/ros/foxy/share/ament_cmake/cmake)
[0.314s] -- Using PYTHON_EXECUTABLE: /usr/bin/python3
[1.327s] -- Override CMake install command with custom implementation using symlinks instead of copying resources
[1.419s] -- Found ament_lint_auto: 0.9.8 (/opt/ros/foxy/share/ament_lint_auto/cmake)
[1.822s] -- Added test 'copyright' to check source files copyright and LICENSE
[1.898s] -- Added test 'flake8' to check Python code syntax and style conventions
[1.909s] -- Added test 'lint_cmake' to check CMake code style
[1.915s] -- Added test 'pep257' to check Python code against some of the style conventions in PEP 257
[1.954s] -- Added test 'xmllint' to check XML markup files
[1.996s] -- Configuring done
[2.013s] -- Generating done
[2.023s] -- Build files have been written to: /home/abcs/robo_ws/build/articubot_one
[2.042s] Invoked command in '/home/abcs/robo_ws/build/articubot_one' returned '0': CMAKE_PREFIX_PATH=${CMAKE_PREFIX_PATH}:/opt/ros/foxy /usr/bin/cmake /home/abcs/robo_ws/src/articubot_one -DAMENT_CMAKE_SYMLINK_INSTALL=1 -DCMAKE_INSTALL_PREFIX=/home/abcs/robo_ws/install/articubot_one
[2.047s] Invoking command in '/home/abcs/robo_ws/build/articubot_one': CMAKE_PREFIX_PATH=${CMAKE_PREFIX_PATH}:/opt/ros/foxy /usr/bin/cmake --build /home/abcs/robo_ws/build/articubot_one -- -j4 -l4
[2.277s] Invoked command in '/home/abcs/robo_ws/build/articubot_one' returned '0': CMAKE_PREFIX_PATH=${CMAKE_PREFIX_PATH}:/opt/ros/foxy /usr/bin/cmake --build /home/abcs/robo_ws/build/articubot_one -- -j4 -l4
[2.333s] Invoking command in '/home/abcs/robo_ws/build/articubot_one': CMAKE_PREFIX_PATH=${CMAKE_PREFIX_PATH}:/opt/ros/foxy /usr/bin/cmake --install /home/abcs/robo_ws/build/articubot_one
[2.392s] -- Install configuration: ""
[2.398s] -- Execute custom install script
[2.401s] -- Symlinking: /home/abcs/robo_ws/install/articubot_one/share/articubot_one/config/ball_tracker_params_robot.yaml
[2.500s] -- Symlinking: /home/abcs/robo_ws/install/articubot_one/share/articubot_one/config/ball_tracker_params_sim.yaml
[2.554s] -- Symlinking: /home/abcs/robo_ws/install/articubot_one/share/articubot_one/config/drive_bot.rviz
[2.597s] -- Symlinking: /home/abcs/robo_ws/install/articubot_one/share/articubot_one/config/empty.yaml
[2.640s] -- Symlinking: /home/abcs/robo_ws/install/articubot_one/share/articubot_one/config/gaz_ros2_ctl_use_sim.yaml
[2.682s] -- Symlinking: /home/abcs/robo_ws/install/articubot_one/share/articubot_one/config/gazebo_params.yaml
[2.723s] -- Symlinking: /home/abcs/robo_ws/install/articubot_one/share/articubot_one/config/joystick.yaml
[2.764s] -- Symlinking: /home/abcs/robo_ws/install/articubot_one/share/articubot_one/config/main.rviz
[2.805s] -- Symlinking: /home/abcs/robo_ws/install/articubot_one/share/articubot_one/config/map.rviz
[2.849s] -- Symlinking: /home/abcs/robo_ws/install/articubot_one/share/articubot_one/config/mapper_params_online_async.yaml
[2.892s] -- Symlinking: /home/abcs/robo_ws/install/articubot_one/share/articubot_one/config/my_controllers.yaml
[2.934s] -- Symlinking: /home/abcs/robo_ws/install/articubot_one/share/articubot_one/config/nav2_params.yaml
[2.975s] -- Symlinking: /home/abcs/robo_ws/install/articubot_one/share/articubot_one/config/twist_mux.yaml
[3.019s] -- Symlinking: /home/abcs/robo_ws/install/articubot_one/share/articubot_one/config/view_bot.rviz
[3.061s] -- Symlinking: /home/abcs/robo_ws/install/articubot_one/share/articubot_one/description/camera.xacro
[3.101s] -- Symlinking: /home/abcs/robo_ws/install/articubot_one/share/articubot_one/description/depth_camera.xacro
[3.142s] -- Symlinking: /home/abcs/robo_ws/install/articubot_one/share/articubot_one/description/face.xacro
[3.182s] -- Symlinking: /home/abcs/robo_ws/install/articubot_one/share/articubot_one/description/gazebo_control.xacro
[3.224s] -- Symlinking: /home/abcs/robo_ws/install/articubot_one/share/articubot_one/description/inertial_macros.xacro
[3.265s] -- Symlinking: /home/abcs/robo_ws/install/articubot_one/share/articubot_one/description/lidar.xacro
[3.309s] -- Symlinking: /home/abcs/robo_ws/install/articubot_one/share/articubot_one/description/robot.urdf.xacro
[3.350s] -- Symlinking: /home/abcs/robo_ws/install/articubot_one/share/articubot_one/description/robot_core.xacro
[3.392s] -- Symlinking: /home/abcs/robo_ws/install/articubot_one/share/articubot_one/description/ros2_control.xacro
[3.435s] -- Symlinking: /home/abcs/robo_ws/install/articubot_one/share/articubot_one/launch/ball_tracker.launch.py
[3.480s] -- Symlinking: /home/abcs/robo_ws/install/articubot_one/share/articubot_one/launch/camera.launch.py
[3.530s] -- Symlinking: /home/abcs/robo_ws/install/articubot_one/share/articubot_one/launch/cyril.launch.py
[3.596s] -- Symlinking: /home/abcs/robo_ws/install/articubot_one/share/articubot_one/launch/joystick.launch.py
[3.658s] -- Symlinking: /home/abcs/robo_ws/install/articubot_one/share/articubot_one/launch/launch_robot.launch.py
[3.709s] -- Symlinking: /home/abcs/robo_ws/install/articubot_one/share/articubot_one/launch/launch_sim.launch.py
[3.745s] -- Symlinking: /home/abcs/robo_ws/install/articubot_one/share/articubot_one/launch/localization_launch.py
[3.781s] -- Symlinking: /home/abcs/robo_ws/install/articubot_one/share/articubot_one/launch/navigation_launch.py
[3.831s] -- Symlinking: /home/abcs/robo_ws/install/articubot_one/share/articubot_one/launch/online_async_launch.py
[3.874s] -- Symlinking: /home/abcs/robo_ws/install/articubot_one/share/articubot_one/launch/rplidar.launch.py
[3.918s] -- Symlinking: /home/abcs/robo_ws/install/articubot_one/share/articubot_one/launch/rsp.launch.py
[3.960s] -- Symlinking: /home/abcs/robo_ws/install/articubot_one/share/articubot_one/worlds/empty.world
[4.004s] -- Symlinking: /home/abcs/robo_ws/install/articubot_one/share/articubot_one/worlds/obstacles.world
[4.051s] -- Symlinking: /home/abcs/robo_ws/install/articubot_one/share/ament_index/resource_index/package_run_dependencies/articubot_one
[4.092s] -- Symlinking: /home/abcs/robo_ws/install/articubot_one/share/ament_index/resource_index/parent_prefix_path/articubot_one
[4.139s] -- Symlinking: /home/abcs/robo_ws/install/articubot_one/share/articubot_one/environment/ament_prefix_path.sh
[4.179s] -- Symlinking: /home/abcs/robo_ws/install/articubot_one/share/articubot_one/environment/ament_prefix_path.dsv
[4.223s] -- Symlinking: /home/abcs/robo_ws/install/articubot_one/share/articubot_one/environment/path.sh
[4.262s] -- Symlinking: /home/abcs/robo_ws/install/articubot_one/share/articubot_one/environment/path.dsv
[4.303s] -- Symlinking: /home/abcs/robo_ws/install/articubot_one/share/articubot_one/local_setup.bash
[4.350s] -- Symlinking: /home/abcs/robo_ws/install/articubot_one/share/articubot_one/local_setup.sh
[4.409s] -- Symlinking: /home/abcs/robo_ws/install/articubot_one/share/articubot_one/local_setup.zsh
[4.458s] -- Symlinking: /home/abcs/robo_ws/install/articubot_one/share/articubot_one/local_setup.dsv
[4.497s] -- Symlinking: /home/abcs/robo_ws/install/articubot_one/share/articubot_one/package.dsv
[4.550s] -- Symlinking: /home/abcs/robo_ws/install/articubot_one/share/ament_index/resource_index/packages/articubot_one
[4.586s] -- Symlinking: /home/abcs/robo_ws/install/articubot_one/share/articubot_one/cmake/articubot_oneConfig.cmake
[4.627s] -- Symlinking: /home/abcs/robo_ws/install/articubot_one/share/articubot_one/cmake/articubot_oneConfig-version.cmake
[4.668s] -- Symlinking: /home/abcs/robo_ws/install/articubot_one/share/articubot_one/package.xml
[4.723s] Invoked command in '/home/abcs/robo_ws/build/articubot_one' returned '0': CMAKE_PREFIX_PATH=${CMAKE_PREFIX_PATH}:/opt/ros/foxy /usr/bin/cmake --install /home/abcs/robo_ws/build/articubot_one
