[1.000s] DEBUG:colcon:Command line arguments: ['/usr/bin/colcon', 'build']
[1.001s] DEBUG:colcon:Parsed command line arguments: Namespace(allow_overriding=[], ament_cmake_args=None, base_paths=['.'], build_base='build', catkin_cmake_args=None, catkin_skip_building_tests=False, cmake_args=None, cmake_clean_cache=False, cmake_clean_first=False, cmake_force_configure=False, cmake_target=None, cmake_target_skip_unavailable=False, continue_on_error=False, event_handlers=None, executor='parallel', ignore_user_meta=False, install_base='install', log_base=None, log_level=None, main=<bound method BuildVerb.main of <colcon_core.verb.build.BuildVerb object at 0xffffa5a2c220>>, merge_install=False, metas=['./colcon.meta'], mixin=None, mixin_files=None, mixin_verb=('build',), packages_above=None, packages_above_and_dependencies=None, packages_above_depth=None, packages_end=None, packages_ignore=None, packages_ignore_regex=None, packages_select=None, packages_select_build_failed=False, packages_select_by_dep=None, packages_select_regex=None, packages_select_test_failures=False, packages_skip=None, packages_skip_build_finished=False, packages_skip_by_dep=None, packages_skip_regex=None, packages_skip_test_passed=False, packages_skip_up_to=None, packages_start=None, packages_up_to=None, packages_up_to_regex=None, parallel_workers=4, paths=None, symlink_install=False, test_result_base=None, verb_extension=<colcon_core.verb.build.BuildVerb object at 0xffffa5a2c220>, verb_name='build', verb_parser=<colcon_mixin.mixin.mixin_argument.MixinArgumentDecorator object at 0xffffa596b7f0>)
[1.704s] Level 1:colcon.colcon_core.package_discovery:discover_packages(colcon_meta) check parameters
[1.704s] Level 1:colcon.colcon_core.package_discovery:discover_packages(recursive) check parameters
[1.705s] Level 1:colcon.colcon_core.package_discovery:discover_packages(ignore) check parameters
[1.705s] Level 1:colcon.colcon_core.package_discovery:discover_packages(path) check parameters
[1.705s] Level 1:colcon.colcon_core.package_discovery:discover_packages(colcon_meta) discover
[1.705s] Level 1:colcon.colcon_core.package_discovery:discover_packages(recursive) discover
[1.705s] INFO:colcon.colcon_core.package_discovery:Crawling recursively for packages in '/home/abcs/robo_ws'
[1.706s] Level 1:colcon.colcon_core.package_identification:_identify(.) by extensions ['ignore', 'ignore_ament_install']
[1.706s] Level 1:colcon.colcon_core.package_identification:_identify(.) by extension 'ignore'
[1.707s] Level 1:colcon.colcon_core.package_identification:_identify(.) by extension 'ignore_ament_install'
[1.707s] Level 1:colcon.colcon_core.package_identification:_identify(.) by extensions ['colcon_pkg']
[1.707s] Level 1:colcon.colcon_core.package_identification:_identify(.) by extension 'colcon_pkg'
[1.707s] Level 1:colcon.colcon_core.package_identification:_identify(.) by extensions ['colcon_meta']
[1.708s] Level 1:colcon.colcon_core.package_identification:_identify(.) by extension 'colcon_meta'
[1.708s] Level 1:colcon.colcon_core.package_identification:_identify(.) by extensions ['ros']
[1.708s] Level 1:colcon.colcon_core.package_identification:_identify(.) by extension 'ros'
[1.773s] Level 1:colcon.colcon_core.package_identification:_identify(.) by extensions ['cmake', 'python']
[1.774s] Level 1:colcon.colcon_core.package_identification:_identify(.) by extension 'cmake'
[1.774s] Level 1:colcon.colcon_core.package_identification:_identify(.) by extension 'python'
[1.774s] Level 1:colcon.colcon_core.package_identification:_identify(.) by extensions ['python_setup_py']
[1.774s] Level 1:colcon.colcon_core.package_identification:_identify(.) by extension 'python_setup_py'
[1.775s] Level 1:colcon.colcon_core.package_identification:_identify(build) by extensions ['ignore', 'ignore_ament_install']
[1.775s] Level 1:colcon.colcon_core.package_identification:_identify(build) by extension 'ignore'
[1.776s] Level 1:colcon.colcon_core.package_identification:_identify(build) ignored
[1.776s] Level 1:colcon.colcon_core.package_identification:_identify(install) by extensions ['ignore', 'ignore_ament_install']
[1.777s] Level 1:colcon.colcon_core.package_identification:_identify(install) by extension 'ignore'
[1.777s] Level 1:colcon.colcon_core.package_identification:_identify(install) ignored
[1.777s] Level 1:colcon.colcon_core.package_identification:_identify(log) by extensions ['ignore', 'ignore_ament_install']
[1.778s] Level 1:colcon.colcon_core.package_identification:_identify(log) by extension 'ignore'
[1.778s] Level 1:colcon.colcon_core.package_identification:_identify(log) ignored
[1.778s] Level 1:colcon.colcon_core.package_identification:_identify(src) by extensions ['ignore', 'ignore_ament_install']
[1.779s] Level 1:colcon.colcon_core.package_identification:_identify(src) by extension 'ignore'
[1.779s] Level 1:colcon.colcon_core.package_identification:_identify(src) by extension 'ignore_ament_install'
[1.779s] Level 1:colcon.colcon_core.package_identification:_identify(src) by extensions ['colcon_pkg']
[1.779s] Level 1:colcon.colcon_core.package_identification:_identify(src) by extension 'colcon_pkg'
[1.780s] Level 1:colcon.colcon_core.package_identification:_identify(src) by extensions ['colcon_meta']
[1.780s] Level 1:colcon.colcon_core.package_identification:_identify(src) by extension 'colcon_meta'
[1.780s] Level 1:colcon.colcon_core.package_identification:_identify(src) by extensions ['ros']
[1.780s] Level 1:colcon.colcon_core.package_identification:_identify(src) by extension 'ros'
[1.780s] Level 1:colcon.colcon_core.package_identification:_identify(src) by extensions ['cmake', 'python']
[1.781s] Level 1:colcon.colcon_core.package_identification:_identify(src) by extension 'cmake'
[1.781s] Level 1:colcon.colcon_core.package_identification:_identify(src) by extension 'python'
[1.781s] Level 1:colcon.colcon_core.package_identification:_identify(src) by extensions ['python_setup_py']
[1.781s] Level 1:colcon.colcon_core.package_identification:_identify(src) by extension 'python_setup_py'
[1.782s] Level 1:colcon.colcon_core.package_identification:_identify(src/articubot_one) by extensions ['ignore', 'ignore_ament_install']
[1.783s] Level 1:colcon.colcon_core.package_identification:_identify(src/articubot_one) by extension 'ignore'
[1.783s] Level 1:colcon.colcon_core.package_identification:_identify(src/articubot_one) by extension 'ignore_ament_install'
[1.783s] Level 1:colcon.colcon_core.package_identification:_identify(src/articubot_one) by extensions ['colcon_pkg']
[1.783s] Level 1:colcon.colcon_core.package_identification:_identify(src/articubot_one) by extension 'colcon_pkg'
[1.784s] Level 1:colcon.colcon_core.package_identification:_identify(src/articubot_one) by extensions ['colcon_meta']
[1.784s] Level 1:colcon.colcon_core.package_identification:_identify(src/articubot_one) by extension 'colcon_meta'
[1.784s] Level 1:colcon.colcon_core.package_identification:_identify(src/articubot_one) by extensions ['ros']
[1.784s] Level 1:colcon.colcon_core.package_identification:_identify(src/articubot_one) by extension 'ros'
[1.794s] DEBUG:colcon.colcon_core.package_identification:Package 'src/articubot_one' with type 'ros.ament_cmake' and name 'articubot_one'
[1.795s] Level 1:colcon.colcon_core.package_identification:_identify(src/diffdrive_arduino) by extensions ['ignore', 'ignore_ament_install']
[1.795s] Level 1:colcon.colcon_core.package_identification:_identify(src/diffdrive_arduino) by extension 'ignore'
[1.795s] Level 1:colcon.colcon_core.package_identification:_identify(src/diffdrive_arduino) by extension 'ignore_ament_install'
[1.796s] Level 1:colcon.colcon_core.package_identification:_identify(src/diffdrive_arduino) by extensions ['colcon_pkg']
[1.796s] Level 1:colcon.colcon_core.package_identification:_identify(src/diffdrive_arduino) by extension 'colcon_pkg'
[1.796s] Level 1:colcon.colcon_core.package_identification:_identify(src/diffdrive_arduino) by extensions ['colcon_meta']
[1.796s] Level 1:colcon.colcon_core.package_identification:_identify(src/diffdrive_arduino) by extension 'colcon_meta'
[1.796s] Level 1:colcon.colcon_core.package_identification:_identify(src/diffdrive_arduino) by extensions ['ros']
[1.796s] Level 1:colcon.colcon_core.package_identification:_identify(src/diffdrive_arduino) by extension 'ros'
[1.800s] DEBUG:colcon.colcon_core.package_identification:Package 'src/diffdrive_arduino' with type 'ros.ament_cmake' and name 'diffdrive_arduino'
[1.801s] Level 1:colcon.colcon_core.package_identification:_identify(src/lidar_box_filter) by extensions ['ignore', 'ignore_ament_install']
[1.801s] Level 1:colcon.colcon_core.package_identification:_identify(src/lidar_box_filter) by extension 'ignore'
[1.801s] Level 1:colcon.colcon_core.package_identification:_identify(src/lidar_box_filter) by extension 'ignore_ament_install'
[1.802s] Level 1:colcon.colcon_core.package_identification:_identify(src/lidar_box_filter) by extensions ['colcon_pkg']
[1.802s] Level 1:colcon.colcon_core.package_identification:_identify(src/lidar_box_filter) by extension 'colcon_pkg'
[1.802s] Level 1:colcon.colcon_core.package_identification:_identify(src/lidar_box_filter) by extensions ['colcon_meta']
[1.802s] Level 1:colcon.colcon_core.package_identification:_identify(src/lidar_box_filter) by extension 'colcon_meta'
[1.802s] Level 1:colcon.colcon_core.package_identification:_identify(src/lidar_box_filter) by extensions ['ros']
[1.802s] Level 1:colcon.colcon_core.package_identification:_identify(src/lidar_box_filter) by extension 'ros'
[1.805s] DEBUG:colcon.colcon_core.package_identification:Package 'src/lidar_box_filter' with type 'ros.ament_python' and name 'lidar_box_filter'
[1.806s] Level 1:colcon.colcon_core.package_identification:_identify(src/serial) by extensions ['ignore', 'ignore_ament_install']
[1.806s] Level 1:colcon.colcon_core.package_identification:_identify(src/serial) by extension 'ignore'
[1.807s] Level 1:colcon.colcon_core.package_identification:_identify(src/serial) by extension 'ignore_ament_install'
[1.807s] Level 1:colcon.colcon_core.package_identification:_identify(src/serial) by extensions ['colcon_pkg']
[1.807s] Level 1:colcon.colcon_core.package_identification:_identify(src/serial) by extension 'colcon_pkg'
[1.807s] Level 1:colcon.colcon_core.package_identification:_identify(src/serial) by extensions ['colcon_meta']
[1.808s] Level 1:colcon.colcon_core.package_identification:_identify(src/serial) by extension 'colcon_meta'
[1.808s] Level 1:colcon.colcon_core.package_identification:_identify(src/serial) by extensions ['ros']
[1.808s] Level 1:colcon.colcon_core.package_identification:_identify(src/serial) by extension 'ros'
[1.811s] DEBUG:colcon.colcon_core.package_identification:Package 'src/serial' with type 'ros.ament_cmake' and name 'serial'
[1.811s] Level 1:colcon.colcon_core.package_discovery:discover_packages(recursive) using defaults
[1.811s] Level 1:colcon.colcon_core.package_discovery:discover_packages(ignore) discover
[1.811s] Level 1:colcon.colcon_core.package_discovery:discover_packages(ignore) using defaults
[1.812s] Level 1:colcon.colcon_core.package_discovery:discover_packages(path) discover
[1.812s] Level 1:colcon.colcon_core.package_discovery:discover_packages(path) using defaults
[1.894s] Level 1:colcon.colcon_core.package_discovery:discover_packages(prefix_path) check parameters
[1.894s] Level 1:colcon.colcon_core.package_discovery:discover_packages(prefix_path) discover
[1.915s] DEBUG:colcon.colcon_installed_package_information.package_discovery:Found 4 installed packages in /home/abcs/robo_ws/install
[1.925s] DEBUG:colcon.colcon_installed_package_information.package_discovery:Found 321 installed packages in /opt/ros/foxy
[1.970s] Level 1:colcon.colcon_core.package_discovery:discover_packages(prefix_path) using defaults
[2.404s] Level 5:colcon.colcon_core.verb:set package 'articubot_one' build argument 'cmake_args' from command line to 'None'
[2.404s] Level 5:colcon.colcon_core.verb:set package 'articubot_one' build argument 'cmake_target' from command line to 'None'
[2.404s] Level 5:colcon.colcon_core.verb:set package 'articubot_one' build argument 'cmake_target_skip_unavailable' from command line to 'False'
[2.404s] Level 5:colcon.colcon_core.verb:set package 'articubot_one' build argument 'cmake_clean_cache' from command line to 'False'
[2.405s] Level 5:colcon.colcon_core.verb:set package 'articubot_one' build argument 'cmake_clean_first' from command line to 'False'
[2.405s] Level 5:colcon.colcon_core.verb:set package 'articubot_one' build argument 'cmake_force_configure' from command line to 'False'
[2.405s] Level 5:colcon.colcon_core.verb:set package 'articubot_one' build argument 'ament_cmake_args' from command line to 'None'
[2.405s] Level 5:colcon.colcon_core.verb:set package 'articubot_one' build argument 'catkin_cmake_args' from command line to 'None'
[2.405s] Level 5:colcon.colcon_core.verb:set package 'articubot_one' build argument 'catkin_skip_building_tests' from command line to 'False'
[2.405s] DEBUG:colcon.colcon_core.verb:Building package 'articubot_one' with the following arguments: {'ament_cmake_args': None, 'build_base': '/home/abcs/robo_ws/build/articubot_one', 'catkin_cmake_args': None, 'catkin_skip_building_tests': False, 'cmake_args': None, 'cmake_clean_cache': False, 'cmake_clean_first': False, 'cmake_force_configure': False, 'cmake_target': None, 'cmake_target_skip_unavailable': False, 'install_base': '/home/abcs/robo_ws/install/articubot_one', 'merge_install': False, 'path': '/home/abcs/robo_ws/src/articubot_one', 'symlink_install': False, 'test_result_base': None}
[2.407s] Level 5:colcon.colcon_core.verb:set package 'lidar_box_filter' build argument 'cmake_args' from command line to 'None'
[2.407s] Level 5:colcon.colcon_core.verb:set package 'lidar_box_filter' build argument 'cmake_target' from command line to 'None'
[2.407s] Level 5:colcon.colcon_core.verb:set package 'lidar_box_filter' build argument 'cmake_target_skip_unavailable' from command line to 'False'
[2.407s] Level 5:colcon.colcon_core.verb:set package 'lidar_box_filter' build argument 'cmake_clean_cache' from command line to 'False'
[2.407s] Level 5:colcon.colcon_core.verb:set package 'lidar_box_filter' build argument 'cmake_clean_first' from command line to 'False'
[2.407s] Level 5:colcon.colcon_core.verb:set package 'lidar_box_filter' build argument 'cmake_force_configure' from command line to 'False'
[2.407s] Level 5:colcon.colcon_core.verb:set package 'lidar_box_filter' build argument 'ament_cmake_args' from command line to 'None'
[2.407s] Level 5:colcon.colcon_core.verb:set package 'lidar_box_filter' build argument 'catkin_cmake_args' from command line to 'None'
[2.408s] Level 5:colcon.colcon_core.verb:set package 'lidar_box_filter' build argument 'catkin_skip_building_tests' from command line to 'False'
[2.408s] DEBUG:colcon.colcon_core.verb:Building package 'lidar_box_filter' with the following arguments: {'ament_cmake_args': None, 'build_base': '/home/abcs/robo_ws/build/lidar_box_filter', 'catkin_cmake_args': None, 'catkin_skip_building_tests': False, 'cmake_args': None, 'cmake_clean_cache': False, 'cmake_clean_first': False, 'cmake_force_configure': False, 'cmake_target': None, 'cmake_target_skip_unavailable': False, 'install_base': '/home/abcs/robo_ws/install/lidar_box_filter', 'merge_install': False, 'path': '/home/abcs/robo_ws/src/lidar_box_filter', 'symlink_install': False, 'test_result_base': None}
[2.409s] Level 5:colcon.colcon_core.verb:set package 'serial' build argument 'cmake_args' from command line to 'None'
[2.409s] Level 5:colcon.colcon_core.verb:set package 'serial' build argument 'cmake_target' from command line to 'None'
[2.410s] Level 5:colcon.colcon_core.verb:set package 'serial' build argument 'cmake_target_skip_unavailable' from command line to 'False'
[2.410s] Level 5:colcon.colcon_core.verb:set package 'serial' build argument 'cmake_clean_cache' from command line to 'False'
[2.410s] Level 5:colcon.colcon_core.verb:set package 'serial' build argument 'cmake_clean_first' from command line to 'False'
[2.410s] Level 5:colcon.colcon_core.verb:set package 'serial' build argument 'cmake_force_configure' from command line to 'False'
[2.410s] Level 5:colcon.colcon_core.verb:set package 'serial' build argument 'ament_cmake_args' from command line to 'None'
[2.410s] Level 5:colcon.colcon_core.verb:set package 'serial' build argument 'catkin_cmake_args' from command line to 'None'
[2.410s] Level 5:colcon.colcon_core.verb:set package 'serial' build argument 'catkin_skip_building_tests' from command line to 'False'
[2.410s] DEBUG:colcon.colcon_core.verb:Building package 'serial' with the following arguments: {'ament_cmake_args': None, 'build_base': '/home/abcs/robo_ws/build/serial', 'catkin_cmake_args': None, 'catkin_skip_building_tests': False, 'cmake_args': None, 'cmake_clean_cache': False, 'cmake_clean_first': False, 'cmake_force_configure': False, 'cmake_target': None, 'cmake_target_skip_unavailable': False, 'install_base': '/home/abcs/robo_ws/install/serial', 'merge_install': False, 'path': '/home/abcs/robo_ws/src/serial', 'symlink_install': False, 'test_result_base': None}
[2.412s] Level 5:colcon.colcon_core.verb:set package 'diffdrive_arduino' build argument 'cmake_args' from command line to 'None'
[2.412s] Level 5:colcon.colcon_core.verb:set package 'diffdrive_arduino' build argument 'cmake_target' from command line to 'None'
[2.412s] Level 5:colcon.colcon_core.verb:set package 'diffdrive_arduino' build argument 'cmake_target_skip_unavailable' from command line to 'False'
[2.412s] Level 5:colcon.colcon_core.verb:set package 'diffdrive_arduino' build argument 'cmake_clean_cache' from command line to 'False'
[2.412s] Level 5:colcon.colcon_core.verb:set package 'diffdrive_arduino' build argument 'cmake_clean_first' from command line to 'False'
[2.412s] Level 5:colcon.colcon_core.verb:set package 'diffdrive_arduino' build argument 'cmake_force_configure' from command line to 'False'
[2.412s] Level 5:colcon.colcon_core.verb:set package 'diffdrive_arduino' build argument 'ament_cmake_args' from command line to 'None'
[2.413s] Level 5:colcon.colcon_core.verb:set package 'diffdrive_arduino' build argument 'catkin_cmake_args' from command line to 'None'
[2.413s] Level 5:colcon.colcon_core.verb:set package 'diffdrive_arduino' build argument 'catkin_skip_building_tests' from command line to 'False'
[2.413s] DEBUG:colcon.colcon_core.verb:Building package 'diffdrive_arduino' with the following arguments: {'ament_cmake_args': None, 'build_base': '/home/abcs/robo_ws/build/diffdrive_arduino', 'catkin_cmake_args': None, 'catkin_skip_building_tests': False, 'cmake_args': None, 'cmake_clean_cache': False, 'cmake_clean_first': False, 'cmake_force_configure': False, 'cmake_target': None, 'cmake_target_skip_unavailable': False, 'install_base': '/home/abcs/robo_ws/install/diffdrive_arduino', 'merge_install': False, 'path': '/home/abcs/robo_ws/src/diffdrive_arduino', 'symlink_install': False, 'test_result_base': None}
[2.413s] INFO:colcon.colcon_core.executor:Executing jobs using 'parallel' executor
[2.417s] DEBUG:colcon.colcon_parallel_executor.executor.parallel:run_until_complete
[2.418s] INFO:colcon.colcon_ros.task.ament_cmake.build:Building ROS package in '/home/abcs/robo_ws/src/serial' with build type 'ament_cmake'
[2.419s] INFO:colcon.colcon_cmake.task.cmake.build:Building CMake package in '/home/abcs/robo_ws/src/serial'
[2.439s] INFO:colcon.colcon_core.plugin_system:Skipping extension 'colcon_core.shell.bat': Not used on non-Windows systems
[2.440s] INFO:colcon.colcon_core.shell:Skip shell extension 'powershell' for command environment: Not usable outside of PowerShell
[2.440s] DEBUG:colcon.colcon_core.shell:Skip shell extension 'dsv' for command environment
[2.468s] INFO:colcon.colcon_ros.task.ament_cmake.build:Building ROS package in '/home/abcs/robo_ws/src/articubot_one' with build type 'ament_cmake'
[2.469s] INFO:colcon.colcon_cmake.task.cmake.build:Building CMake package in '/home/abcs/robo_ws/src/articubot_one'
[2.471s] INFO:colcon.colcon_core.shell:Skip shell extension 'powershell' for command environment: Not usable outside of PowerShell
[2.472s] DEBUG:colcon.colcon_core.shell:Skip shell extension 'dsv' for command environment
[2.497s] INFO:colcon.colcon_ros.task.ament_python.build:Building ROS package in '/home/abcs/robo_ws/src/lidar_box_filter' with build type 'ament_python'
[2.498s] Level 1:colcon.colcon_core.shell:create_environment_hook('lidar_box_filter', 'ament_prefix_path')
[2.500s] INFO:colcon.colcon_core.shell:Creating environment hook '/home/abcs/robo_ws/install/lidar_box_filter/share/lidar_box_filter/hook/ament_prefix_path.ps1'
[2.505s] INFO:colcon.colcon_core.shell:Creating environment descriptor '/home/abcs/robo_ws/install/lidar_box_filter/share/lidar_box_filter/hook/ament_prefix_path.dsv'
[2.508s] INFO:colcon.colcon_core.shell:Creating environment hook '/home/abcs/robo_ws/install/lidar_box_filter/share/lidar_box_filter/hook/ament_prefix_path.sh'
[2.513s] INFO:colcon.colcon_core.shell:Skip shell extension 'powershell' for command environment: Not usable outside of PowerShell
[2.513s] DEBUG:colcon.colcon_core.shell:Skip shell extension 'dsv' for command environment
[2.555s] DEBUG:colcon.colcon_core.event_handler.log_command:Invoking command in '/home/abcs/robo_ws/build/serial': CMAKE_PREFIX_PATH=${CMAKE_PREFIX_PATH}:/home/abcs/robo_ws/install/lidar_box_filter:/opt/ros/foxy /usr/bin/cmake --build /home/abcs/robo_ws/build/serial -- -j4 -l4
[2.596s] DEBUG:colcon.colcon_core.event_handler.log_command:Invoking command in '/home/abcs/robo_ws/build/articubot_one': CMAKE_PREFIX_PATH=${CMAKE_PREFIX_PATH}:/home/abcs/robo_ws/install/lidar_box_filter:/opt/ros/foxy /usr/bin/cmake --build /home/abcs/robo_ws/build/articubot_one -- -j4 -l4
[3.670s] WARNING:colcon.colcon_ros.task.ament_python.build:Package 'lidar_box_filter' doesn't explicitly install a marker in the package index (colcon-ros currently does it implicitly but that fallback will be removed in the future)
[3.671s] WARNING:colcon.colcon_ros.task.ament_python.build:Package 'lidar_box_filter' doesn't explicitly install the 'package.xml' file (colcon-ros currently does it implicitly but that fallback will be removed in the future)
[3.672s] INFO:colcon.colcon_core.task.python.build:Building Python package in '/home/abcs/robo_ws/src/lidar_box_filter'
[3.673s] INFO:colcon.colcon_core.shell:Skip shell extension 'powershell' for command environment: Not usable outside of PowerShell
[3.674s] DEBUG:colcon.colcon_core.shell:Skip shell extension 'dsv' for command environment
[3.705s] DEBUG:colcon.colcon_core.event_handler.log_command:Invoked command in '/home/abcs/robo_ws/build/articubot_one' returned '0': CMAKE_PREFIX_PATH=${CMAKE_PREFIX_PATH}:/home/abcs/robo_ws/install/lidar_box_filter:/opt/ros/foxy /usr/bin/cmake --build /home/abcs/robo_ws/build/articubot_one -- -j4 -l4
[3.756s] DEBUG:colcon.colcon_core.event_handler.log_command:Invoking command in '/home/abcs/robo_ws/build/articubot_one': CMAKE_PREFIX_PATH=${CMAKE_PREFIX_PATH}:/home/abcs/robo_ws/install/lidar_box_filter:/opt/ros/foxy /usr/bin/cmake --install /home/abcs/robo_ws/build/articubot_one
[3.762s] DEBUG:colcon.colcon_core.event_handler.log_command:Invoked command in '/home/abcs/robo_ws/build/serial' returned '0': CMAKE_PREFIX_PATH=${CMAKE_PREFIX_PATH}:/home/abcs/robo_ws/install/lidar_box_filter:/opt/ros/foxy /usr/bin/cmake --build /home/abcs/robo_ws/build/serial -- -j4 -l4
[3.775s] DEBUG:colcon.colcon_core.event_handler.log_command:Invoking command in '/home/abcs/robo_ws/build/serial': CMAKE_PREFIX_PATH=${CMAKE_PREFIX_PATH}:/home/abcs/robo_ws/install/lidar_box_filter:/opt/ros/foxy /usr/bin/cmake --install /home/abcs/robo_ws/build/serial
[3.934s] Level 1:colcon.colcon_core.environment:create_environment_scripts_only(serial)
[3.940s] DEBUG:colcon.colcon_core.event_handler.log_command:Invoked command in '/home/abcs/robo_ws/build/serial' returned '0': CMAKE_PREFIX_PATH=${CMAKE_PREFIX_PATH}:/home/abcs/robo_ws/install/lidar_box_filter:/opt/ros/foxy /usr/bin/cmake --install /home/abcs/robo_ws/build/serial
[3.968s] Level 1:colcon.colcon_core.environment:checking '/home/abcs/robo_ws/install/serial' for CMake module files
[3.971s] Level 1:colcon.colcon_core.environment:checking '/home/abcs/robo_ws/install/serial' for CMake config files
[3.973s] Level 1:colcon.colcon_core.shell:create_environment_hook('serial', 'cmake_prefix_path')
[3.974s] INFO:colcon.colcon_core.shell:Creating environment hook '/home/abcs/robo_ws/install/serial/share/serial/hook/cmake_prefix_path.ps1'
[3.977s] INFO:colcon.colcon_core.shell:Creating environment descriptor '/home/abcs/robo_ws/install/serial/share/serial/hook/cmake_prefix_path.dsv'
[3.979s] INFO:colcon.colcon_core.shell:Creating environment hook '/home/abcs/robo_ws/install/serial/share/serial/hook/cmake_prefix_path.sh'
[3.982s] Level 1:colcon.colcon_core.environment:checking '/home/abcs/robo_ws/install/serial/lib'
[3.983s] Level 1:colcon.colcon_core.environment:checking '/home/abcs/robo_ws/install/serial/bin'
[3.984s] Level 1:colcon.colcon_core.environment:checking '/home/abcs/robo_ws/install/serial/lib/pkgconfig/serial.pc'
[3.985s] Level 1:colcon.colcon_core.environment:checking '/home/abcs/robo_ws/install/serial/lib/python3.8/site-packages'
[3.985s] Level 1:colcon.colcon_core.environment:checking '/home/abcs/robo_ws/install/serial/bin'
[3.987s] INFO:colcon.colcon_core.shell:Creating package script '/home/abcs/robo_ws/install/serial/share/serial/package.ps1'
[3.991s] INFO:colcon.colcon_core.shell:Creating package descriptor '/home/abcs/robo_ws/install/serial/share/serial/package.dsv'
[3.996s] INFO:colcon.colcon_core.shell:Creating package script '/home/abcs/robo_ws/install/serial/share/serial/package.sh'
[4.001s] INFO:colcon.colcon_core.shell:Creating package script '/home/abcs/robo_ws/install/serial/share/serial/package.bash'
[4.007s] INFO:colcon.colcon_core.shell:Creating package script '/home/abcs/robo_ws/install/serial/share/serial/package.zsh'
[4.012s] Level 1:colcon.colcon_core.environment:create_file_with_runtime_dependencies(/home/abcs/robo_ws/install/serial/share/colcon-core/packages/serial)
[4.015s] Level 1:colcon.colcon_core.environment:create_environment_scripts_only(serial)
[4.016s] Level 1:colcon.colcon_core.environment:checking '/home/abcs/robo_ws/install/serial' for CMake module files
[4.019s] Level 1:colcon.colcon_core.environment:checking '/home/abcs/robo_ws/install/serial' for CMake config files
[4.021s] Level 1:colcon.colcon_core.shell:create_environment_hook('serial', 'cmake_prefix_path')
[4.022s] INFO:colcon.colcon_core.shell:Creating environment hook '/home/abcs/robo_ws/install/serial/share/serial/hook/cmake_prefix_path.ps1'
[4.024s] INFO:colcon.colcon_core.shell:Creating environment descriptor '/home/abcs/robo_ws/install/serial/share/serial/hook/cmake_prefix_path.dsv'
[4.026s] INFO:colcon.colcon_core.shell:Creating environment hook '/home/abcs/robo_ws/install/serial/share/serial/hook/cmake_prefix_path.sh'
[4.029s] Level 1:colcon.colcon_core.environment:checking '/home/abcs/robo_ws/install/serial/lib'
[4.030s] Level 1:colcon.colcon_core.environment:checking '/home/abcs/robo_ws/install/serial/bin'
[4.030s] Level 1:colcon.colcon_core.environment:checking '/home/abcs/robo_ws/install/serial/lib/pkgconfig/serial.pc'
[4.031s] Level 1:colcon.colcon_core.environment:checking '/home/abcs/robo_ws/install/serial/lib/python3.8/site-packages'
[4.040s] Level 1:colcon.colcon_core.environment:checking '/home/abcs/robo_ws/install/serial/bin'
[4.042s] INFO:colcon.colcon_core.shell:Creating package script '/home/abcs/robo_ws/install/serial/share/serial/package.ps1'
[4.045s] INFO:colcon.colcon_core.shell:Creating package descriptor '/home/abcs/robo_ws/install/serial/share/serial/package.dsv'
[4.048s] INFO:colcon.colcon_core.shell:Creating package script '/home/abcs/robo_ws/install/serial/share/serial/package.sh'
[4.051s] INFO:colcon.colcon_core.shell:Creating package script '/home/abcs/robo_ws/install/serial/share/serial/package.bash'
[4.053s] INFO:colcon.colcon_core.shell:Creating package script '/home/abcs/robo_ws/install/serial/share/serial/package.zsh'
[4.056s] Level 1:colcon.colcon_core.environment:create_file_with_runtime_dependencies(/home/abcs/robo_ws/install/serial/share/colcon-core/packages/serial)
[4.059s] INFO:colcon.colcon_ros.task.ament_cmake.build:Building ROS package in '/home/abcs/robo_ws/src/diffdrive_arduino' with build type 'ament_cmake'
[4.059s] INFO:colcon.colcon_cmake.task.cmake.build:Building CMake package in '/home/abcs/robo_ws/src/diffdrive_arduino'
[4.061s] INFO:colcon.colcon_core.shell:Skip shell extension 'powershell' for command environment: Not usable outside of PowerShell
[4.061s] DEBUG:colcon.colcon_core.shell:Skip shell extension 'dsv' for command environment
[4.089s] Level 1:colcon.colcon_core.environment:create_environment_scripts_only(articubot_one)
[4.091s] Level 1:colcon.colcon_core.environment:checking '/home/abcs/robo_ws/install/articubot_one' for CMake module files
[4.094s] DEBUG:colcon.colcon_core.event_handler.log_command:Invoked command in '/home/abcs/robo_ws/build/articubot_one' returned '0': CMAKE_PREFIX_PATH=${CMAKE_PREFIX_PATH}:/home/abcs/robo_ws/install/lidar_box_filter:/opt/ros/foxy /usr/bin/cmake --install /home/abcs/robo_ws/build/articubot_one
[4.097s] Level 1:colcon.colcon_core.environment:checking '/home/abcs/robo_ws/install/articubot_one' for CMake config files
[4.100s] Level 1:colcon.colcon_core.shell:create_environment_hook('articubot_one', 'cmake_prefix_path')
[4.101s] INFO:colcon.colcon_core.shell:Creating environment hook '/home/abcs/robo_ws/install/articubot_one/share/articubot_one/hook/cmake_prefix_path.ps1'
[4.105s] INFO:colcon.colcon_core.shell:Creating environment descriptor '/home/abcs/robo_ws/install/articubot_one/share/articubot_one/hook/cmake_prefix_path.dsv'
[4.107s] INFO:colcon.colcon_core.shell:Creating environment hook '/home/abcs/robo_ws/install/articubot_one/share/articubot_one/hook/cmake_prefix_path.sh'
[4.110s] Level 1:colcon.colcon_core.environment:checking '/home/abcs/robo_ws/install/articubot_one/bin'
[4.110s] Level 1:colcon.colcon_core.environment:checking '/home/abcs/robo_ws/install/articubot_one/lib/pkgconfig/articubot_one.pc'
[4.111s] Level 1:colcon.colcon_core.environment:checking '/home/abcs/robo_ws/install/articubot_one/lib/python3.8/site-packages'
[4.112s] Level 1:colcon.colcon_core.environment:checking '/home/abcs/robo_ws/install/articubot_one/bin'
[4.114s] INFO:colcon.colcon_core.shell:Creating package script '/home/abcs/robo_ws/install/articubot_one/share/articubot_one/package.ps1'
[4.116s] INFO:colcon.colcon_core.shell:Creating package descriptor '/home/abcs/robo_ws/install/articubot_one/share/articubot_one/package.dsv'
[4.118s] INFO:colcon.colcon_core.shell:Creating package script '/home/abcs/robo_ws/install/articubot_one/share/articubot_one/package.sh'
[4.120s] INFO:colcon.colcon_core.shell:Creating package script '/home/abcs/robo_ws/install/articubot_one/share/articubot_one/package.bash'
[4.123s] INFO:colcon.colcon_core.shell:Creating package script '/home/abcs/robo_ws/install/articubot_one/share/articubot_one/package.zsh'
[4.125s] Level 1:colcon.colcon_core.environment:create_file_with_runtime_dependencies(/home/abcs/robo_ws/install/articubot_one/share/colcon-core/packages/articubot_one)
[4.128s] Level 1:colcon.colcon_core.environment:create_environment_scripts_only(articubot_one)
[4.129s] Level 1:colcon.colcon_core.environment:checking '/home/abcs/robo_ws/install/articubot_one' for CMake module files
[4.132s] Level 1:colcon.colcon_core.environment:checking '/home/abcs/robo_ws/install/articubot_one' for CMake config files
[4.136s] Level 1:colcon.colcon_core.shell:create_environment_hook('articubot_one', 'cmake_prefix_path')
[4.137s] INFO:colcon.colcon_core.shell:Creating environment hook '/home/abcs/robo_ws/install/articubot_one/share/articubot_one/hook/cmake_prefix_path.ps1'
[4.140s] INFO:colcon.colcon_core.shell:Creating environment descriptor '/home/abcs/robo_ws/install/articubot_one/share/articubot_one/hook/cmake_prefix_path.dsv'
[4.146s] INFO:colcon.colcon_core.shell:Creating environment hook '/home/abcs/robo_ws/install/articubot_one/share/articubot_one/hook/cmake_prefix_path.sh'
[4.149s] Level 1:colcon.colcon_core.environment:checking '/home/abcs/robo_ws/install/articubot_one/bin'
[4.149s] Level 1:colcon.colcon_core.environment:checking '/home/abcs/robo_ws/install/articubot_one/lib/pkgconfig/articubot_one.pc'
[4.150s] Level 1:colcon.colcon_core.environment:checking '/home/abcs/robo_ws/install/articubot_one/lib/python3.8/site-packages'
[4.151s] Level 1:colcon.colcon_core.environment:checking '/home/abcs/robo_ws/install/articubot_one/bin'
[4.153s] INFO:colcon.colcon_core.shell:Creating package script '/home/abcs/robo_ws/install/articubot_one/share/articubot_one/package.ps1'
[4.155s] INFO:colcon.colcon_core.shell:Creating package descriptor '/home/abcs/robo_ws/install/articubot_one/share/articubot_one/package.dsv'
[4.159s] INFO:colcon.colcon_core.shell:Creating package script '/home/abcs/robo_ws/install/articubot_one/share/articubot_one/package.sh'
[4.162s] INFO:colcon.colcon_core.shell:Creating package script '/home/abcs/robo_ws/install/articubot_one/share/articubot_one/package.bash'
[4.165s] INFO:colcon.colcon_core.shell:Creating package script '/home/abcs/robo_ws/install/articubot_one/share/articubot_one/package.zsh'
[4.167s] Level 1:colcon.colcon_core.environment:create_file_with_runtime_dependencies(/home/abcs/robo_ws/install/articubot_one/share/colcon-core/packages/articubot_one)
[4.191s] DEBUG:colcon.colcon_core.event_handler.log_command:Invoking command in '/home/abcs/robo_ws/build/diffdrive_arduino': CMAKE_PREFIX_PATH=/home/abcs/robo_ws/install/serial:/home/abcs/robo_ws/install/diffdrive_arduino:/home/abcs/robo_ws/install/articubot_one:/home/abcs/robo_ws/install/lidar_box_filter:/opt/ros/foxy /usr/bin/cmake --build /home/abcs/robo_ws/build/diffdrive_arduino -- -j4 -l4
[6.064s] DEBUG:colcon.colcon_core.event_handler.log_command:Invoking command in '/home/abcs/robo_ws/src/lidar_box_filter': PYTHONPATH=/home/abcs/robo_ws/build/lidar_box_filter/prefix_override:/usr/lib/python3/dist-packages/colcon_core/task/python/colcon_distutils_commands:/home/abcs/robo_ws/install/lidar_box_filter/lib/python3.8/site-packages:${PYTHONPATH} /usr/bin/python3 -W ignore:setup.py install is deprecated -W ignore:easy_install command is deprecated setup.py egg_info --egg-base ../../build/lidar_box_filter build --build-base /home/abcs/robo_ws/build/lidar_box_filter/build install --record /home/abcs/robo_ws/build/lidar_box_filter/install.log --install-scripts $base/lib/lidar_box_filter --single-version-externally-managed
[7.538s] Level 1:colcon.colcon_core.environment:checking '/home/abcs/robo_ws/install/lidar_box_filter' for CMake module files
[7.540s] DEBUG:colcon.colcon_core.event_handler.log_command:Invoked command in '/home/abcs/robo_ws/src/lidar_box_filter' returned '0': PYTHONPATH=/home/abcs/robo_ws/build/lidar_box_filter/prefix_override:/usr/lib/python3/dist-packages/colcon_core/task/python/colcon_distutils_commands:/home/abcs/robo_ws/install/lidar_box_filter/lib/python3.8/site-packages:${PYTHONPATH} /usr/bin/python3 -W ignore:setup.py install is deprecated -W ignore:easy_install command is deprecated setup.py egg_info --egg-base ../../build/lidar_box_filter build --build-base /home/abcs/robo_ws/build/lidar_box_filter/build install --record /home/abcs/robo_ws/build/lidar_box_filter/install.log --install-scripts $base/lib/lidar_box_filter --single-version-externally-managed
[7.542s] Level 1:colcon.colcon_core.environment:checking '/home/abcs/robo_ws/install/lidar_box_filter' for CMake config files
[7.546s] Level 1:colcon.colcon_core.environment:checking '/home/abcs/robo_ws/install/lidar_box_filter/lib'
[7.547s] Level 1:colcon.colcon_core.environment:checking '/home/abcs/robo_ws/install/lidar_box_filter/bin'
[7.547s] Level 1:colcon.colcon_core.environment:checking '/home/abcs/robo_ws/install/lidar_box_filter/lib/pkgconfig/lidar_box_filter.pc'
[7.548s] Level 1:colcon.colcon_core.environment:checking '/home/abcs/robo_ws/install/lidar_box_filter/lib/python3.8/site-packages'
[7.548s] Level 1:colcon.colcon_core.shell:create_environment_hook('lidar_box_filter', 'pythonpath')
[7.550s] INFO:colcon.colcon_core.shell:Creating environment hook '/home/abcs/robo_ws/install/lidar_box_filter/share/lidar_box_filter/hook/pythonpath.ps1'
[7.552s] INFO:colcon.colcon_core.shell:Creating environment descriptor '/home/abcs/robo_ws/install/lidar_box_filter/share/lidar_box_filter/hook/pythonpath.dsv'
[7.555s] INFO:colcon.colcon_core.shell:Creating environment hook '/home/abcs/robo_ws/install/lidar_box_filter/share/lidar_box_filter/hook/pythonpath.sh'
[7.558s] Level 1:colcon.colcon_core.environment:checking '/home/abcs/robo_ws/install/lidar_box_filter/bin'
[7.559s] Level 1:colcon.colcon_core.environment:create_environment_scripts_only(lidar_box_filter)
[7.561s] INFO:colcon.colcon_core.shell:Creating package script '/home/abcs/robo_ws/install/lidar_box_filter/share/lidar_box_filter/package.ps1'
[7.564s] INFO:colcon.colcon_core.shell:Creating package descriptor '/home/abcs/robo_ws/install/lidar_box_filter/share/lidar_box_filter/package.dsv'
[7.567s] INFO:colcon.colcon_core.shell:Creating package script '/home/abcs/robo_ws/install/lidar_box_filter/share/lidar_box_filter/package.sh'
[7.570s] INFO:colcon.colcon_core.shell:Creating package script '/home/abcs/robo_ws/install/lidar_box_filter/share/lidar_box_filter/package.bash'
[7.572s] INFO:colcon.colcon_core.shell:Creating package script '/home/abcs/robo_ws/install/lidar_box_filter/share/lidar_box_filter/package.zsh'
[7.575s] Level 1:colcon.colcon_core.environment:create_file_with_runtime_dependencies(/home/abcs/robo_ws/install/lidar_box_filter/share/colcon-core/packages/lidar_box_filter)
[16.881s] DEBUG:colcon.colcon_core.event_handler.log_command:Invoked command in '/home/abcs/robo_ws/build/diffdrive_arduino' returned '0': CMAKE_PREFIX_PATH=/home/abcs/robo_ws/install/serial:/home/abcs/robo_ws/install/diffdrive_arduino:/home/abcs/robo_ws/install/articubot_one:/home/abcs/robo_ws/install/lidar_box_filter:/opt/ros/foxy /usr/bin/cmake --build /home/abcs/robo_ws/build/diffdrive_arduino -- -j4 -l4
[16.894s] DEBUG:colcon.colcon_core.event_handler.log_command:Invoking command in '/home/abcs/robo_ws/build/diffdrive_arduino': CMAKE_PREFIX_PATH=/home/abcs/robo_ws/install/serial:/home/abcs/robo_ws/install/diffdrive_arduino:/home/abcs/robo_ws/install/articubot_one:/home/abcs/robo_ws/install/lidar_box_filter:/opt/ros/foxy /usr/bin/cmake --install /home/abcs/robo_ws/build/diffdrive_arduino
[17.006s] Level 1:colcon.colcon_core.environment:create_environment_scripts_only(diffdrive_arduino)
[17.007s] Level 1:colcon.colcon_core.environment:checking '/home/abcs/robo_ws/install/diffdrive_arduino' for CMake module files
[17.009s] DEBUG:colcon.colcon_core.event_handler.log_command:Invoked command in '/home/abcs/robo_ws/build/diffdrive_arduino' returned '0': CMAKE_PREFIX_PATH=/home/abcs/robo_ws/install/serial:/home/abcs/robo_ws/install/diffdrive_arduino:/home/abcs/robo_ws/install/articubot_one:/home/abcs/robo_ws/install/lidar_box_filter:/opt/ros/foxy /usr/bin/cmake --install /home/abcs/robo_ws/build/diffdrive_arduino
[17.011s] Level 1:colcon.colcon_core.environment:checking '/home/abcs/robo_ws/install/diffdrive_arduino' for CMake config files
[17.013s] Level 1:colcon.colcon_core.shell:create_environment_hook('diffdrive_arduino', 'cmake_prefix_path')
[17.014s] INFO:colcon.colcon_core.shell:Creating environment hook '/home/abcs/robo_ws/install/diffdrive_arduino/share/diffdrive_arduino/hook/cmake_prefix_path.ps1'
[17.017s] INFO:colcon.colcon_core.shell:Creating environment descriptor '/home/abcs/robo_ws/install/diffdrive_arduino/share/diffdrive_arduino/hook/cmake_prefix_path.dsv'
[17.019s] INFO:colcon.colcon_core.shell:Creating environment hook '/home/abcs/robo_ws/install/diffdrive_arduino/share/diffdrive_arduino/hook/cmake_prefix_path.sh'
[17.022s] Level 1:colcon.colcon_core.environment:checking '/home/abcs/robo_ws/install/diffdrive_arduino/lib'
[17.022s] Level 1:colcon.colcon_core.shell:create_environment_hook('diffdrive_arduino', 'ld_library_path_lib')
[17.023s] INFO:colcon.colcon_core.shell:Creating environment hook '/home/abcs/robo_ws/install/diffdrive_arduino/share/diffdrive_arduino/hook/ld_library_path_lib.ps1'
[17.025s] INFO:colcon.colcon_core.shell:Creating environment descriptor '/home/abcs/robo_ws/install/diffdrive_arduino/share/diffdrive_arduino/hook/ld_library_path_lib.dsv'
[17.027s] INFO:colcon.colcon_core.shell:Creating environment hook '/home/abcs/robo_ws/install/diffdrive_arduino/share/diffdrive_arduino/hook/ld_library_path_lib.sh'
[17.029s] Level 1:colcon.colcon_core.environment:checking '/home/abcs/robo_ws/install/diffdrive_arduino/bin'
[17.029s] Level 1:colcon.colcon_core.environment:checking '/home/abcs/robo_ws/install/diffdrive_arduino/lib/pkgconfig/diffdrive_arduino.pc'
[17.030s] Level 1:colcon.colcon_core.environment:checking '/home/abcs/robo_ws/install/diffdrive_arduino/lib/python3.8/site-packages'
[17.031s] Level 1:colcon.colcon_core.environment:checking '/home/abcs/robo_ws/install/diffdrive_arduino/bin'
[17.032s] INFO:colcon.colcon_core.shell:Creating package script '/home/abcs/robo_ws/install/diffdrive_arduino/share/diffdrive_arduino/package.ps1'
[17.035s] INFO:colcon.colcon_core.shell:Creating package descriptor '/home/abcs/robo_ws/install/diffdrive_arduino/share/diffdrive_arduino/package.dsv'
[17.038s] INFO:colcon.colcon_core.shell:Creating package script '/home/abcs/robo_ws/install/diffdrive_arduino/share/diffdrive_arduino/package.sh'
[17.040s] INFO:colcon.colcon_core.shell:Creating package script '/home/abcs/robo_ws/install/diffdrive_arduino/share/diffdrive_arduino/package.bash'
[17.042s] INFO:colcon.colcon_core.shell:Creating package script '/home/abcs/robo_ws/install/diffdrive_arduino/share/diffdrive_arduino/package.zsh'
[17.043s] Level 1:colcon.colcon_core.environment:create_file_with_runtime_dependencies(/home/abcs/robo_ws/install/diffdrive_arduino/share/colcon-core/packages/diffdrive_arduino)
[17.046s] Level 1:colcon.colcon_core.environment:create_environment_scripts_only(diffdrive_arduino)
[17.047s] Level 1:colcon.colcon_core.environment:checking '/home/abcs/robo_ws/install/diffdrive_arduino' for CMake module files
[17.050s] Level 1:colcon.colcon_core.environment:checking '/home/abcs/robo_ws/install/diffdrive_arduino' for CMake config files
[17.052s] Level 1:colcon.colcon_core.shell:create_environment_hook('diffdrive_arduino', 'cmake_prefix_path')
[17.053s] INFO:colcon.colcon_core.shell:Creating environment hook '/home/abcs/robo_ws/install/diffdrive_arduino/share/diffdrive_arduino/hook/cmake_prefix_path.ps1'
[17.055s] INFO:colcon.colcon_core.shell:Creating environment descriptor '/home/abcs/robo_ws/install/diffdrive_arduino/share/diffdrive_arduino/hook/cmake_prefix_path.dsv'
[17.056s] INFO:colcon.colcon_core.shell:Creating environment hook '/home/abcs/robo_ws/install/diffdrive_arduino/share/diffdrive_arduino/hook/cmake_prefix_path.sh'
[17.059s] Level 1:colcon.colcon_core.environment:checking '/home/abcs/robo_ws/install/diffdrive_arduino/lib'
[17.059s] Level 1:colcon.colcon_core.shell:create_environment_hook('diffdrive_arduino', 'ld_library_path_lib')
[17.060s] INFO:colcon.colcon_core.shell:Creating environment hook '/home/abcs/robo_ws/install/diffdrive_arduino/share/diffdrive_arduino/hook/ld_library_path_lib.ps1'
[17.062s] INFO:colcon.colcon_core.shell:Creating environment descriptor '/home/abcs/robo_ws/install/diffdrive_arduino/share/diffdrive_arduino/hook/ld_library_path_lib.dsv'
[17.064s] INFO:colcon.colcon_core.shell:Creating environment hook '/home/abcs/robo_ws/install/diffdrive_arduino/share/diffdrive_arduino/hook/ld_library_path_lib.sh'
[17.066s] Level 1:colcon.colcon_core.environment:checking '/home/abcs/robo_ws/install/diffdrive_arduino/bin'
[17.066s] Level 1:colcon.colcon_core.environment:checking '/home/abcs/robo_ws/install/diffdrive_arduino/lib/pkgconfig/diffdrive_arduino.pc'
[17.067s] Level 1:colcon.colcon_core.environment:checking '/home/abcs/robo_ws/install/diffdrive_arduino/lib/python3.8/site-packages'
[17.067s] Level 1:colcon.colcon_core.environment:checking '/home/abcs/robo_ws/install/diffdrive_arduino/bin'
[17.069s] INFO:colcon.colcon_core.shell:Creating package script '/home/abcs/robo_ws/install/diffdrive_arduino/share/diffdrive_arduino/package.ps1'
[17.071s] INFO:colcon.colcon_core.shell:Creating package descriptor '/home/abcs/robo_ws/install/diffdrive_arduino/share/diffdrive_arduino/package.dsv'
[17.073s] INFO:colcon.colcon_core.shell:Creating package script '/home/abcs/robo_ws/install/diffdrive_arduino/share/diffdrive_arduino/package.sh'
[17.076s] INFO:colcon.colcon_core.shell:Creating package script '/home/abcs/robo_ws/install/diffdrive_arduino/share/diffdrive_arduino/package.bash'
[17.078s] INFO:colcon.colcon_core.shell:Creating package script '/home/abcs/robo_ws/install/diffdrive_arduino/share/diffdrive_arduino/package.zsh'
[17.080s] Level 1:colcon.colcon_core.environment:create_file_with_runtime_dependencies(/home/abcs/robo_ws/install/diffdrive_arduino/share/colcon-core/packages/diffdrive_arduino)
[17.081s] DEBUG:colcon.colcon_parallel_executor.executor.parallel:closing loop
[17.082s] DEBUG:colcon.colcon_parallel_executor.executor.parallel:loop closed
[17.083s] DEBUG:colcon.colcon_parallel_executor.executor.parallel:run_until_complete finished with '0'
[17.083s] DEBUG:colcon.colcon_core.event_reactor:joining thread
[17.109s] INFO:colcon.colcon_core.plugin_system:Skipping extension 'colcon_notification.desktop_notification.notify_send': Could not find 'notify-send'
[17.110s] INFO:colcon.colcon_core.plugin_system:Skipping extension 'colcon_notification.desktop_notification.terminal_notifier': Not used on non-Darwin systems
[17.110s] INFO:colcon.colcon_core.plugin_system:Skipping extension 'colcon_notification.desktop_notification.win32': Not used on non-Windows systems
[17.110s] INFO:colcon.colcon_notification.desktop_notification:Sending desktop notification using 'notify2'
[17.114s] DEBUG:colcon.colcon_notification.desktop_notification.notify2:Failed to initialize notify2: org.freedesktop.DBus.Error.ServiceUnknown: The name org.freedesktop.Notifications was not provided by any .service files
[17.114s] DEBUG:colcon.colcon_core.event_reactor:joined thread
[17.115s] INFO:colcon.colcon_core.shell:Creating prefix script '/home/abcs/robo_ws/install/local_setup.ps1'
[17.119s] INFO:colcon.colcon_core.shell:Creating prefix util module '/home/abcs/robo_ws/install/_local_setup_util_ps1.py'
[17.127s] INFO:colcon.colcon_core.shell:Creating prefix chain script '/home/abcs/robo_ws/install/setup.ps1'
[17.134s] INFO:colcon.colcon_core.shell:Creating prefix script '/home/abcs/robo_ws/install/local_setup.sh'
[17.138s] INFO:colcon.colcon_core.shell:Creating prefix util module '/home/abcs/robo_ws/install/_local_setup_util_sh.py'
[17.141s] INFO:colcon.colcon_core.shell:Creating prefix chain script '/home/abcs/robo_ws/install/setup.sh'
[17.154s] INFO:colcon.colcon_core.shell:Creating prefix script '/home/abcs/robo_ws/install/local_setup.bash'
[17.158s] INFO:colcon.colcon_core.shell:Creating prefix chain script '/home/abcs/robo_ws/install/setup.bash'
[17.165s] INFO:colcon.colcon_core.shell:Creating prefix script '/home/abcs/robo_ws/install/local_setup.zsh'
[17.169s] INFO:colcon.colcon_core.shell:Creating prefix chain script '/home/abcs/robo_ws/install/setup.zsh'
