[0.752s] DEBUG:colcon:Command line arguments: ['/usr/bin/colcon', 'build']
[0.752s] DEBUG:colcon:Parsed command line arguments: Namespace(allow_overriding=[], ament_cmake_args=None, base_paths=['.'], build_base='build', catkin_cmake_args=None, catkin_skip_building_tests=False, cmake_args=None, cmake_clean_cache=False, cmake_clean_first=False, cmake_force_configure=False, cmake_target=None, cmake_target_skip_unavailable=False, continue_on_error=False, event_handlers=None, executor='parallel', ignore_user_meta=False, install_base='install', log_base=None, log_level=None, main=<bound method BuildVerb.main of <colcon_core.verb.build.BuildVerb object at 0xffff9ac2a1f0>>, merge_install=False, metas=['./colcon.meta'], mixin=None, mixin_files=None, mixin_verb=('build',), packages_above=None, packages_above_and_dependencies=None, packages_above_depth=None, packages_end=None, packages_ignore=None, packages_ignore_regex=None, packages_select=None, packages_select_build_failed=False, packages_select_by_dep=None, packages_select_regex=None, packages_select_test_failures=False, packages_skip=None, packages_skip_build_finished=False, packages_skip_by_dep=None, packages_skip_regex=None, packages_skip_test_passed=False, packages_skip_up_to=None, packages_start=None, packages_up_to=None, packages_up_to_regex=None, parallel_workers=4, paths=None, symlink_install=False, test_result_base=None, verb_extension=<colcon_core.verb.build.BuildVerb object at 0xffff9ac2a1f0>, verb_name='build', verb_parser=<colcon_mixin.mixin.mixin_argument.MixinArgumentDecorator object at 0xffff9ab817c0>)
[1.378s] Level 1:colcon.colcon_core.package_discovery:discover_packages(colcon_meta) check parameters
[1.378s] Level 1:colcon.colcon_core.package_discovery:discover_packages(recursive) check parameters
[1.379s] Level 1:colcon.colcon_core.package_discovery:discover_packages(ignore) check parameters
[1.379s] Level 1:colcon.colcon_core.package_discovery:discover_packages(path) check parameters
[1.379s] Level 1:colcon.colcon_core.package_discovery:discover_packages(colcon_meta) discover
[1.379s] Level 1:colcon.colcon_core.package_discovery:discover_packages(recursive) discover
[1.379s] INFO:colcon.colcon_core.package_discovery:Crawling recursively for packages in '/home/abcs/robo_ws'
[1.380s] Level 1:colcon.colcon_core.package_identification:_identify(.) by extensions ['ignore', 'ignore_ament_install']
[1.380s] Level 1:colcon.colcon_core.package_identification:_identify(.) by extension 'ignore'
[1.380s] Level 1:colcon.colcon_core.package_identification:_identify(.) by extension 'ignore_ament_install'
[1.380s] Level 1:colcon.colcon_core.package_identification:_identify(.) by extensions ['colcon_pkg']
[1.381s] Level 1:colcon.colcon_core.package_identification:_identify(.) by extension 'colcon_pkg'
[1.381s] Level 1:colcon.colcon_core.package_identification:_identify(.) by extensions ['colcon_meta']
[1.381s] Level 1:colcon.colcon_core.package_identification:_identify(.) by extension 'colcon_meta'
[1.381s] Level 1:colcon.colcon_core.package_identification:_identify(.) by extensions ['ros']
[1.381s] Level 1:colcon.colcon_core.package_identification:_identify(.) by extension 'ros'
[1.424s] Level 1:colcon.colcon_core.package_identification:_identify(.) by extensions ['cmake', 'python']
[1.424s] Level 1:colcon.colcon_core.package_identification:_identify(.) by extension 'cmake'
[1.424s] Level 1:colcon.colcon_core.package_identification:_identify(.) by extension 'python'
[1.424s] Level 1:colcon.colcon_core.package_identification:_identify(.) by extensions ['python_setup_py']
[1.425s] Level 1:colcon.colcon_core.package_identification:_identify(.) by extension 'python_setup_py'
[1.425s] Level 1:colcon.colcon_core.package_identification:_identify(build) by extensions ['ignore', 'ignore_ament_install']
[1.426s] Level 1:colcon.colcon_core.package_identification:_identify(build) by extension 'ignore'
[1.426s] Level 1:colcon.colcon_core.package_identification:_identify(build) ignored
[1.426s] Level 1:colcon.colcon_core.package_identification:_identify(install) by extensions ['ignore', 'ignore_ament_install']
[1.427s] Level 1:colcon.colcon_core.package_identification:_identify(install) by extension 'ignore'
[1.427s] Level 1:colcon.colcon_core.package_identification:_identify(install) ignored
[1.428s] Level 1:colcon.colcon_core.package_identification:_identify(log) by extensions ['ignore', 'ignore_ament_install']
[1.428s] Level 1:colcon.colcon_core.package_identification:_identify(log) by extension 'ignore'
[1.428s] Level 1:colcon.colcon_core.package_identification:_identify(log) ignored
[1.429s] Level 1:colcon.colcon_core.package_identification:_identify(src) by extensions ['ignore', 'ignore_ament_install']
[1.429s] Level 1:colcon.colcon_core.package_identification:_identify(src) by extension 'ignore'
[1.429s] Level 1:colcon.colcon_core.package_identification:_identify(src) by extension 'ignore_ament_install'
[1.430s] Level 1:colcon.colcon_core.package_identification:_identify(src) by extensions ['colcon_pkg']
[1.430s] Level 1:colcon.colcon_core.package_identification:_identify(src) by extension 'colcon_pkg'
[1.430s] Level 1:colcon.colcon_core.package_identification:_identify(src) by extensions ['colcon_meta']
[1.430s] Level 1:colcon.colcon_core.package_identification:_identify(src) by extension 'colcon_meta'
[1.430s] Level 1:colcon.colcon_core.package_identification:_identify(src) by extensions ['ros']
[1.430s] Level 1:colcon.colcon_core.package_identification:_identify(src) by extension 'ros'
[1.431s] Level 1:colcon.colcon_core.package_identification:_identify(src) by extensions ['cmake', 'python']
[1.431s] Level 1:colcon.colcon_core.package_identification:_identify(src) by extension 'cmake'
[1.431s] Level 1:colcon.colcon_core.package_identification:_identify(src) by extension 'python'
[1.431s] Level 1:colcon.colcon_core.package_identification:_identify(src) by extensions ['python_setup_py']
[1.431s] Level 1:colcon.colcon_core.package_identification:_identify(src) by extension 'python_setup_py'
[1.432s] Level 1:colcon.colcon_core.package_identification:_identify(src/articubot_one) by extensions ['ignore', 'ignore_ament_install']
[1.432s] Level 1:colcon.colcon_core.package_identification:_identify(src/articubot_one) by extension 'ignore'
[1.432s] Level 1:colcon.colcon_core.package_identification:_identify(src/articubot_one) by extension 'ignore_ament_install'
[1.433s] Level 1:colcon.colcon_core.package_identification:_identify(src/articubot_one) by extensions ['colcon_pkg']
[1.433s] Level 1:colcon.colcon_core.package_identification:_identify(src/articubot_one) by extension 'colcon_pkg'
[1.433s] Level 1:colcon.colcon_core.package_identification:_identify(src/articubot_one) by extensions ['colcon_meta']
[1.433s] Level 1:colcon.colcon_core.package_identification:_identify(src/articubot_one) by extension 'colcon_meta'
[1.433s] Level 1:colcon.colcon_core.package_identification:_identify(src/articubot_one) by extensions ['ros']
[1.433s] Level 1:colcon.colcon_core.package_identification:_identify(src/articubot_one) by extension 'ros'
[1.442s] DEBUG:colcon.colcon_core.package_identification:Package 'src/articubot_one' with type 'ros.ament_cmake' and name 'articubot_one'
[1.443s] Level 1:colcon.colcon_core.package_identification:_identify(src/diffdrive_arduino) by extensions ['ignore', 'ignore_ament_install']
[1.443s] Level 1:colcon.colcon_core.package_identification:_identify(src/diffdrive_arduino) by extension 'ignore'
[1.443s] Level 1:colcon.colcon_core.package_identification:_identify(src/diffdrive_arduino) by extension 'ignore_ament_install'
[1.443s] Level 1:colcon.colcon_core.package_identification:_identify(src/diffdrive_arduino) by extensions ['colcon_pkg']
[1.444s] Level 1:colcon.colcon_core.package_identification:_identify(src/diffdrive_arduino) by extension 'colcon_pkg'
[1.444s] Level 1:colcon.colcon_core.package_identification:_identify(src/diffdrive_arduino) by extensions ['colcon_meta']
[1.444s] Level 1:colcon.colcon_core.package_identification:_identify(src/diffdrive_arduino) by extension 'colcon_meta'
[1.444s] Level 1:colcon.colcon_core.package_identification:_identify(src/diffdrive_arduino) by extensions ['ros']
[1.444s] Level 1:colcon.colcon_core.package_identification:_identify(src/diffdrive_arduino) by extension 'ros'
[1.448s] DEBUG:colcon.colcon_core.package_identification:Package 'src/diffdrive_arduino' with type 'ros.ament_cmake' and name 'diffdrive_arduino'
[1.448s] Level 1:colcon.colcon_core.package_identification:_identify(src/lidar_box_filter) by extensions ['ignore', 'ignore_ament_install']
[1.449s] Level 1:colcon.colcon_core.package_identification:_identify(src/lidar_box_filter) by extension 'ignore'
[1.449s] Level 1:colcon.colcon_core.package_identification:_identify(src/lidar_box_filter) by extension 'ignore_ament_install'
[1.449s] Level 1:colcon.colcon_core.package_identification:_identify(src/lidar_box_filter) by extensions ['colcon_pkg']
[1.449s] Level 1:colcon.colcon_core.package_identification:_identify(src/lidar_box_filter) by extension 'colcon_pkg'
[1.450s] Level 1:colcon.colcon_core.package_identification:_identify(src/lidar_box_filter) by extensions ['colcon_meta']
[1.450s] Level 1:colcon.colcon_core.package_identification:_identify(src/lidar_box_filter) by extension 'colcon_meta'
[1.450s] Level 1:colcon.colcon_core.package_identification:_identify(src/lidar_box_filter) by extensions ['ros']
[1.450s] Level 1:colcon.colcon_core.package_identification:_identify(src/lidar_box_filter) by extension 'ros'
[1.452s] DEBUG:colcon.colcon_core.package_identification:Package 'src/lidar_box_filter' with type 'ros.ament_python' and name 'lidar_box_filter'
[1.453s] Level 1:colcon.colcon_core.package_identification:_identify(src/serial) by extensions ['ignore', 'ignore_ament_install']
[1.453s] Level 1:colcon.colcon_core.package_identification:_identify(src/serial) by extension 'ignore'
[1.453s] Level 1:colcon.colcon_core.package_identification:_identify(src/serial) by extension 'ignore_ament_install'
[1.453s] Level 1:colcon.colcon_core.package_identification:_identify(src/serial) by extensions ['colcon_pkg']
[1.454s] Level 1:colcon.colcon_core.package_identification:_identify(src/serial) by extension 'colcon_pkg'
[1.454s] Level 1:colcon.colcon_core.package_identification:_identify(src/serial) by extensions ['colcon_meta']
[1.454s] Level 1:colcon.colcon_core.package_identification:_identify(src/serial) by extension 'colcon_meta'
[1.454s] Level 1:colcon.colcon_core.package_identification:_identify(src/serial) by extensions ['ros']
[1.455s] Level 1:colcon.colcon_core.package_identification:_identify(src/serial) by extension 'ros'
[1.457s] DEBUG:colcon.colcon_core.package_identification:Package 'src/serial' with type 'ros.ament_cmake' and name 'serial'
[1.457s] Level 1:colcon.colcon_core.package_discovery:discover_packages(recursive) using defaults
[1.458s] Level 1:colcon.colcon_core.package_discovery:discover_packages(ignore) discover
[1.458s] Level 1:colcon.colcon_core.package_discovery:discover_packages(ignore) using defaults
[1.458s] Level 1:colcon.colcon_core.package_discovery:discover_packages(path) discover
[1.458s] Level 1:colcon.colcon_core.package_discovery:discover_packages(path) using defaults
[1.515s] Level 1:colcon.colcon_core.package_discovery:discover_packages(prefix_path) check parameters
[1.515s] Level 1:colcon.colcon_core.package_discovery:discover_packages(prefix_path) discover
[1.528s] DEBUG:colcon.colcon_installed_package_information.package_discovery:Found 4 installed packages in /home/abcs/robo_ws/install
[1.537s] DEBUG:colcon.colcon_installed_package_information.package_discovery:Found 327 installed packages in /opt/ros/foxy
[1.580s] Level 1:colcon.colcon_core.package_discovery:discover_packages(prefix_path) using defaults
[1.952s] Level 5:colcon.colcon_core.verb:set package 'articubot_one' build argument 'cmake_args' from command line to 'None'
[1.952s] Level 5:colcon.colcon_core.verb:set package 'articubot_one' build argument 'cmake_target' from command line to 'None'
[1.952s] Level 5:colcon.colcon_core.verb:set package 'articubot_one' build argument 'cmake_target_skip_unavailable' from command line to 'False'
[1.952s] Level 5:colcon.colcon_core.verb:set package 'articubot_one' build argument 'cmake_clean_cache' from command line to 'False'
[1.952s] Level 5:colcon.colcon_core.verb:set package 'articubot_one' build argument 'cmake_clean_first' from command line to 'False'
[1.952s] Level 5:colcon.colcon_core.verb:set package 'articubot_one' build argument 'cmake_force_configure' from command line to 'False'
[1.952s] Level 5:colcon.colcon_core.verb:set package 'articubot_one' build argument 'ament_cmake_args' from command line to 'None'
[1.953s] Level 5:colcon.colcon_core.verb:set package 'articubot_one' build argument 'catkin_cmake_args' from command line to 'None'
[1.953s] Level 5:colcon.colcon_core.verb:set package 'articubot_one' build argument 'catkin_skip_building_tests' from command line to 'False'
[1.953s] DEBUG:colcon.colcon_core.verb:Building package 'articubot_one' with the following arguments: {'ament_cmake_args': None, 'build_base': '/home/abcs/robo_ws/build/articubot_one', 'catkin_cmake_args': None, 'catkin_skip_building_tests': False, 'cmake_args': None, 'cmake_clean_cache': False, 'cmake_clean_first': False, 'cmake_force_configure': False, 'cmake_target': None, 'cmake_target_skip_unavailable': False, 'install_base': '/home/abcs/robo_ws/install/articubot_one', 'merge_install': False, 'path': '/home/abcs/robo_ws/src/articubot_one', 'symlink_install': False, 'test_result_base': None}
[1.954s] Level 5:colcon.colcon_core.verb:set package 'lidar_box_filter' build argument 'cmake_args' from command line to 'None'
[1.955s] Level 5:colcon.colcon_core.verb:set package 'lidar_box_filter' build argument 'cmake_target' from command line to 'None'
[1.955s] Level 5:colcon.colcon_core.verb:set package 'lidar_box_filter' build argument 'cmake_target_skip_unavailable' from command line to 'False'
[1.955s] Level 5:colcon.colcon_core.verb:set package 'lidar_box_filter' build argument 'cmake_clean_cache' from command line to 'False'
[1.955s] Level 5:colcon.colcon_core.verb:set package 'lidar_box_filter' build argument 'cmake_clean_first' from command line to 'False'
[1.955s] Level 5:colcon.colcon_core.verb:set package 'lidar_box_filter' build argument 'cmake_force_configure' from command line to 'False'
[1.955s] Level 5:colcon.colcon_core.verb:set package 'lidar_box_filter' build argument 'ament_cmake_args' from command line to 'None'
[1.955s] Level 5:colcon.colcon_core.verb:set package 'lidar_box_filter' build argument 'catkin_cmake_args' from command line to 'None'
[1.955s] Level 5:colcon.colcon_core.verb:set package 'lidar_box_filter' build argument 'catkin_skip_building_tests' from command line to 'False'
[1.956s] DEBUG:colcon.colcon_core.verb:Building package 'lidar_box_filter' with the following arguments: {'ament_cmake_args': None, 'build_base': '/home/abcs/robo_ws/build/lidar_box_filter', 'catkin_cmake_args': None, 'catkin_skip_building_tests': False, 'cmake_args': None, 'cmake_clean_cache': False, 'cmake_clean_first': False, 'cmake_force_configure': False, 'cmake_target': None, 'cmake_target_skip_unavailable': False, 'install_base': '/home/abcs/robo_ws/install/lidar_box_filter', 'merge_install': False, 'path': '/home/abcs/robo_ws/src/lidar_box_filter', 'symlink_install': False, 'test_result_base': None}
[1.957s] Level 5:colcon.colcon_core.verb:set package 'serial' build argument 'cmake_args' from command line to 'None'
[1.957s] Level 5:colcon.colcon_core.verb:set package 'serial' build argument 'cmake_target' from command line to 'None'
[1.957s] Level 5:colcon.colcon_core.verb:set package 'serial' build argument 'cmake_target_skip_unavailable' from command line to 'False'
[1.957s] Level 5:colcon.colcon_core.verb:set package 'serial' build argument 'cmake_clean_cache' from command line to 'False'
[1.958s] Level 5:colcon.colcon_core.verb:set package 'serial' build argument 'cmake_clean_first' from command line to 'False'
[1.958s] Level 5:colcon.colcon_core.verb:set package 'serial' build argument 'cmake_force_configure' from command line to 'False'
[1.958s] Level 5:colcon.colcon_core.verb:set package 'serial' build argument 'ament_cmake_args' from command line to 'None'
[1.958s] Level 5:colcon.colcon_core.verb:set package 'serial' build argument 'catkin_cmake_args' from command line to 'None'
[1.958s] Level 5:colcon.colcon_core.verb:set package 'serial' build argument 'catkin_skip_building_tests' from command line to 'False'
[1.958s] DEBUG:colcon.colcon_core.verb:Building package 'serial' with the following arguments: {'ament_cmake_args': None, 'build_base': '/home/abcs/robo_ws/build/serial', 'catkin_cmake_args': None, 'catkin_skip_building_tests': False, 'cmake_args': None, 'cmake_clean_cache': False, 'cmake_clean_first': False, 'cmake_force_configure': False, 'cmake_target': None, 'cmake_target_skip_unavailable': False, 'install_base': '/home/abcs/robo_ws/install/serial', 'merge_install': False, 'path': '/home/abcs/robo_ws/src/serial', 'symlink_install': False, 'test_result_base': None}
[1.960s] Level 5:colcon.colcon_core.verb:set package 'diffdrive_arduino' build argument 'cmake_args' from command line to 'None'
[1.960s] Level 5:colcon.colcon_core.verb:set package 'diffdrive_arduino' build argument 'cmake_target' from command line to 'None'
[1.960s] Level 5:colcon.colcon_core.verb:set package 'diffdrive_arduino' build argument 'cmake_target_skip_unavailable' from command line to 'False'
[1.960s] Level 5:colcon.colcon_core.verb:set package 'diffdrive_arduino' build argument 'cmake_clean_cache' from command line to 'False'
[1.960s] Level 5:colcon.colcon_core.verb:set package 'diffdrive_arduino' build argument 'cmake_clean_first' from command line to 'False'
[1.960s] Level 5:colcon.colcon_core.verb:set package 'diffdrive_arduino' build argument 'cmake_force_configure' from command line to 'False'
[1.960s] Level 5:colcon.colcon_core.verb:set package 'diffdrive_arduino' build argument 'ament_cmake_args' from command line to 'None'
[1.960s] Level 5:colcon.colcon_core.verb:set package 'diffdrive_arduino' build argument 'catkin_cmake_args' from command line to 'None'
[1.961s] Level 5:colcon.colcon_core.verb:set package 'diffdrive_arduino' build argument 'catkin_skip_building_tests' from command line to 'False'
[1.961s] DEBUG:colcon.colcon_core.verb:Building package 'diffdrive_arduino' with the following arguments: {'ament_cmake_args': None, 'build_base': '/home/abcs/robo_ws/build/diffdrive_arduino', 'catkin_cmake_args': None, 'catkin_skip_building_tests': False, 'cmake_args': None, 'cmake_clean_cache': False, 'cmake_clean_first': False, 'cmake_force_configure': False, 'cmake_target': None, 'cmake_target_skip_unavailable': False, 'install_base': '/home/abcs/robo_ws/install/diffdrive_arduino', 'merge_install': False, 'path': '/home/abcs/robo_ws/src/diffdrive_arduino', 'symlink_install': False, 'test_result_base': None}
[1.961s] INFO:colcon.colcon_core.executor:Executing jobs using 'parallel' executor
[1.965s] DEBUG:colcon.colcon_parallel_executor.executor.parallel:run_until_complete
[1.966s] INFO:colcon.colcon_ros.task.ament_cmake.build:Building ROS package in '/home/abcs/robo_ws/src/serial' with build type 'ament_cmake'
[1.966s] INFO:colcon.colcon_cmake.task.cmake.build:Building CMake package in '/home/abcs/robo_ws/src/serial'
[1.975s] INFO:colcon.colcon_core.plugin_system:Skipping extension 'colcon_core.shell.bat': Not used on non-Windows systems
[1.976s] INFO:colcon.colcon_core.shell:Skip shell extension 'powershell' for command environment: Not usable outside of PowerShell
[1.976s] DEBUG:colcon.colcon_core.shell:Skip shell extension 'dsv' for command environment
[2.000s] INFO:colcon.colcon_ros.task.ament_cmake.build:Building ROS package in '/home/abcs/robo_ws/src/articubot_one' with build type 'ament_cmake'
[2.001s] INFO:colcon.colcon_cmake.task.cmake.build:Building CMake package in '/home/abcs/robo_ws/src/articubot_one'
[2.003s] INFO:colcon.colcon_core.shell:Skip shell extension 'powershell' for command environment: Not usable outside of PowerShell
[2.004s] DEBUG:colcon.colcon_core.shell:Skip shell extension 'dsv' for command environment
[2.029s] INFO:colcon.colcon_ros.task.ament_python.build:Building ROS package in '/home/abcs/robo_ws/src/lidar_box_filter' with build type 'ament_python'
[2.030s] Level 1:colcon.colcon_core.shell:create_environment_hook('lidar_box_filter', 'ament_prefix_path')
[2.032s] INFO:colcon.colcon_core.shell:Creating environment hook '/home/abcs/robo_ws/install/lidar_box_filter/share/lidar_box_filter/hook/ament_prefix_path.ps1'
[2.036s] INFO:colcon.colcon_core.shell:Creating environment descriptor '/home/abcs/robo_ws/install/lidar_box_filter/share/lidar_box_filter/hook/ament_prefix_path.dsv'
[2.038s] INFO:colcon.colcon_core.shell:Creating environment hook '/home/abcs/robo_ws/install/lidar_box_filter/share/lidar_box_filter/hook/ament_prefix_path.sh'
[2.042s] INFO:colcon.colcon_core.shell:Skip shell extension 'powershell' for command environment: Not usable outside of PowerShell
[2.043s] DEBUG:colcon.colcon_core.shell:Skip shell extension 'dsv' for command environment
[2.082s] DEBUG:colcon.colcon_core.event_handler.log_command:Invoking command in '/home/abcs/robo_ws/build/serial': CMAKE_PREFIX_PATH=${CMAKE_PREFIX_PATH}:/home/abcs/robo_ws/install/lidar_box_filter:/opt/ros/foxy /usr/bin/cmake --build /home/abcs/robo_ws/build/serial -- -j4 -l4
[2.112s] DEBUG:colcon.colcon_core.event_handler.log_command:Invoking command in '/home/abcs/robo_ws/build/articubot_one': CMAKE_PREFIX_PATH=${CMAKE_PREFIX_PATH}:/home/abcs/robo_ws/install/lidar_box_filter:/opt/ros/foxy /usr/bin/cmake --build /home/abcs/robo_ws/build/articubot_one -- -j4 -l4
[3.159s] WARNING:colcon.colcon_ros.task.ament_python.build:Package 'lidar_box_filter' doesn't explicitly install a marker in the package index (colcon-ros currently does it implicitly but that fallback will be removed in the future)
[3.161s] WARNING:colcon.colcon_ros.task.ament_python.build:Package 'lidar_box_filter' doesn't explicitly install the 'package.xml' file (colcon-ros currently does it implicitly but that fallback will be removed in the future)
[3.162s] INFO:colcon.colcon_core.task.python.build:Building Python package in '/home/abcs/robo_ws/src/lidar_box_filter'
[3.163s] INFO:colcon.colcon_core.shell:Skip shell extension 'powershell' for command environment: Not usable outside of PowerShell
[3.164s] DEBUG:colcon.colcon_core.shell:Skip shell extension 'dsv' for command environment
[3.195s] DEBUG:colcon.colcon_core.event_handler.log_command:Invoked command in '/home/abcs/robo_ws/build/articubot_one' returned '0': CMAKE_PREFIX_PATH=${CMAKE_PREFIX_PATH}:/home/abcs/robo_ws/install/lidar_box_filter:/opt/ros/foxy /usr/bin/cmake --build /home/abcs/robo_ws/build/articubot_one -- -j4 -l4
[3.248s] DEBUG:colcon.colcon_core.event_handler.log_command:Invoking command in '/home/abcs/robo_ws/build/articubot_one': CMAKE_PREFIX_PATH=${CMAKE_PREFIX_PATH}:/home/abcs/robo_ws/install/lidar_box_filter:/opt/ros/foxy /usr/bin/cmake --install /home/abcs/robo_ws/build/articubot_one
[3.254s] DEBUG:colcon.colcon_core.event_handler.log_command:Invoked command in '/home/abcs/robo_ws/build/serial' returned '0': CMAKE_PREFIX_PATH=${CMAKE_PREFIX_PATH}:/home/abcs/robo_ws/install/lidar_box_filter:/opt/ros/foxy /usr/bin/cmake --build /home/abcs/robo_ws/build/serial -- -j4 -l4
[3.267s] DEBUG:colcon.colcon_core.event_handler.log_command:Invoking command in '/home/abcs/robo_ws/build/serial': CMAKE_PREFIX_PATH=${CMAKE_PREFIX_PATH}:/home/abcs/robo_ws/install/lidar_box_filter:/opt/ros/foxy /usr/bin/cmake --install /home/abcs/robo_ws/build/serial
[3.414s] Level 1:colcon.colcon_core.environment:create_environment_scripts_only(serial)
[3.421s] DEBUG:colcon.colcon_core.event_handler.log_command:Invoked command in '/home/abcs/robo_ws/build/serial' returned '0': CMAKE_PREFIX_PATH=${CMAKE_PREFIX_PATH}:/home/abcs/robo_ws/install/lidar_box_filter:/opt/ros/foxy /usr/bin/cmake --install /home/abcs/robo_ws/build/serial
[3.430s] Level 1:colcon.colcon_core.environment:checking '/home/abcs/robo_ws/install/serial' for CMake module files
[3.433s] Level 1:colcon.colcon_core.environment:checking '/home/abcs/robo_ws/install/serial' for CMake config files
[3.435s] Level 1:colcon.colcon_core.shell:create_environment_hook('serial', 'cmake_prefix_path')
[3.436s] INFO:colcon.colcon_core.shell:Creating environment hook '/home/abcs/robo_ws/install/serial/share/serial/hook/cmake_prefix_path.ps1'
[3.438s] INFO:colcon.colcon_core.shell:Creating environment descriptor '/home/abcs/robo_ws/install/serial/share/serial/hook/cmake_prefix_path.dsv'
[3.440s] INFO:colcon.colcon_core.shell:Creating environment hook '/home/abcs/robo_ws/install/serial/share/serial/hook/cmake_prefix_path.sh'
[3.444s] Level 1:colcon.colcon_core.environment:checking '/home/abcs/robo_ws/install/serial/lib'
[3.445s] Level 1:colcon.colcon_core.environment:checking '/home/abcs/robo_ws/install/serial/bin'
[3.445s] Level 1:colcon.colcon_core.environment:checking '/home/abcs/robo_ws/install/serial/lib/pkgconfig/serial.pc'
[3.446s] Level 1:colcon.colcon_core.environment:checking '/home/abcs/robo_ws/install/serial/lib/python3.8/site-packages'
[3.447s] Level 1:colcon.colcon_core.environment:checking '/home/abcs/robo_ws/install/serial/bin'
[3.449s] INFO:colcon.colcon_core.shell:Creating package script '/home/abcs/robo_ws/install/serial/share/serial/package.ps1'
[3.452s] INFO:colcon.colcon_core.shell:Creating package descriptor '/home/abcs/robo_ws/install/serial/share/serial/package.dsv'
[3.455s] INFO:colcon.colcon_core.shell:Creating package script '/home/abcs/robo_ws/install/serial/share/serial/package.sh'
[3.459s] INFO:colcon.colcon_core.shell:Creating package script '/home/abcs/robo_ws/install/serial/share/serial/package.bash'
[3.463s] INFO:colcon.colcon_core.shell:Creating package script '/home/abcs/robo_ws/install/serial/share/serial/package.zsh'
[3.466s] Level 1:colcon.colcon_core.environment:create_file_with_runtime_dependencies(/home/abcs/robo_ws/install/serial/share/colcon-core/packages/serial)
[3.470s] Level 1:colcon.colcon_core.environment:create_environment_scripts_only(serial)
[3.471s] Level 1:colcon.colcon_core.environment:checking '/home/abcs/robo_ws/install/serial' for CMake module files
[3.474s] Level 1:colcon.colcon_core.environment:checking '/home/abcs/robo_ws/install/serial' for CMake config files
[3.476s] Level 1:colcon.colcon_core.shell:create_environment_hook('serial', 'cmake_prefix_path')
[3.477s] INFO:colcon.colcon_core.shell:Creating environment hook '/home/abcs/robo_ws/install/serial/share/serial/hook/cmake_prefix_path.ps1'
[3.479s] INFO:colcon.colcon_core.shell:Creating environment descriptor '/home/abcs/robo_ws/install/serial/share/serial/hook/cmake_prefix_path.dsv'
[3.482s] INFO:colcon.colcon_core.shell:Creating environment hook '/home/abcs/robo_ws/install/serial/share/serial/hook/cmake_prefix_path.sh'
[3.485s] Level 1:colcon.colcon_core.environment:checking '/home/abcs/robo_ws/install/serial/lib'
[3.485s] Level 1:colcon.colcon_core.environment:checking '/home/abcs/robo_ws/install/serial/bin'
[3.486s] Level 1:colcon.colcon_core.environment:checking '/home/abcs/robo_ws/install/serial/lib/pkgconfig/serial.pc'
[3.487s] Level 1:colcon.colcon_core.environment:checking '/home/abcs/robo_ws/install/serial/lib/python3.8/site-packages'
[3.487s] Level 1:colcon.colcon_core.environment:checking '/home/abcs/robo_ws/install/serial/bin'
[3.489s] INFO:colcon.colcon_core.shell:Creating package script '/home/abcs/robo_ws/install/serial/share/serial/package.ps1'
[3.491s] INFO:colcon.colcon_core.shell:Creating package descriptor '/home/abcs/robo_ws/install/serial/share/serial/package.dsv'
[3.494s] INFO:colcon.colcon_core.shell:Creating package script '/home/abcs/robo_ws/install/serial/share/serial/package.sh'
[3.496s] INFO:colcon.colcon_core.shell:Creating package script '/home/abcs/robo_ws/install/serial/share/serial/package.bash'
[3.499s] INFO:colcon.colcon_core.shell:Creating package script '/home/abcs/robo_ws/install/serial/share/serial/package.zsh'
[3.501s] Level 1:colcon.colcon_core.environment:create_file_with_runtime_dependencies(/home/abcs/robo_ws/install/serial/share/colcon-core/packages/serial)
[3.506s] INFO:colcon.colcon_ros.task.ament_cmake.build:Building ROS package in '/home/abcs/robo_ws/src/diffdrive_arduino' with build type 'ament_cmake'
[3.507s] INFO:colcon.colcon_cmake.task.cmake.build:Building CMake package in '/home/abcs/robo_ws/src/diffdrive_arduino'
[3.508s] INFO:colcon.colcon_core.shell:Skip shell extension 'powershell' for command environment: Not usable outside of PowerShell
[3.509s] DEBUG:colcon.colcon_core.shell:Skip shell extension 'dsv' for command environment
[3.537s] Level 1:colcon.colcon_core.environment:create_environment_scripts_only(articubot_one)
[3.540s] Level 1:colcon.colcon_core.environment:checking '/home/abcs/robo_ws/install/articubot_one' for CMake module files
[3.541s] DEBUG:colcon.colcon_core.event_handler.log_command:Invoked command in '/home/abcs/robo_ws/build/articubot_one' returned '0': CMAKE_PREFIX_PATH=${CMAKE_PREFIX_PATH}:/home/abcs/robo_ws/install/lidar_box_filter:/opt/ros/foxy /usr/bin/cmake --install /home/abcs/robo_ws/build/articubot_one
[3.544s] Level 1:colcon.colcon_core.environment:checking '/home/abcs/robo_ws/install/articubot_one' for CMake config files
[3.548s] Level 1:colcon.colcon_core.shell:create_environment_hook('articubot_one', 'cmake_prefix_path')
[3.549s] INFO:colcon.colcon_core.shell:Creating environment hook '/home/abcs/robo_ws/install/articubot_one/share/articubot_one/hook/cmake_prefix_path.ps1'
[3.551s] INFO:colcon.colcon_core.shell:Creating environment descriptor '/home/abcs/robo_ws/install/articubot_one/share/articubot_one/hook/cmake_prefix_path.dsv'
[3.554s] INFO:colcon.colcon_core.shell:Creating environment hook '/home/abcs/robo_ws/install/articubot_one/share/articubot_one/hook/cmake_prefix_path.sh'
[3.557s] Level 1:colcon.colcon_core.environment:checking '/home/abcs/robo_ws/install/articubot_one/bin'
[3.557s] Level 1:colcon.colcon_core.environment:checking '/home/abcs/robo_ws/install/articubot_one/lib/pkgconfig/articubot_one.pc'
[3.558s] Level 1:colcon.colcon_core.environment:checking '/home/abcs/robo_ws/install/articubot_one/lib/python3.8/site-packages'
[3.559s] Level 1:colcon.colcon_core.environment:checking '/home/abcs/robo_ws/install/articubot_one/bin'
[3.560s] INFO:colcon.colcon_core.shell:Creating package script '/home/abcs/robo_ws/install/articubot_one/share/articubot_one/package.ps1'
[3.563s] INFO:colcon.colcon_core.shell:Creating package descriptor '/home/abcs/robo_ws/install/articubot_one/share/articubot_one/package.dsv'
[3.565s] INFO:colcon.colcon_core.shell:Creating package script '/home/abcs/robo_ws/install/articubot_one/share/articubot_one/package.sh'
[3.568s] INFO:colcon.colcon_core.shell:Creating package script '/home/abcs/robo_ws/install/articubot_one/share/articubot_one/package.bash'
[3.570s] INFO:colcon.colcon_core.shell:Creating package script '/home/abcs/robo_ws/install/articubot_one/share/articubot_one/package.zsh'
[3.573s] Level 1:colcon.colcon_core.environment:create_file_with_runtime_dependencies(/home/abcs/robo_ws/install/articubot_one/share/colcon-core/packages/articubot_one)
[3.579s] Level 1:colcon.colcon_core.environment:create_environment_scripts_only(articubot_one)
[3.580s] Level 1:colcon.colcon_core.environment:checking '/home/abcs/robo_ws/install/articubot_one' for CMake module files
[3.583s] Level 1:colcon.colcon_core.environment:checking '/home/abcs/robo_ws/install/articubot_one' for CMake config files
[3.586s] Level 1:colcon.colcon_core.shell:create_environment_hook('articubot_one', 'cmake_prefix_path')
[3.587s] INFO:colcon.colcon_core.shell:Creating environment hook '/home/abcs/robo_ws/install/articubot_one/share/articubot_one/hook/cmake_prefix_path.ps1'
[3.589s] INFO:colcon.colcon_core.shell:Creating environment descriptor '/home/abcs/robo_ws/install/articubot_one/share/articubot_one/hook/cmake_prefix_path.dsv'
[3.591s] INFO:colcon.colcon_core.shell:Creating environment hook '/home/abcs/robo_ws/install/articubot_one/share/articubot_one/hook/cmake_prefix_path.sh'
[3.596s] Level 1:colcon.colcon_core.environment:checking '/home/abcs/robo_ws/install/articubot_one/bin'
[3.596s] Level 1:colcon.colcon_core.environment:checking '/home/abcs/robo_ws/install/articubot_one/lib/pkgconfig/articubot_one.pc'
[3.597s] Level 1:colcon.colcon_core.environment:checking '/home/abcs/robo_ws/install/articubot_one/lib/python3.8/site-packages'
[3.598s] Level 1:colcon.colcon_core.environment:checking '/home/abcs/robo_ws/install/articubot_one/bin'
[3.599s] INFO:colcon.colcon_core.shell:Creating package script '/home/abcs/robo_ws/install/articubot_one/share/articubot_one/package.ps1'
[3.602s] INFO:colcon.colcon_core.shell:Creating package descriptor '/home/abcs/robo_ws/install/articubot_one/share/articubot_one/package.dsv'
[3.605s] INFO:colcon.colcon_core.shell:Creating package script '/home/abcs/robo_ws/install/articubot_one/share/articubot_one/package.sh'
[3.607s] INFO:colcon.colcon_core.shell:Creating package script '/home/abcs/robo_ws/install/articubot_one/share/articubot_one/package.bash'
[3.610s] INFO:colcon.colcon_core.shell:Creating package script '/home/abcs/robo_ws/install/articubot_one/share/articubot_one/package.zsh'
[3.612s] Level 1:colcon.colcon_core.environment:create_file_with_runtime_dependencies(/home/abcs/robo_ws/install/articubot_one/share/colcon-core/packages/articubot_one)
[3.633s] DEBUG:colcon.colcon_core.event_handler.log_command:Invoking command in '/home/abcs/robo_ws/build/diffdrive_arduino': CMAKE_PREFIX_PATH=/home/abcs/robo_ws/install/serial:/home/abcs/robo_ws/install/diffdrive_arduino:/home/abcs/robo_ws/install/articubot_one:/home/abcs/robo_ws/install/lidar_box_filter:/opt/ros/foxy /usr/bin/cmake --build /home/abcs/robo_ws/build/diffdrive_arduino -- -j4 -l4
[5.128s] DEBUG:colcon.colcon_core.event_handler.log_command:Invoking command in '/home/abcs/robo_ws/src/lidar_box_filter': PYTHONPATH=/home/abcs/robo_ws/build/lidar_box_filter/prefix_override:/usr/lib/python3/dist-packages/colcon_core/task/python/colcon_distutils_commands:/home/abcs/robo_ws/install/lidar_box_filter/lib/python3.8/site-packages:${PYTHONPATH} /usr/bin/python3 -W ignore:setup.py install is deprecated -W ignore:easy_install command is deprecated setup.py egg_info --egg-base ../../build/lidar_box_filter build --build-base /home/abcs/robo_ws/build/lidar_box_filter/build install --record /home/abcs/robo_ws/build/lidar_box_filter/install.log --install-scripts $base/lib/lidar_box_filter --single-version-externally-managed
[6.635s] Level 1:colcon.colcon_core.environment:checking '/home/abcs/robo_ws/install/lidar_box_filter' for CMake module files
[6.637s] DEBUG:colcon.colcon_core.event_handler.log_command:Invoked command in '/home/abcs/robo_ws/src/lidar_box_filter' returned '0': PYTHONPATH=/home/abcs/robo_ws/build/lidar_box_filter/prefix_override:/usr/lib/python3/dist-packages/colcon_core/task/python/colcon_distutils_commands:/home/abcs/robo_ws/install/lidar_box_filter/lib/python3.8/site-packages:${PYTHONPATH} /usr/bin/python3 -W ignore:setup.py install is deprecated -W ignore:easy_install command is deprecated setup.py egg_info --egg-base ../../build/lidar_box_filter build --build-base /home/abcs/robo_ws/build/lidar_box_filter/build install --record /home/abcs/robo_ws/build/lidar_box_filter/install.log --install-scripts $base/lib/lidar_box_filter --single-version-externally-managed
[6.639s] Level 1:colcon.colcon_core.environment:checking '/home/abcs/robo_ws/install/lidar_box_filter' for CMake config files
[6.642s] Level 1:colcon.colcon_core.environment:checking '/home/abcs/robo_ws/install/lidar_box_filter/lib'
[6.643s] Level 1:colcon.colcon_core.environment:checking '/home/abcs/robo_ws/install/lidar_box_filter/bin'
[6.644s] Level 1:colcon.colcon_core.environment:checking '/home/abcs/robo_ws/install/lidar_box_filter/lib/pkgconfig/lidar_box_filter.pc'
[6.644s] Level 1:colcon.colcon_core.environment:checking '/home/abcs/robo_ws/install/lidar_box_filter/lib/python3.8/site-packages'
[6.645s] Level 1:colcon.colcon_core.shell:create_environment_hook('lidar_box_filter', 'pythonpath')
[6.646s] INFO:colcon.colcon_core.shell:Creating environment hook '/home/abcs/robo_ws/install/lidar_box_filter/share/lidar_box_filter/hook/pythonpath.ps1'
[6.649s] INFO:colcon.colcon_core.shell:Creating environment descriptor '/home/abcs/robo_ws/install/lidar_box_filter/share/lidar_box_filter/hook/pythonpath.dsv'
[6.652s] INFO:colcon.colcon_core.shell:Creating environment hook '/home/abcs/robo_ws/install/lidar_box_filter/share/lidar_box_filter/hook/pythonpath.sh'
[6.655s] Level 1:colcon.colcon_core.environment:checking '/home/abcs/robo_ws/install/lidar_box_filter/bin'
[6.655s] Level 1:colcon.colcon_core.environment:create_environment_scripts_only(lidar_box_filter)
[6.657s] INFO:colcon.colcon_core.shell:Creating package script '/home/abcs/robo_ws/install/lidar_box_filter/share/lidar_box_filter/package.ps1'
[6.660s] INFO:colcon.colcon_core.shell:Creating package descriptor '/home/abcs/robo_ws/install/lidar_box_filter/share/lidar_box_filter/package.dsv'
[6.662s] INFO:colcon.colcon_core.shell:Creating package script '/home/abcs/robo_ws/install/lidar_box_filter/share/lidar_box_filter/package.sh'
[6.666s] INFO:colcon.colcon_core.shell:Creating package script '/home/abcs/robo_ws/install/lidar_box_filter/share/lidar_box_filter/package.bash'
[6.668s] INFO:colcon.colcon_core.shell:Creating package script '/home/abcs/robo_ws/install/lidar_box_filter/share/lidar_box_filter/package.zsh'
[6.671s] Level 1:colcon.colcon_core.environment:create_file_with_runtime_dependencies(/home/abcs/robo_ws/install/lidar_box_filter/share/colcon-core/packages/lidar_box_filter)
[14.761s] DEBUG:colcon.colcon_core.event_handler.log_command:Invoked command in '/home/abcs/robo_ws/build/diffdrive_arduino' returned '0': CMAKE_PREFIX_PATH=/home/abcs/robo_ws/install/serial:/home/abcs/robo_ws/install/diffdrive_arduino:/home/abcs/robo_ws/install/articubot_one:/home/abcs/robo_ws/install/lidar_box_filter:/opt/ros/foxy /usr/bin/cmake --build /home/abcs/robo_ws/build/diffdrive_arduino -- -j4 -l4
[14.772s] DEBUG:colcon.colcon_core.event_handler.log_command:Invoking command in '/home/abcs/robo_ws/build/diffdrive_arduino': CMAKE_PREFIX_PATH=/home/abcs/robo_ws/install/serial:/home/abcs/robo_ws/install/diffdrive_arduino:/home/abcs/robo_ws/install/articubot_one:/home/abcs/robo_ws/install/lidar_box_filter:/opt/ros/foxy /usr/bin/cmake --install /home/abcs/robo_ws/build/diffdrive_arduino
[14.881s] Level 1:colcon.colcon_core.environment:create_environment_scripts_only(diffdrive_arduino)
[14.882s] Level 1:colcon.colcon_core.environment:checking '/home/abcs/robo_ws/install/diffdrive_arduino' for CMake module files
[14.884s] DEBUG:colcon.colcon_core.event_handler.log_command:Invoked command in '/home/abcs/robo_ws/build/diffdrive_arduino' returned '0': CMAKE_PREFIX_PATH=/home/abcs/robo_ws/install/serial:/home/abcs/robo_ws/install/diffdrive_arduino:/home/abcs/robo_ws/install/articubot_one:/home/abcs/robo_ws/install/lidar_box_filter:/opt/ros/foxy /usr/bin/cmake --install /home/abcs/robo_ws/build/diffdrive_arduino
[14.886s] Level 1:colcon.colcon_core.environment:checking '/home/abcs/robo_ws/install/diffdrive_arduino' for CMake config files
[14.888s] Level 1:colcon.colcon_core.shell:create_environment_hook('diffdrive_arduino', 'cmake_prefix_path')
[14.889s] INFO:colcon.colcon_core.shell:Creating environment hook '/home/abcs/robo_ws/install/diffdrive_arduino/share/diffdrive_arduino/hook/cmake_prefix_path.ps1'
[14.891s] INFO:colcon.colcon_core.shell:Creating environment descriptor '/home/abcs/robo_ws/install/diffdrive_arduino/share/diffdrive_arduino/hook/cmake_prefix_path.dsv'
[14.893s] INFO:colcon.colcon_core.shell:Creating environment hook '/home/abcs/robo_ws/install/diffdrive_arduino/share/diffdrive_arduino/hook/cmake_prefix_path.sh'
[14.896s] Level 1:colcon.colcon_core.environment:checking '/home/abcs/robo_ws/install/diffdrive_arduino/lib'
[14.896s] Level 1:colcon.colcon_core.shell:create_environment_hook('diffdrive_arduino', 'ld_library_path_lib')
[14.897s] INFO:colcon.colcon_core.shell:Creating environment hook '/home/abcs/robo_ws/install/diffdrive_arduino/share/diffdrive_arduino/hook/ld_library_path_lib.ps1'
[14.900s] INFO:colcon.colcon_core.shell:Creating environment descriptor '/home/abcs/robo_ws/install/diffdrive_arduino/share/diffdrive_arduino/hook/ld_library_path_lib.dsv'
[14.902s] INFO:colcon.colcon_core.shell:Creating environment hook '/home/abcs/robo_ws/install/diffdrive_arduino/share/diffdrive_arduino/hook/ld_library_path_lib.sh'
[14.903s] Level 1:colcon.colcon_core.environment:checking '/home/abcs/robo_ws/install/diffdrive_arduino/bin'
[14.904s] Level 1:colcon.colcon_core.environment:checking '/home/abcs/robo_ws/install/diffdrive_arduino/lib/pkgconfig/diffdrive_arduino.pc'
[14.905s] Level 1:colcon.colcon_core.environment:checking '/home/abcs/robo_ws/install/diffdrive_arduino/lib/python3.8/site-packages'
[14.905s] Level 1:colcon.colcon_core.environment:checking '/home/abcs/robo_ws/install/diffdrive_arduino/bin'
[14.907s] INFO:colcon.colcon_core.shell:Creating package script '/home/abcs/robo_ws/install/diffdrive_arduino/share/diffdrive_arduino/package.ps1'
[14.909s] INFO:colcon.colcon_core.shell:Creating package descriptor '/home/abcs/robo_ws/install/diffdrive_arduino/share/diffdrive_arduino/package.dsv'
[14.911s] INFO:colcon.colcon_core.shell:Creating package script '/home/abcs/robo_ws/install/diffdrive_arduino/share/diffdrive_arduino/package.sh'
[14.913s] INFO:colcon.colcon_core.shell:Creating package script '/home/abcs/robo_ws/install/diffdrive_arduino/share/diffdrive_arduino/package.bash'
[14.915s] INFO:colcon.colcon_core.shell:Creating package script '/home/abcs/robo_ws/install/diffdrive_arduino/share/diffdrive_arduino/package.zsh'
[14.917s] Level 1:colcon.colcon_core.environment:create_file_with_runtime_dependencies(/home/abcs/robo_ws/install/diffdrive_arduino/share/colcon-core/packages/diffdrive_arduino)
[14.920s] Level 1:colcon.colcon_core.environment:create_environment_scripts_only(diffdrive_arduino)
[14.921s] Level 1:colcon.colcon_core.environment:checking '/home/abcs/robo_ws/install/diffdrive_arduino' for CMake module files
[14.924s] Level 1:colcon.colcon_core.environment:checking '/home/abcs/robo_ws/install/diffdrive_arduino' for CMake config files
[14.925s] Level 1:colcon.colcon_core.shell:create_environment_hook('diffdrive_arduino', 'cmake_prefix_path')
[14.926s] INFO:colcon.colcon_core.shell:Creating environment hook '/home/abcs/robo_ws/install/diffdrive_arduino/share/diffdrive_arduino/hook/cmake_prefix_path.ps1'
[14.928s] INFO:colcon.colcon_core.shell:Creating environment descriptor '/home/abcs/robo_ws/install/diffdrive_arduino/share/diffdrive_arduino/hook/cmake_prefix_path.dsv'
[14.930s] INFO:colcon.colcon_core.shell:Creating environment hook '/home/abcs/robo_ws/install/diffdrive_arduino/share/diffdrive_arduino/hook/cmake_prefix_path.sh'
[14.933s] Level 1:colcon.colcon_core.environment:checking '/home/abcs/robo_ws/install/diffdrive_arduino/lib'
[14.933s] Level 1:colcon.colcon_core.shell:create_environment_hook('diffdrive_arduino', 'ld_library_path_lib')
[14.934s] INFO:colcon.colcon_core.shell:Creating environment hook '/home/abcs/robo_ws/install/diffdrive_arduino/share/diffdrive_arduino/hook/ld_library_path_lib.ps1'
[14.936s] INFO:colcon.colcon_core.shell:Creating environment descriptor '/home/abcs/robo_ws/install/diffdrive_arduino/share/diffdrive_arduino/hook/ld_library_path_lib.dsv'
[14.938s] INFO:colcon.colcon_core.shell:Creating environment hook '/home/abcs/robo_ws/install/diffdrive_arduino/share/diffdrive_arduino/hook/ld_library_path_lib.sh'
[14.940s] Level 1:colcon.colcon_core.environment:checking '/home/abcs/robo_ws/install/diffdrive_arduino/bin'
[14.940s] Level 1:colcon.colcon_core.environment:checking '/home/abcs/robo_ws/install/diffdrive_arduino/lib/pkgconfig/diffdrive_arduino.pc'
[14.941s] Level 1:colcon.colcon_core.environment:checking '/home/abcs/robo_ws/install/diffdrive_arduino/lib/python3.8/site-packages'
[14.942s] Level 1:colcon.colcon_core.environment:checking '/home/abcs/robo_ws/install/diffdrive_arduino/bin'
[14.943s] INFO:colcon.colcon_core.shell:Creating package script '/home/abcs/robo_ws/install/diffdrive_arduino/share/diffdrive_arduino/package.ps1'
[14.945s] INFO:colcon.colcon_core.shell:Creating package descriptor '/home/abcs/robo_ws/install/diffdrive_arduino/share/diffdrive_arduino/package.dsv'
[14.948s] INFO:colcon.colcon_core.shell:Creating package script '/home/abcs/robo_ws/install/diffdrive_arduino/share/diffdrive_arduino/package.sh'
[14.950s] INFO:colcon.colcon_core.shell:Creating package script '/home/abcs/robo_ws/install/diffdrive_arduino/share/diffdrive_arduino/package.bash'
[14.952s] INFO:colcon.colcon_core.shell:Creating package script '/home/abcs/robo_ws/install/diffdrive_arduino/share/diffdrive_arduino/package.zsh'
[14.954s] Level 1:colcon.colcon_core.environment:create_file_with_runtime_dependencies(/home/abcs/robo_ws/install/diffdrive_arduino/share/colcon-core/packages/diffdrive_arduino)
[14.955s] DEBUG:colcon.colcon_parallel_executor.executor.parallel:closing loop
[14.956s] DEBUG:colcon.colcon_parallel_executor.executor.parallel:loop closed
[14.957s] DEBUG:colcon.colcon_parallel_executor.executor.parallel:run_until_complete finished with '0'
[14.957s] DEBUG:colcon.colcon_core.event_reactor:joining thread
[14.976s] INFO:colcon.colcon_core.plugin_system:Skipping extension 'colcon_notification.desktop_notification.notify_send': Could not find 'notify-send'
[14.977s] INFO:colcon.colcon_core.plugin_system:Skipping extension 'colcon_notification.desktop_notification.terminal_notifier': Not used on non-Darwin systems
[14.977s] INFO:colcon.colcon_core.plugin_system:Skipping extension 'colcon_notification.desktop_notification.win32': Not used on non-Windows systems
[14.977s] INFO:colcon.colcon_notification.desktop_notification:Sending desktop notification using 'notify2'
[14.980s] DEBUG:colcon.colcon_notification.desktop_notification.notify2:Failed to initialize notify2: org.freedesktop.DBus.Error.ServiceUnknown: The name org.freedesktop.Notifications was not provided by any .service files
[14.981s] DEBUG:colcon.colcon_core.event_reactor:joined thread
[14.982s] INFO:colcon.colcon_core.shell:Creating prefix script '/home/abcs/robo_ws/install/local_setup.ps1'
[14.985s] INFO:colcon.colcon_core.shell:Creating prefix util module '/home/abcs/robo_ws/install/_local_setup_util_ps1.py'
[14.993s] INFO:colcon.colcon_core.shell:Creating prefix chain script '/home/abcs/robo_ws/install/setup.ps1'
[15.000s] INFO:colcon.colcon_core.shell:Creating prefix script '/home/abcs/robo_ws/install/local_setup.sh'
[15.002s] INFO:colcon.colcon_core.shell:Creating prefix util module '/home/abcs/robo_ws/install/_local_setup_util_sh.py'
[15.005s] INFO:colcon.colcon_core.shell:Creating prefix chain script '/home/abcs/robo_ws/install/setup.sh'
[15.010s] INFO:colcon.colcon_core.shell:Creating prefix script '/home/abcs/robo_ws/install/local_setup.bash'
[15.012s] INFO:colcon.colcon_core.shell:Creating prefix chain script '/home/abcs/robo_ws/install/setup.bash'
[15.017s] INFO:colcon.colcon_core.shell:Creating prefix script '/home/abcs/robo_ws/install/local_setup.zsh'
[15.019s] INFO:colcon.colcon_core.shell:Creating prefix chain script '/home/abcs/robo_ws/install/setup.zsh'
