[0.090s] Invoking command in '/home/abcs/robo_ws/build/serial': CMAKE_PREFIX_PATH=${CMAKE_PREFIX_PATH}:/opt/ros/foxy /usr/bin/cmake --build /home/abcs/robo_ws/build/serial -- -j4 -l4
[0.622s] [ 28%] Built target serial
[0.633s] [ 42%] Built target gtest_main
[0.642s] [ 57%] Built target gtest
[0.754s] [ 71%] Built target serial_example
[0.768s] [ 85%] Built target serial-test-timer
[0.783s] [100%] Built target serial-test
[0.858s] Invoked command in '/home/abcs/robo_ws/build/serial' returned '0': CMAKE_PREFIX_PATH=${CMAKE_PREFIX_PATH}:/opt/ros/foxy /usr/bin/cmake --build /home/abcs/robo_ws/build/serial -- -j4 -l4
[0.871s] Invoking command in '/home/abcs/robo_ws/build/serial': CMAKE_PREFIX_PATH=${CMAKE_PREFIX_PATH}:/opt/ros/foxy /usr/bin/cmake --install /home/abcs/robo_ws/build/serial
[0.911s] -- Install configuration: ""
[0.912s] -- Up-to-date: /home/abcs/robo_ws/install/serial/lib/libserial.a
[0.912s] -- Up-to-date: /home/abcs/robo_ws/install/serial/include/serial/serial.h
[0.913s] -- Up-to-date: /home/abcs/robo_ws/install/serial/include/serial/v8stdint.h
[0.913s] -- Up-to-date: /home/abcs/robo_ws/install/serial/share/serial/environment/library_path.sh
[0.914s] -- Up-to-date: /home/abcs/robo_ws/install/serial/share/serial/environment/library_path.dsv
[0.915s] -- Up-to-date: /home/abcs/robo_ws/install/serial/share/ament_index/resource_index/package_run_dependencies/serial
[0.916s] -- Up-to-date: /home/abcs/robo_ws/install/serial/share/ament_index/resource_index/parent_prefix_path/serial
[0.917s] -- Up-to-date: /home/abcs/robo_ws/install/serial/share/serial/environment/ament_prefix_path.sh
[0.918s] -- Up-to-date: /home/abcs/robo_ws/install/serial/share/serial/environment/ament_prefix_path.dsv
[0.918s] -- Up-to-date: /home/abcs/robo_ws/install/serial/share/serial/environment/path.sh
[0.919s] -- Up-to-date: /home/abcs/robo_ws/install/serial/share/serial/environment/path.dsv
[0.920s] -- Up-to-date: /home/abcs/robo_ws/install/serial/share/serial/local_setup.bash
[0.921s] -- Up-to-date: /home/abcs/robo_ws/install/serial/share/serial/local_setup.sh
[0.922s] -- Up-to-date: /home/abcs/robo_ws/install/serial/share/serial/local_setup.zsh
[0.922s] -- Up-to-date: /home/abcs/robo_ws/install/serial/share/serial/local_setup.dsv
[0.923s] -- Installing: /home/abcs/robo_ws/install/serial/share/serial/package.dsv
[0.923s] -- Up-to-date: /home/abcs/robo_ws/install/serial/share/ament_index/resource_index/packages/serial
[0.924s] -- Up-to-date: /home/abcs/robo_ws/install/serial/share/serial/cmake/ament_cmake_export_include_directories-extras.cmake
[0.925s] -- Up-to-date: /home/abcs/robo_ws/install/serial/share/serial/cmake/ament_cmake_export_libraries-extras.cmake
[0.926s] -- Up-to-date: /home/abcs/robo_ws/install/serial/share/serial/cmake/serialConfig.cmake
[0.927s] -- Up-to-date: /home/abcs/robo_ws/install/serial/share/serial/cmake/serialConfig-version.cmake
[0.928s] -- Up-to-date: /home/abcs/robo_ws/install/serial/share/serial/package.xml
[0.932s] Invoked command in '/home/abcs/robo_ws/build/serial' returned '0': CMAKE_PREFIX_PATH=${CMAKE_PREFIX_PATH}:/opt/ros/foxy /usr/bin/cmake --install /home/abcs/robo_ws/build/serial
