[0.119s] Invoking command in '/home/abcs/robo_ws/build/articubot_one': CMAKE_PREFIX_PATH=${CMAKE_PREFIX_PATH}:/home/abcs/robo_ws/install/lidar_box_filter:/opt/ros/foxy /usr/bin/cmake /home/abcs/robo_ws/src/articubot_one -DCMAKE_INSTALL_PREFIX=/home/abcs/robo_ws/install/articubot_one
[0.355s] -- Found ament_cmake: 0.9.12 (/opt/ros/foxy/share/ament_cmake/cmake)
[0.528s] -- Using PYTHON_EXECUTABLE: /usr/bin/python3
[1.599s] -- Override CMake install command with custom implementation using symlinks instead of copying resources
[1.689s] -- Found ament_lint_auto: 0.9.8 (/opt/ros/foxy/share/ament_lint_auto/cmake)
[2.140s] -- Added test 'copyright' to check source files copyright and LICENSE
[2.217s] -- Added test 'flake8' to check Python code syntax and style conventions
[2.228s] -- Added test 'lint_cmake' to check CMake code style
[2.234s] -- Added test 'pep257' to check Python code against some of the style conventions in PEP 257
[2.275s] -- Added test 'xmllint' to check XML markup files
[2.287s] -- Configuring done
[2.316s] -- Generating done
[2.325s] -- Build files have been written to: /home/abcs/robo_ws/build/articubot_one
[2.349s] Invoked command in '/home/abcs/robo_ws/build/articubot_one' returned '0': CMAKE_PREFIX_PATH=${CMAKE_PREFIX_PATH}:/home/abcs/robo_ws/install/lidar_box_filter:/opt/ros/foxy /usr/bin/cmake /home/abcs/robo_ws/src/articubot_one -DCMAKE_INSTALL_PREFIX=/home/abcs/robo_ws/install/articubot_one
[2.358s] Invoking command in '/home/abcs/robo_ws/build/articubot_one': CMAKE_PREFIX_PATH=${CMAKE_PREFIX_PATH}:/home/abcs/robo_ws/install/lidar_box_filter:/opt/ros/foxy /usr/bin/cmake --build /home/abcs/robo_ws/build/articubot_one -- -j4 -l4
[2.568s] Invoked command in '/home/abcs/robo_ws/build/articubot_one' returned '0': CMAKE_PREFIX_PATH=${CMAKE_PREFIX_PATH}:/home/abcs/robo_ws/install/lidar_box_filter:/opt/ros/foxy /usr/bin/cmake --build /home/abcs/robo_ws/build/articubot_one -- -j4 -l4
[2.632s] Invoking command in '/home/abcs/robo_ws/build/articubot_one': CMAKE_PREFIX_PATH=${CMAKE_PREFIX_PATH}:/home/abcs/robo_ws/install/lidar_box_filter:/opt/ros/foxy /usr/bin/cmake --install /home/abcs/robo_ws/build/articubot_one
[2.694s] -- Install configuration: ""
[2.696s] -- Execute custom install script
[2.700s] -- Up-to-date symlink: /home/abcs/robo_ws/install/articubot_one/share/articubot_one/config/ball_tracker_params_robot.yaml
[2.702s] -- Up-to-date symlink: /home/abcs/robo_ws/install/articubot_one/share/articubot_one/config/ball_tracker_params_sim.yaml
[2.704s] -- Up-to-date symlink: /home/abcs/robo_ws/install/articubot_one/share/articubot_one/config/drive_bot.rviz
[2.705s] -- Up-to-date symlink: /home/abcs/robo_ws/install/articubot_one/share/articubot_one/config/empty.yaml
[2.708s] -- Up-to-date symlink: /home/abcs/robo_ws/install/articubot_one/share/articubot_one/config/gaz_ros2_ctl_use_sim.yaml
[2.711s] -- Up-to-date symlink: /home/abcs/robo_ws/install/articubot_one/share/articubot_one/config/gazebo_params.yaml
[2.714s] -- Up-to-date symlink: /home/abcs/robo_ws/install/articubot_one/share/articubot_one/config/joystick.yaml
[2.718s] -- Up-to-date symlink: /home/abcs/robo_ws/install/articubot_one/share/articubot_one/config/main.rviz
[2.721s] -- Up-to-date symlink: /home/abcs/robo_ws/install/articubot_one/share/articubot_one/config/map.rviz
[2.727s] -- Up-to-date symlink: /home/abcs/robo_ws/install/articubot_one/share/articubot_one/config/mapper_params_online_async.yaml
[2.730s] -- Up-to-date symlink: /home/abcs/robo_ws/install/articubot_one/share/articubot_one/config/my_controllers.yaml
[2.733s] -- Up-to-date symlink: /home/abcs/robo_ws/install/articubot_one/share/articubot_one/config/nav2_params.yaml
[2.737s] -- Up-to-date symlink: /home/abcs/robo_ws/install/articubot_one/share/articubot_one/config/twist_mux.yaml
[2.740s] -- Up-to-date symlink: /home/abcs/robo_ws/install/articubot_one/share/articubot_one/config/view_bot.rviz
[2.746s] -- Up-to-date symlink: /home/abcs/robo_ws/install/articubot_one/share/articubot_one/description/camera.xacro
[2.750s] -- Up-to-date symlink: /home/abcs/robo_ws/install/articubot_one/share/articubot_one/description/depth_camera.xacro
[2.754s] -- Up-to-date symlink: /home/abcs/robo_ws/install/articubot_one/share/articubot_one/description/face.xacro
[2.759s] -- Up-to-date symlink: /home/abcs/robo_ws/install/articubot_one/share/articubot_one/description/gazebo_control.xacro
[2.763s] -- Up-to-date symlink: /home/abcs/robo_ws/install/articubot_one/share/articubot_one/description/inertial_macros.xacro
[2.769s] -- Up-to-date symlink: /home/abcs/robo_ws/install/articubot_one/share/articubot_one/description/lidar.xacro
[2.772s] -- Up-to-date symlink: /home/abcs/robo_ws/install/articubot_one/share/articubot_one/description/robot.urdf.xacro
[2.776s] -- Up-to-date symlink: /home/abcs/robo_ws/install/articubot_one/share/articubot_one/description/robot_core.xacro
[2.784s] -- Up-to-date symlink: /home/abcs/robo_ws/install/articubot_one/share/articubot_one/description/ros2_control.xacro
[2.790s] -- Up-to-date symlink: /home/abcs/robo_ws/install/articubot_one/share/articubot_one/launch/ball_tracker.launch.py
[2.794s] -- Up-to-date symlink: /home/abcs/robo_ws/install/articubot_one/share/articubot_one/launch/camera.launch.py
[2.799s] -- Up-to-date symlink: /home/abcs/robo_ws/install/articubot_one/share/articubot_one/launch/cyril.launch.py
[2.804s] -- Up-to-date symlink: /home/abcs/robo_ws/install/articubot_one/share/articubot_one/launch/joystick.launch.py
[2.807s] -- Up-to-date symlink: /home/abcs/robo_ws/install/articubot_one/share/articubot_one/launch/launch_robot.launch.py
[2.812s] -- Up-to-date symlink: /home/abcs/robo_ws/install/articubot_one/share/articubot_one/launch/launch_sim.launch.py
[2.816s] -- Up-to-date symlink: /home/abcs/robo_ws/install/articubot_one/share/articubot_one/launch/localization_launch.py
[2.820s] -- Up-to-date symlink: /home/abcs/robo_ws/install/articubot_one/share/articubot_one/launch/navigation_launch.py
[2.825s] -- Up-to-date symlink: /home/abcs/robo_ws/install/articubot_one/share/articubot_one/launch/online_async_launch.py
[2.829s] -- Up-to-date symlink: /home/abcs/robo_ws/install/articubot_one/share/articubot_one/launch/rplidar.launch.py
[2.833s] -- Up-to-date symlink: /home/abcs/robo_ws/install/articubot_one/share/articubot_one/launch/rsp.launch.py
[2.839s] -- Up-to-date symlink: /home/abcs/robo_ws/install/articubot_one/share/articubot_one/worlds/empty.world
[2.843s] -- Up-to-date symlink: /home/abcs/robo_ws/install/articubot_one/share/articubot_one/worlds/obstacles.world
[2.849s] -- Up-to-date symlink: /home/abcs/robo_ws/install/articubot_one/share/ament_index/resource_index/package_run_dependencies/articubot_one
[2.854s] -- Up-to-date symlink: /home/abcs/robo_ws/install/articubot_one/share/ament_index/resource_index/parent_prefix_path/articubot_one
[2.858s] -- Up-to-date symlink: /home/abcs/robo_ws/install/articubot_one/share/articubot_one/environment/ament_prefix_path.sh
[2.862s] -- Up-to-date symlink: /home/abcs/robo_ws/install/articubot_one/share/articubot_one/environment/ament_prefix_path.dsv
[2.866s] -- Up-to-date symlink: /home/abcs/robo_ws/install/articubot_one/share/articubot_one/environment/path.sh
[2.871s] -- Up-to-date symlink: /home/abcs/robo_ws/install/articubot_one/share/articubot_one/environment/path.dsv
[2.877s] -- Up-to-date symlink: /home/abcs/robo_ws/install/articubot_one/share/articubot_one/local_setup.bash
[2.883s] -- Up-to-date symlink: /home/abcs/robo_ws/install/articubot_one/share/articubot_one/local_setup.sh
[2.889s] -- Up-to-date symlink: /home/abcs/robo_ws/install/articubot_one/share/articubot_one/local_setup.zsh
[2.894s] -- Up-to-date symlink: /home/abcs/robo_ws/install/articubot_one/share/articubot_one/local_setup.dsv
[2.899s] -- Symlinking: /home/abcs/robo_ws/install/articubot_one/share/articubot_one/package.dsv
[2.968s] -- Up-to-date symlink: /home/abcs/robo_ws/install/articubot_one/share/ament_index/resource_index/packages/articubot_one
[2.969s] -- Up-to-date symlink: /home/abcs/robo_ws/install/articubot_one/share/articubot_one/cmake/articubot_oneConfig.cmake
[2.972s] -- Up-to-date symlink: /home/abcs/robo_ws/install/articubot_one/share/articubot_one/cmake/articubot_oneConfig-version.cmake
[2.975s] -- Up-to-date symlink: /home/abcs/robo_ws/install/articubot_one/share/articubot_one/package.xml
[2.988s] Invoked command in '/home/abcs/robo_ws/build/articubot_one' returned '0': CMAKE_PREFIX_PATH=${CMAKE_PREFIX_PATH}:/home/abcs/robo_ws/install/lidar_box_filter:/opt/ros/foxy /usr/bin/cmake --install /home/abcs/robo_ws/build/articubot_one
