[0.107s] Invoking command in '/home/abcs/robo_ws/build/articubot_one': CMAKE_PREFIX_PATH=${CMAKE_PREFIX_PATH}:/opt/ros/foxy /usr/bin/cmake --build /home/abcs/robo_ws/build/articubot_one -- -j4 -l4
[1.171s] Invoked command in '/home/abcs/robo_ws/build/articubot_one' returned '0': CMAKE_PREFIX_PATH=${CMAKE_PREFIX_PATH}:/opt/ros/foxy /usr/bin/cmake --build /home/abcs/robo_ws/build/articubot_one -- -j4 -l4
[1.221s] Invoking command in '/home/abcs/robo_ws/build/articubot_one': CMAKE_PREFIX_PATH=${CMAKE_PREFIX_PATH}:/opt/ros/foxy /usr/bin/cmake --install /home/abcs/robo_ws/build/articubot_one
[1.262s] -- Install configuration: ""
[1.264s] -- Execute custom install script
[1.267s] -- Up-to-date symlink: /home/abcs/robo_ws/install/articubot_one/share/articubot_one/config/ball_tracker_params_robot.yaml
[1.270s] -- Up-to-date symlink: /home/abcs/robo_ws/install/articubot_one/share/articubot_one/config/ball_tracker_params_sim.yaml
[1.273s] -- Up-to-date symlink: /home/abcs/robo_ws/install/articubot_one/share/articubot_one/config/drive_bot.rviz
[1.277s] -- Up-to-date symlink: /home/abcs/robo_ws/install/articubot_one/share/articubot_one/config/empty.yaml
[1.282s] -- Up-to-date symlink: /home/abcs/robo_ws/install/articubot_one/share/articubot_one/config/gaz_ros2_ctl_use_sim.yaml
[1.284s] -- Up-to-date symlink: /home/abcs/robo_ws/install/articubot_one/share/articubot_one/config/gazebo_params.yaml
[1.285s] -- Up-to-date symlink: /home/abcs/robo_ws/install/articubot_one/share/articubot_one/config/joystick.yaml
[1.289s] -- Up-to-date symlink: /home/abcs/robo_ws/install/articubot_one/share/articubot_one/config/main.rviz
[1.290s] -- Up-to-date symlink: /home/abcs/robo_ws/install/articubot_one/share/articubot_one/config/map.rviz
[1.293s] -- Up-to-date symlink: /home/abcs/robo_ws/install/articubot_one/share/articubot_one/config/mapper_params_online_async.yaml
[1.295s] -- Up-to-date symlink: /home/abcs/robo_ws/install/articubot_one/share/articubot_one/config/my_controllers.yaml
[1.298s] -- Up-to-date symlink: /home/abcs/robo_ws/install/articubot_one/share/articubot_one/config/nav2_params.yaml
[1.302s] -- Up-to-date symlink: /home/abcs/robo_ws/install/articubot_one/share/articubot_one/config/twist_mux.yaml
[1.304s] -- Up-to-date symlink: /home/abcs/robo_ws/install/articubot_one/share/articubot_one/config/view_bot.rviz
[1.307s] -- Up-to-date symlink: /home/abcs/robo_ws/install/articubot_one/share/articubot_one/description/camera.xacro
[1.311s] -- Up-to-date symlink: /home/abcs/robo_ws/install/articubot_one/share/articubot_one/description/depth_camera.xacro
[1.313s] -- Up-to-date symlink: /home/abcs/robo_ws/install/articubot_one/share/articubot_one/description/face.xacro
[1.317s] -- Up-to-date symlink: /home/abcs/robo_ws/install/articubot_one/share/articubot_one/description/gazebo_control.xacro
[1.320s] -- Up-to-date symlink: /home/abcs/robo_ws/install/articubot_one/share/articubot_one/description/inertial_macros.xacro
[1.322s] -- Up-to-date symlink: /home/abcs/robo_ws/install/articubot_one/share/articubot_one/description/lidar.xacro
[1.325s] -- Up-to-date symlink: /home/abcs/robo_ws/install/articubot_one/share/articubot_one/description/robot.urdf.xacro
[1.329s] -- Up-to-date symlink: /home/abcs/robo_ws/install/articubot_one/share/articubot_one/description/robot_core.xacro
[1.332s] -- Up-to-date symlink: /home/abcs/robo_ws/install/articubot_one/share/articubot_one/description/ros2_control.xacro
[1.333s] -- Up-to-date symlink: /home/abcs/robo_ws/install/articubot_one/share/articubot_one/launch/ball_tracker.launch.py
[1.335s] -- Up-to-date symlink: /home/abcs/robo_ws/install/articubot_one/share/articubot_one/launch/camera.launch.py
[1.335s] -- Up-to-date symlink: /home/abcs/robo_ws/install/articubot_one/share/articubot_one/launch/cyril.launch.py
[1.336s] -- Up-to-date symlink: /home/abcs/robo_ws/install/articubot_one/share/articubot_one/launch/joystick.launch.py
[1.337s] -- Up-to-date symlink: /home/abcs/robo_ws/install/articubot_one/share/articubot_one/launch/launch_robot.launch.py
[1.338s] -- Up-to-date symlink: /home/abcs/robo_ws/install/articubot_one/share/articubot_one/launch/launch_sim.launch.py
[1.342s] -- Up-to-date symlink: /home/abcs/robo_ws/install/articubot_one/share/articubot_one/launch/localization_launch.py
[1.348s] -- Up-to-date symlink: /home/abcs/robo_ws/install/articubot_one/share/articubot_one/launch/navigation_launch.py
[1.350s] -- Up-to-date symlink: /home/abcs/robo_ws/install/articubot_one/share/articubot_one/launch/online_async_launch.py
[1.356s] -- Up-to-date symlink: /home/abcs/robo_ws/install/articubot_one/share/articubot_one/launch/rplidar.launch.py
[1.358s] -- Up-to-date symlink: /home/abcs/robo_ws/install/articubot_one/share/articubot_one/launch/rsp.launch.py
[1.364s] -- Up-to-date symlink: /home/abcs/robo_ws/install/articubot_one/share/articubot_one/worlds/empty.world
[1.369s] -- Up-to-date symlink: /home/abcs/robo_ws/install/articubot_one/share/articubot_one/worlds/obstacles.world
[1.377s] -- Up-to-date symlink: /home/abcs/robo_ws/install/articubot_one/share/ament_index/resource_index/package_run_dependencies/articubot_one
[1.381s] -- Up-to-date symlink: /home/abcs/robo_ws/install/articubot_one/share/ament_index/resource_index/parent_prefix_path/articubot_one
[1.382s] -- Up-to-date symlink: /home/abcs/robo_ws/install/articubot_one/share/articubot_one/environment/ament_prefix_path.sh
[1.382s] -- Up-to-date symlink: /home/abcs/robo_ws/install/articubot_one/share/articubot_one/environment/ament_prefix_path.dsv
[1.383s] -- Up-to-date symlink: /home/abcs/robo_ws/install/articubot_one/share/articubot_one/environment/path.sh
[1.383s] -- Up-to-date symlink: /home/abcs/robo_ws/install/articubot_one/share/articubot_one/environment/path.dsv
[1.386s] -- Up-to-date symlink: /home/abcs/robo_ws/install/articubot_one/share/articubot_one/local_setup.bash
[1.387s] -- Up-to-date symlink: /home/abcs/robo_ws/install/articubot_one/share/articubot_one/local_setup.sh
[1.389s] -- Up-to-date symlink: /home/abcs/robo_ws/install/articubot_one/share/articubot_one/local_setup.zsh
[1.391s] -- Up-to-date symlink: /home/abcs/robo_ws/install/articubot_one/share/articubot_one/local_setup.dsv
[1.392s] -- Symlinking: /home/abcs/robo_ws/install/articubot_one/share/articubot_one/package.dsv
[1.400s] -- Up-to-date symlink: /home/abcs/robo_ws/install/articubot_one/share/ament_index/resource_index/packages/articubot_one
[1.402s] -- Up-to-date symlink: /home/abcs/robo_ws/install/articubot_one/share/articubot_one/cmake/articubot_oneConfig.cmake
[1.402s] -- Up-to-date symlink: /home/abcs/robo_ws/install/articubot_one/share/articubot_one/cmake/articubot_oneConfig-version.cmake
[1.404s] -- Up-to-date symlink: /home/abcs/robo_ws/install/articubot_one/share/articubot_one/package.xml
[1.514s] Invoked command in '/home/abcs/robo_ws/build/articubot_one' returned '0': CMAKE_PREFIX_PATH=${CMAKE_PREFIX_PATH}:/opt/ros/foxy /usr/bin/cmake --install /home/abcs/robo_ws/build/articubot_one
