[0.110s] Invoking command in '/home/abcs/robo_ws/build/serial': CMAKE_PREFIX_PATH=${CMAKE_PREFIX_PATH}:/home/abcs/robo_ws/install/lidar_box_filter:/opt/ros/foxy /usr/bin/cmake --build /home/abcs/robo_ws/build/serial -- -j4 -l4
[0.378s] [ 28%] Built target serial
[0.381s] [ 42%] Built target gtest
[0.398s] [ 57%] Built target gtest_main
[0.487s] [ 71%] Built target serial_example
[0.512s] [ 85%] Built target serial-test-timer
[0.518s] [100%] Built target serial-test
[1.279s] Invoked command in '/home/abcs/robo_ws/build/serial' returned '0': CMAKE_PREFIX_PATH=${CMAKE_PREFIX_PATH}:/home/abcs/robo_ws/install/lidar_box_filter:/opt/ros/foxy /usr/bin/cmake --build /home/abcs/robo_ws/build/serial -- -j4 -l4
[1.290s] Invoking command in '/home/abcs/robo_ws/build/serial': CMAKE_PREFIX_PATH=${CMAKE_PREFIX_PATH}:/home/abcs/robo_ws/install/lidar_box_filter:/opt/ros/foxy /usr/bin/cmake --install /home/abcs/robo_ws/build/serial
[1.334s] -- Install configuration: ""
[1.340s] -- Execute custom install script
[1.342s] -- Up-to-date symlink: /home/abcs/robo_ws/install/serial/lib/libserial.a
[1.345s] -- Up-to-date symlink: /home/abcs/robo_ws/install/serial/include/serial/serial.h
[1.350s] -- Up-to-date symlink: /home/abcs/robo_ws/install/serial/include/serial/v8stdint.h
[1.350s] -- Up-to-date symlink: /home/abcs/robo_ws/install/serial/share/serial/environment/library_path.sh
[1.355s] -- Up-to-date symlink: /home/abcs/robo_ws/install/serial/share/serial/environment/library_path.dsv
[1.356s] -- Up-to-date symlink: /home/abcs/robo_ws/install/serial/share/ament_index/resource_index/package_run_dependencies/serial
[1.357s] -- Up-to-date symlink: /home/abcs/robo_ws/install/serial/share/ament_index/resource_index/parent_prefix_path/serial
[1.358s] -- Up-to-date symlink: /home/abcs/robo_ws/install/serial/share/serial/environment/ament_prefix_path.sh
[1.363s] -- Up-to-date symlink: /home/abcs/robo_ws/install/serial/share/serial/environment/ament_prefix_path.dsv
[1.364s] -- Up-to-date symlink: /home/abcs/robo_ws/install/serial/share/serial/environment/path.sh
[1.366s] -- Up-to-date symlink: /home/abcs/robo_ws/install/serial/share/serial/environment/path.dsv
[1.367s] -- Up-to-date symlink: /home/abcs/robo_ws/install/serial/share/serial/local_setup.bash
[1.373s] -- Up-to-date symlink: /home/abcs/robo_ws/install/serial/share/serial/local_setup.sh
[1.375s] -- Up-to-date symlink: /home/abcs/robo_ws/install/serial/share/serial/local_setup.zsh
[1.376s] -- Up-to-date symlink: /home/abcs/robo_ws/install/serial/share/serial/local_setup.dsv
[1.377s] -- Symlinking: /home/abcs/robo_ws/install/serial/share/serial/package.dsv
[1.417s] -- Up-to-date symlink: /home/abcs/robo_ws/install/serial/share/ament_index/resource_index/packages/serial
[1.420s] -- Up-to-date symlink: /home/abcs/robo_ws/install/serial/share/serial/cmake/ament_cmake_export_include_directories-extras.cmake
[1.424s] -- Up-to-date symlink: /home/abcs/robo_ws/install/serial/share/serial/cmake/ament_cmake_export_libraries-extras.cmake
[1.426s] -- Up-to-date symlink: /home/abcs/robo_ws/install/serial/share/serial/cmake/serialConfig.cmake
[1.428s] -- Up-to-date symlink: /home/abcs/robo_ws/install/serial/share/serial/cmake/serialConfig-version.cmake
[1.430s] -- Up-to-date symlink: /home/abcs/robo_ws/install/serial/share/serial/package.xml
[1.432s] Invoked command in '/home/abcs/robo_ws/build/serial' returned '0': CMAKE_PREFIX_PATH=${CMAKE_PREFIX_PATH}:/home/abcs/robo_ws/install/lidar_box_filter:/opt/ros/foxy /usr/bin/cmake --install /home/abcs/robo_ws/build/serial
