[0.742s] DEBUG:colcon:Command line arguments: ['/usr/bin/colcon', 'build']
[0.743s] DEBUG:colcon:Parsed command line arguments: Namespace(allow_overriding=[], ament_cmake_args=None, base_paths=['.'], build_base='build', catkin_cmake_args=None, catkin_skip_building_tests=False, cmake_args=None, cmake_clean_cache=False, cmake_clean_first=False, cmake_force_configure=False, cmake_target=None, cmake_target_skip_unavailable=False, continue_on_error=False, event_handlers=None, executor='parallel', ignore_user_meta=False, install_base='install', log_base=None, log_level=None, main=<bound method BuildVerb.main of <colcon_core.verb.build.BuildVerb object at 0xffff9a23e5b0>>, merge_install=False, metas=['./colcon.meta'], mixin=None, mixin_files=None, mixin_verb=('build',), packages_above=None, packages_above_and_dependencies=None, packages_above_depth=None, packages_end=None, packages_ignore=None, packages_ignore_regex=None, packages_select=None, packages_select_build_failed=False, packages_select_by_dep=None, packages_select_regex=None, packages_select_test_failures=False, packages_skip=None, packages_skip_build_finished=False, packages_skip_by_dep=None, packages_skip_regex=None, packages_skip_test_passed=False, packages_skip_up_to=None, packages_start=None, packages_up_to=None, packages_up_to_regex=None, parallel_workers=4, paths=None, symlink_install=False, test_result_base=None, verb_extension=<colcon_core.verb.build.BuildVerb object at 0xffff9a23e5b0>, verb_name='build', verb_parser=<colcon_mixin.mixin.mixin_argument.MixinArgumentDecorator object at 0xffff9a191c10>)
[1.361s] Level 1:colcon.colcon_core.package_discovery:discover_packages(colcon_meta) check parameters
[1.362s] Level 1:colcon.colcon_core.package_discovery:discover_packages(recursive) check parameters
[1.362s] Level 1:colcon.colcon_core.package_discovery:discover_packages(ignore) check parameters
[1.362s] Level 1:colcon.colcon_core.package_discovery:discover_packages(path) check parameters
[1.362s] Level 1:colcon.colcon_core.package_discovery:discover_packages(colcon_meta) discover
[1.363s] Level 1:colcon.colcon_core.package_discovery:discover_packages(recursive) discover
[1.363s] INFO:colcon.colcon_core.package_discovery:Crawling recursively for packages in '/home/abcs/robo_ws'
[1.363s] Level 1:colcon.colcon_core.package_identification:_identify(.) by extensions ['ignore', 'ignore_ament_install']
[1.364s] Level 1:colcon.colcon_core.package_identification:_identify(.) by extension 'ignore'
[1.364s] Level 1:colcon.colcon_core.package_identification:_identify(.) by extension 'ignore_ament_install'
[1.364s] Level 1:colcon.colcon_core.package_identification:_identify(.) by extensions ['colcon_pkg']
[1.364s] Level 1:colcon.colcon_core.package_identification:_identify(.) by extension 'colcon_pkg'
[1.364s] Level 1:colcon.colcon_core.package_identification:_identify(.) by extensions ['colcon_meta']
[1.365s] Level 1:colcon.colcon_core.package_identification:_identify(.) by extension 'colcon_meta'
[1.365s] Level 1:colcon.colcon_core.package_identification:_identify(.) by extensions ['ros']
[1.365s] Level 1:colcon.colcon_core.package_identification:_identify(.) by extension 'ros'
[1.407s] Level 1:colcon.colcon_core.package_identification:_identify(.) by extensions ['cmake', 'python']
[1.407s] Level 1:colcon.colcon_core.package_identification:_identify(.) by extension 'cmake'
[1.407s] Level 1:colcon.colcon_core.package_identification:_identify(.) by extension 'python'
[1.407s] Level 1:colcon.colcon_core.package_identification:_identify(.) by extensions ['python_setup_py']
[1.407s] Level 1:colcon.colcon_core.package_identification:_identify(.) by extension 'python_setup_py'
[1.408s] Level 1:colcon.colcon_core.package_identification:_identify(build) by extensions ['ignore', 'ignore_ament_install']
[1.408s] Level 1:colcon.colcon_core.package_identification:_identify(build) by extension 'ignore'
[1.409s] Level 1:colcon.colcon_core.package_identification:_identify(build) ignored
[1.409s] Level 1:colcon.colcon_core.package_identification:_identify(install) by extensions ['ignore', 'ignore_ament_install']
[1.410s] Level 1:colcon.colcon_core.package_identification:_identify(install) by extension 'ignore'
[1.410s] Level 1:colcon.colcon_core.package_identification:_identify(install) ignored
[1.410s] Level 1:colcon.colcon_core.package_identification:_identify(log) by extensions ['ignore', 'ignore_ament_install']
[1.411s] Level 1:colcon.colcon_core.package_identification:_identify(log) by extension 'ignore'
[1.411s] Level 1:colcon.colcon_core.package_identification:_identify(log) ignored
[1.411s] Level 1:colcon.colcon_core.package_identification:_identify(src) by extensions ['ignore', 'ignore_ament_install']
[1.411s] Level 1:colcon.colcon_core.package_identification:_identify(src) by extension 'ignore'
[1.412s] Level 1:colcon.colcon_core.package_identification:_identify(src) by extension 'ignore_ament_install'
[1.412s] Level 1:colcon.colcon_core.package_identification:_identify(src) by extensions ['colcon_pkg']
[1.412s] Level 1:colcon.colcon_core.package_identification:_identify(src) by extension 'colcon_pkg'
[1.412s] Level 1:colcon.colcon_core.package_identification:_identify(src) by extensions ['colcon_meta']
[1.412s] Level 1:colcon.colcon_core.package_identification:_identify(src) by extension 'colcon_meta'
[1.412s] Level 1:colcon.colcon_core.package_identification:_identify(src) by extensions ['ros']
[1.413s] Level 1:colcon.colcon_core.package_identification:_identify(src) by extension 'ros'
[1.413s] Level 1:colcon.colcon_core.package_identification:_identify(src) by extensions ['cmake', 'python']
[1.413s] Level 1:colcon.colcon_core.package_identification:_identify(src) by extension 'cmake'
[1.413s] Level 1:colcon.colcon_core.package_identification:_identify(src) by extension 'python'
[1.413s] Level 1:colcon.colcon_core.package_identification:_identify(src) by extensions ['python_setup_py']
[1.414s] Level 1:colcon.colcon_core.package_identification:_identify(src) by extension 'python_setup_py'
[1.414s] Level 1:colcon.colcon_core.package_identification:_identify(src/articubot_one) by extensions ['ignore', 'ignore_ament_install']
[1.414s] Level 1:colcon.colcon_core.package_identification:_identify(src/articubot_one) by extension 'ignore'
[1.415s] Level 1:colcon.colcon_core.package_identification:_identify(src/articubot_one) by extension 'ignore_ament_install'
[1.415s] Level 1:colcon.colcon_core.package_identification:_identify(src/articubot_one) by extensions ['colcon_pkg']
[1.415s] Level 1:colcon.colcon_core.package_identification:_identify(src/articubot_one) by extension 'colcon_pkg'
[1.415s] Level 1:colcon.colcon_core.package_identification:_identify(src/articubot_one) by extensions ['colcon_meta']
[1.415s] Level 1:colcon.colcon_core.package_identification:_identify(src/articubot_one) by extension 'colcon_meta'
[1.415s] Level 1:colcon.colcon_core.package_identification:_identify(src/articubot_one) by extensions ['ros']
[1.416s] Level 1:colcon.colcon_core.package_identification:_identify(src/articubot_one) by extension 'ros'
[1.424s] DEBUG:colcon.colcon_core.package_identification:Package 'src/articubot_one' with type 'ros.ament_cmake' and name 'articubot_one'
[1.425s] Level 1:colcon.colcon_core.package_identification:_identify(src/diffdrive_arduino) by extensions ['ignore', 'ignore_ament_install']
[1.425s] Level 1:colcon.colcon_core.package_identification:_identify(src/diffdrive_arduino) by extension 'ignore'
[1.425s] Level 1:colcon.colcon_core.package_identification:_identify(src/diffdrive_arduino) by extension 'ignore_ament_install'
[1.426s] Level 1:colcon.colcon_core.package_identification:_identify(src/diffdrive_arduino) by extensions ['colcon_pkg']
[1.426s] Level 1:colcon.colcon_core.package_identification:_identify(src/diffdrive_arduino) by extension 'colcon_pkg'
[1.426s] Level 1:colcon.colcon_core.package_identification:_identify(src/diffdrive_arduino) by extensions ['colcon_meta']
[1.426s] Level 1:colcon.colcon_core.package_identification:_identify(src/diffdrive_arduino) by extension 'colcon_meta'
[1.426s] Level 1:colcon.colcon_core.package_identification:_identify(src/diffdrive_arduino) by extensions ['ros']
[1.426s] Level 1:colcon.colcon_core.package_identification:_identify(src/diffdrive_arduino) by extension 'ros'
[1.430s] DEBUG:colcon.colcon_core.package_identification:Package 'src/diffdrive_arduino' with type 'ros.ament_cmake' and name 'diffdrive_arduino'
[1.430s] Level 1:colcon.colcon_core.package_identification:_identify(src/serial) by extensions ['ignore', 'ignore_ament_install']
[1.431s] Level 1:colcon.colcon_core.package_identification:_identify(src/serial) by extension 'ignore'
[1.431s] Level 1:colcon.colcon_core.package_identification:_identify(src/serial) by extension 'ignore_ament_install'
[1.431s] Level 1:colcon.colcon_core.package_identification:_identify(src/serial) by extensions ['colcon_pkg']
[1.431s] Level 1:colcon.colcon_core.package_identification:_identify(src/serial) by extension 'colcon_pkg'
[1.431s] Level 1:colcon.colcon_core.package_identification:_identify(src/serial) by extensions ['colcon_meta']
[1.432s] Level 1:colcon.colcon_core.package_identification:_identify(src/serial) by extension 'colcon_meta'
[1.432s] Level 1:colcon.colcon_core.package_identification:_identify(src/serial) by extensions ['ros']
[1.432s] Level 1:colcon.colcon_core.package_identification:_identify(src/serial) by extension 'ros'
[1.434s] DEBUG:colcon.colcon_core.package_identification:Package 'src/serial' with type 'ros.ament_cmake' and name 'serial'
[1.434s] Level 1:colcon.colcon_core.package_discovery:discover_packages(recursive) using defaults
[1.435s] Level 1:colcon.colcon_core.package_discovery:discover_packages(ignore) discover
[1.435s] Level 1:colcon.colcon_core.package_discovery:discover_packages(ignore) using defaults
[1.435s] Level 1:colcon.colcon_core.package_discovery:discover_packages(path) discover
[1.435s] Level 1:colcon.colcon_core.package_discovery:discover_packages(path) using defaults
[1.492s] Level 1:colcon.colcon_core.package_discovery:discover_packages(prefix_path) check parameters
[1.493s] Level 1:colcon.colcon_core.package_discovery:discover_packages(prefix_path) discover
[1.501s] DEBUG:colcon.colcon_installed_package_information.package_discovery:Found 3 installed packages in /home/abcs/robo_ws/install
[1.510s] DEBUG:colcon.colcon_installed_package_information.package_discovery:Found 321 installed packages in /opt/ros/foxy
[1.556s] Level 1:colcon.colcon_core.package_discovery:discover_packages(prefix_path) using defaults
[1.920s] Level 5:colcon.colcon_core.verb:set package 'articubot_one' build argument 'cmake_args' from command line to 'None'
[1.921s] Level 5:colcon.colcon_core.verb:set package 'articubot_one' build argument 'cmake_target' from command line to 'None'
[1.921s] Level 5:colcon.colcon_core.verb:set package 'articubot_one' build argument 'cmake_target_skip_unavailable' from command line to 'False'
[1.921s] Level 5:colcon.colcon_core.verb:set package 'articubot_one' build argument 'cmake_clean_cache' from command line to 'False'
[1.921s] Level 5:colcon.colcon_core.verb:set package 'articubot_one' build argument 'cmake_clean_first' from command line to 'False'
[1.921s] Level 5:colcon.colcon_core.verb:set package 'articubot_one' build argument 'cmake_force_configure' from command line to 'False'
[1.921s] Level 5:colcon.colcon_core.verb:set package 'articubot_one' build argument 'ament_cmake_args' from command line to 'None'
[1.921s] Level 5:colcon.colcon_core.verb:set package 'articubot_one' build argument 'catkin_cmake_args' from command line to 'None'
[1.921s] Level 5:colcon.colcon_core.verb:set package 'articubot_one' build argument 'catkin_skip_building_tests' from command line to 'False'
[1.922s] DEBUG:colcon.colcon_core.verb:Building package 'articubot_one' with the following arguments: {'ament_cmake_args': None, 'build_base': '/home/abcs/robo_ws/build/articubot_one', 'catkin_cmake_args': None, 'catkin_skip_building_tests': False, 'cmake_args': None, 'cmake_clean_cache': False, 'cmake_clean_first': False, 'cmake_force_configure': False, 'cmake_target': None, 'cmake_target_skip_unavailable': False, 'install_base': '/home/abcs/robo_ws/install/articubot_one', 'merge_install': False, 'path': '/home/abcs/robo_ws/src/articubot_one', 'symlink_install': False, 'test_result_base': None}
[1.923s] Level 5:colcon.colcon_core.verb:set package 'serial' build argument 'cmake_args' from command line to 'None'
[1.923s] Level 5:colcon.colcon_core.verb:set package 'serial' build argument 'cmake_target' from command line to 'None'
[1.924s] Level 5:colcon.colcon_core.verb:set package 'serial' build argument 'cmake_target_skip_unavailable' from command line to 'False'
[1.924s] Level 5:colcon.colcon_core.verb:set package 'serial' build argument 'cmake_clean_cache' from command line to 'False'
[1.924s] Level 5:colcon.colcon_core.verb:set package 'serial' build argument 'cmake_clean_first' from command line to 'False'
[1.924s] Level 5:colcon.colcon_core.verb:set package 'serial' build argument 'cmake_force_configure' from command line to 'False'
[1.924s] Level 5:colcon.colcon_core.verb:set package 'serial' build argument 'ament_cmake_args' from command line to 'None'
[1.924s] Level 5:colcon.colcon_core.verb:set package 'serial' build argument 'catkin_cmake_args' from command line to 'None'
[1.924s] Level 5:colcon.colcon_core.verb:set package 'serial' build argument 'catkin_skip_building_tests' from command line to 'False'
[1.924s] DEBUG:colcon.colcon_core.verb:Building package 'serial' with the following arguments: {'ament_cmake_args': None, 'build_base': '/home/abcs/robo_ws/build/serial', 'catkin_cmake_args': None, 'catkin_skip_building_tests': False, 'cmake_args': None, 'cmake_clean_cache': False, 'cmake_clean_first': False, 'cmake_force_configure': False, 'cmake_target': None, 'cmake_target_skip_unavailable': False, 'install_base': '/home/abcs/robo_ws/install/serial', 'merge_install': False, 'path': '/home/abcs/robo_ws/src/serial', 'symlink_install': False, 'test_result_base': None}
[1.926s] Level 5:colcon.colcon_core.verb:set package 'diffdrive_arduino' build argument 'cmake_args' from command line to 'None'
[1.926s] Level 5:colcon.colcon_core.verb:set package 'diffdrive_arduino' build argument 'cmake_target' from command line to 'None'
[1.926s] Level 5:colcon.colcon_core.verb:set package 'diffdrive_arduino' build argument 'cmake_target_skip_unavailable' from command line to 'False'
[1.926s] Level 5:colcon.colcon_core.verb:set package 'diffdrive_arduino' build argument 'cmake_clean_cache' from command line to 'False'
[1.926s] Level 5:colcon.colcon_core.verb:set package 'diffdrive_arduino' build argument 'cmake_clean_first' from command line to 'False'
[1.926s] Level 5:colcon.colcon_core.verb:set package 'diffdrive_arduino' build argument 'cmake_force_configure' from command line to 'False'
[1.926s] Level 5:colcon.colcon_core.verb:set package 'diffdrive_arduino' build argument 'ament_cmake_args' from command line to 'None'
[1.927s] Level 5:colcon.colcon_core.verb:set package 'diffdrive_arduino' build argument 'catkin_cmake_args' from command line to 'None'
[1.927s] Level 5:colcon.colcon_core.verb:set package 'diffdrive_arduino' build argument 'catkin_skip_building_tests' from command line to 'False'
[1.927s] DEBUG:colcon.colcon_core.verb:Building package 'diffdrive_arduino' with the following arguments: {'ament_cmake_args': None, 'build_base': '/home/abcs/robo_ws/build/diffdrive_arduino', 'catkin_cmake_args': None, 'catkin_skip_building_tests': False, 'cmake_args': None, 'cmake_clean_cache': False, 'cmake_clean_first': False, 'cmake_force_configure': False, 'cmake_target': None, 'cmake_target_skip_unavailable': False, 'install_base': '/home/abcs/robo_ws/install/diffdrive_arduino', 'merge_install': False, 'path': '/home/abcs/robo_ws/src/diffdrive_arduino', 'symlink_install': False, 'test_result_base': None}
[1.927s] INFO:colcon.colcon_core.executor:Executing jobs using 'parallel' executor
[1.931s] DEBUG:colcon.colcon_parallel_executor.executor.parallel:run_until_complete
[1.932s] INFO:colcon.colcon_ros.task.ament_cmake.build:Building ROS package in '/home/abcs/robo_ws/src/serial' with build type 'ament_cmake'
[1.932s] INFO:colcon.colcon_cmake.task.cmake.build:Building CMake package in '/home/abcs/robo_ws/src/serial'
[1.940s] INFO:colcon.colcon_core.plugin_system:Skipping extension 'colcon_core.shell.bat': Not used on non-Windows systems
[1.941s] INFO:colcon.colcon_core.shell:Skip shell extension 'powershell' for command environment: Not usable outside of PowerShell
[1.941s] DEBUG:colcon.colcon_core.shell:Skip shell extension 'dsv' for command environment
[1.963s] INFO:colcon.colcon_ros.task.ament_cmake.build:Building ROS package in '/home/abcs/robo_ws/src/articubot_one' with build type 'ament_cmake'
[1.964s] INFO:colcon.colcon_cmake.task.cmake.build:Building CMake package in '/home/abcs/robo_ws/src/articubot_one'
[1.965s] INFO:colcon.colcon_core.shell:Skip shell extension 'powershell' for command environment: Not usable outside of PowerShell
[1.966s] DEBUG:colcon.colcon_core.shell:Skip shell extension 'dsv' for command environment
[2.005s] DEBUG:colcon.colcon_core.event_handler.log_command:Invoking command in '/home/abcs/robo_ws/build/serial': CMAKE_PREFIX_PATH=${CMAKE_PREFIX_PATH}:/opt/ros/foxy /usr/bin/cmake --build /home/abcs/robo_ws/build/serial -- -j4 -l4
[2.039s] DEBUG:colcon.colcon_core.event_handler.log_command:Invoking command in '/home/abcs/robo_ws/build/articubot_one': CMAKE_PREFIX_PATH=${CMAKE_PREFIX_PATH}:/opt/ros/foxy /usr/bin/cmake --build /home/abcs/robo_ws/build/articubot_one -- -j4 -l4
[2.223s] DEBUG:colcon.colcon_core.event_handler.log_command:Invoked command in '/home/abcs/robo_ws/build/articubot_one' returned '0': CMAKE_PREFIX_PATH=${CMAKE_PREFIX_PATH}:/opt/ros/foxy /usr/bin/cmake --build /home/abcs/robo_ws/build/articubot_one -- -j4 -l4
[2.270s] DEBUG:colcon.colcon_core.event_handler.log_command:Invoking command in '/home/abcs/robo_ws/build/articubot_one': CMAKE_PREFIX_PATH=${CMAKE_PREFIX_PATH}:/opt/ros/foxy /usr/bin/cmake --install /home/abcs/robo_ws/build/articubot_one
[2.368s] Level 1:colcon.colcon_core.environment:create_environment_scripts_only(articubot_one)
[2.388s] Level 1:colcon.colcon_core.environment:checking '/home/abcs/robo_ws/install/articubot_one' for CMake module files
[2.393s] Level 1:colcon.colcon_core.environment:checking '/home/abcs/robo_ws/install/articubot_one' for CMake config files
[2.403s] Level 1:colcon.colcon_core.shell:create_environment_hook('articubot_one', 'cmake_prefix_path')
[2.404s] INFO:colcon.colcon_core.shell:Creating environment hook '/home/abcs/robo_ws/install/articubot_one/share/articubot_one/hook/cmake_prefix_path.ps1'
[2.405s] DEBUG:colcon.colcon_core.event_handler.log_command:Invoked command in '/home/abcs/robo_ws/build/articubot_one' returned '0': CMAKE_PREFIX_PATH=${CMAKE_PREFIX_PATH}:/opt/ros/foxy /usr/bin/cmake --install /home/abcs/robo_ws/build/articubot_one
[2.409s] INFO:colcon.colcon_core.shell:Creating environment descriptor '/home/abcs/robo_ws/install/articubot_one/share/articubot_one/hook/cmake_prefix_path.dsv'
[2.413s] INFO:colcon.colcon_core.shell:Creating environment hook '/home/abcs/robo_ws/install/articubot_one/share/articubot_one/hook/cmake_prefix_path.sh'
[2.417s] Level 1:colcon.colcon_core.environment:checking '/home/abcs/robo_ws/install/articubot_one/bin'
[2.417s] Level 1:colcon.colcon_core.environment:checking '/home/abcs/robo_ws/install/articubot_one/lib/pkgconfig/articubot_one.pc'
[2.418s] Level 1:colcon.colcon_core.environment:checking '/home/abcs/robo_ws/install/articubot_one/lib/python3.8/site-packages'
[2.419s] Level 1:colcon.colcon_core.environment:checking '/home/abcs/robo_ws/install/articubot_one/bin'
[2.420s] INFO:colcon.colcon_core.shell:Creating package script '/home/abcs/robo_ws/install/articubot_one/share/articubot_one/package.ps1'
[2.424s] INFO:colcon.colcon_core.shell:Creating package descriptor '/home/abcs/robo_ws/install/articubot_one/share/articubot_one/package.dsv'
[2.427s] INFO:colcon.colcon_core.shell:Creating package script '/home/abcs/robo_ws/install/articubot_one/share/articubot_one/package.sh'
[2.431s] INFO:colcon.colcon_core.shell:Creating package script '/home/abcs/robo_ws/install/articubot_one/share/articubot_one/package.bash'
[2.435s] INFO:colcon.colcon_core.shell:Creating package script '/home/abcs/robo_ws/install/articubot_one/share/articubot_one/package.zsh'
[2.439s] Level 1:colcon.colcon_core.environment:create_file_with_runtime_dependencies(/home/abcs/robo_ws/install/articubot_one/share/colcon-core/packages/articubot_one)
[2.442s] Level 1:colcon.colcon_core.environment:create_environment_scripts_only(articubot_one)
[2.443s] Level 1:colcon.colcon_core.environment:checking '/home/abcs/robo_ws/install/articubot_one' for CMake module files
[2.447s] Level 1:colcon.colcon_core.environment:checking '/home/abcs/robo_ws/install/articubot_one' for CMake config files
[2.449s] Level 1:colcon.colcon_core.shell:create_environment_hook('articubot_one', 'cmake_prefix_path')
[2.450s] INFO:colcon.colcon_core.shell:Creating environment hook '/home/abcs/robo_ws/install/articubot_one/share/articubot_one/hook/cmake_prefix_path.ps1'
[2.453s] INFO:colcon.colcon_core.shell:Creating environment descriptor '/home/abcs/robo_ws/install/articubot_one/share/articubot_one/hook/cmake_prefix_path.dsv'
[2.454s] INFO:colcon.colcon_core.shell:Creating environment hook '/home/abcs/robo_ws/install/articubot_one/share/articubot_one/hook/cmake_prefix_path.sh'
[2.457s] Level 1:colcon.colcon_core.environment:checking '/home/abcs/robo_ws/install/articubot_one/bin'
[2.457s] Level 1:colcon.colcon_core.environment:checking '/home/abcs/robo_ws/install/articubot_one/lib/pkgconfig/articubot_one.pc'
[2.458s] Level 1:colcon.colcon_core.environment:checking '/home/abcs/robo_ws/install/articubot_one/lib/python3.8/site-packages'
[2.459s] Level 1:colcon.colcon_core.environment:checking '/home/abcs/robo_ws/install/articubot_one/bin'
[2.460s] INFO:colcon.colcon_core.shell:Creating package script '/home/abcs/robo_ws/install/articubot_one/share/articubot_one/package.ps1'
[2.462s] INFO:colcon.colcon_core.shell:Creating package descriptor '/home/abcs/robo_ws/install/articubot_one/share/articubot_one/package.dsv'
[2.465s] INFO:colcon.colcon_core.shell:Creating package script '/home/abcs/robo_ws/install/articubot_one/share/articubot_one/package.sh'
[2.467s] INFO:colcon.colcon_core.shell:Creating package script '/home/abcs/robo_ws/install/articubot_one/share/articubot_one/package.bash'
[2.469s] INFO:colcon.colcon_core.shell:Creating package script '/home/abcs/robo_ws/install/articubot_one/share/articubot_one/package.zsh'
[2.471s] Level 1:colcon.colcon_core.environment:create_file_with_runtime_dependencies(/home/abcs/robo_ws/install/articubot_one/share/colcon-core/packages/articubot_one)
[2.476s] DEBUG:colcon.colcon_core.event_handler.log_command:Invoked command in '/home/abcs/robo_ws/build/serial' returned '0': CMAKE_PREFIX_PATH=${CMAKE_PREFIX_PATH}:/opt/ros/foxy /usr/bin/cmake --build /home/abcs/robo_ws/build/serial -- -j4 -l4
[2.485s] DEBUG:colcon.colcon_core.event_handler.log_command:Invoking command in '/home/abcs/robo_ws/build/serial': CMAKE_PREFIX_PATH=${CMAKE_PREFIX_PATH}:/opt/ros/foxy /usr/bin/cmake --install /home/abcs/robo_ws/build/serial
[2.529s] Level 1:colcon.colcon_core.environment:create_environment_scripts_only(serial)
[2.531s] Level 1:colcon.colcon_core.environment:checking '/home/abcs/robo_ws/install/serial' for CMake module files
[2.532s] DEBUG:colcon.colcon_core.event_handler.log_command:Invoked command in '/home/abcs/robo_ws/build/serial' returned '0': CMAKE_PREFIX_PATH=${CMAKE_PREFIX_PATH}:/opt/ros/foxy /usr/bin/cmake --install /home/abcs/robo_ws/build/serial
[2.534s] Level 1:colcon.colcon_core.environment:checking '/home/abcs/robo_ws/install/serial' for CMake config files
[2.536s] Level 1:colcon.colcon_core.shell:create_environment_hook('serial', 'cmake_prefix_path')
[2.536s] INFO:colcon.colcon_core.shell:Creating environment hook '/home/abcs/robo_ws/install/serial/share/serial/hook/cmake_prefix_path.ps1'
[2.539s] INFO:colcon.colcon_core.shell:Creating environment descriptor '/home/abcs/robo_ws/install/serial/share/serial/hook/cmake_prefix_path.dsv'
[2.541s] INFO:colcon.colcon_core.shell:Creating environment hook '/home/abcs/robo_ws/install/serial/share/serial/hook/cmake_prefix_path.sh'
[2.544s] Level 1:colcon.colcon_core.environment:checking '/home/abcs/robo_ws/install/serial/lib'
[2.545s] Level 1:colcon.colcon_core.environment:checking '/home/abcs/robo_ws/install/serial/bin'
[2.546s] Level 1:colcon.colcon_core.environment:checking '/home/abcs/robo_ws/install/serial/lib/pkgconfig/serial.pc'
[2.547s] Level 1:colcon.colcon_core.environment:checking '/home/abcs/robo_ws/install/serial/lib/python3.8/site-packages'
[2.547s] Level 1:colcon.colcon_core.environment:checking '/home/abcs/robo_ws/install/serial/bin'
[2.549s] INFO:colcon.colcon_core.shell:Creating package script '/home/abcs/robo_ws/install/serial/share/serial/package.ps1'
[2.551s] INFO:colcon.colcon_core.shell:Creating package descriptor '/home/abcs/robo_ws/install/serial/share/serial/package.dsv'
[2.553s] INFO:colcon.colcon_core.shell:Creating package script '/home/abcs/robo_ws/install/serial/share/serial/package.sh'
[2.555s] INFO:colcon.colcon_core.shell:Creating package script '/home/abcs/robo_ws/install/serial/share/serial/package.bash'
[2.557s] INFO:colcon.colcon_core.shell:Creating package script '/home/abcs/robo_ws/install/serial/share/serial/package.zsh'
[2.559s] Level 1:colcon.colcon_core.environment:create_file_with_runtime_dependencies(/home/abcs/robo_ws/install/serial/share/colcon-core/packages/serial)
[2.561s] Level 1:colcon.colcon_core.environment:create_environment_scripts_only(serial)
[2.562s] Level 1:colcon.colcon_core.environment:checking '/home/abcs/robo_ws/install/serial' for CMake module files
[2.565s] Level 1:colcon.colcon_core.environment:checking '/home/abcs/robo_ws/install/serial' for CMake config files
[2.566s] Level 1:colcon.colcon_core.shell:create_environment_hook('serial', 'cmake_prefix_path')
[2.567s] INFO:colcon.colcon_core.shell:Creating environment hook '/home/abcs/robo_ws/install/serial/share/serial/hook/cmake_prefix_path.ps1'
[2.569s] INFO:colcon.colcon_core.shell:Creating environment descriptor '/home/abcs/robo_ws/install/serial/share/serial/hook/cmake_prefix_path.dsv'
[2.570s] INFO:colcon.colcon_core.shell:Creating environment hook '/home/abcs/robo_ws/install/serial/share/serial/hook/cmake_prefix_path.sh'
[2.573s] Level 1:colcon.colcon_core.environment:checking '/home/abcs/robo_ws/install/serial/lib'
[2.573s] Level 1:colcon.colcon_core.environment:checking '/home/abcs/robo_ws/install/serial/bin'
[2.574s] Level 1:colcon.colcon_core.environment:checking '/home/abcs/robo_ws/install/serial/lib/pkgconfig/serial.pc'
[2.574s] Level 1:colcon.colcon_core.environment:checking '/home/abcs/robo_ws/install/serial/lib/python3.8/site-packages'
[2.575s] Level 1:colcon.colcon_core.environment:checking '/home/abcs/robo_ws/install/serial/bin'
[2.576s] INFO:colcon.colcon_core.shell:Creating package script '/home/abcs/robo_ws/install/serial/share/serial/package.ps1'
[2.578s] INFO:colcon.colcon_core.shell:Creating package descriptor '/home/abcs/robo_ws/install/serial/share/serial/package.dsv'
[2.581s] INFO:colcon.colcon_core.shell:Creating package script '/home/abcs/robo_ws/install/serial/share/serial/package.sh'
[2.583s] INFO:colcon.colcon_core.shell:Creating package script '/home/abcs/robo_ws/install/serial/share/serial/package.bash'
[2.585s] INFO:colcon.colcon_core.shell:Creating package script '/home/abcs/robo_ws/install/serial/share/serial/package.zsh'
[2.587s] Level 1:colcon.colcon_core.environment:create_file_with_runtime_dependencies(/home/abcs/robo_ws/install/serial/share/colcon-core/packages/serial)
[2.589s] INFO:colcon.colcon_ros.task.ament_cmake.build:Building ROS package in '/home/abcs/robo_ws/src/diffdrive_arduino' with build type 'ament_cmake'
[2.589s] INFO:colcon.colcon_cmake.task.cmake.build:Building CMake package in '/home/abcs/robo_ws/src/diffdrive_arduino'
[2.590s] INFO:colcon.colcon_core.shell:Skip shell extension 'powershell' for command environment: Not usable outside of PowerShell
[2.590s] DEBUG:colcon.colcon_core.shell:Skip shell extension 'dsv' for command environment
[2.641s] DEBUG:colcon.colcon_core.event_handler.log_command:Invoking command in '/home/abcs/robo_ws/build/diffdrive_arduino': CMAKE_PREFIX_PATH=/home/abcs/robo_ws/install/serial:/home/abcs/robo_ws/install/diffdrive_arduino:/home/abcs/robo_ws/install/articubot_one:/opt/ros/foxy /usr/bin/cmake --build /home/abcs/robo_ws/build/diffdrive_arduino -- -j4 -l4
[2.992s] DEBUG:colcon.colcon_core.event_handler.log_command:Invoked command in '/home/abcs/robo_ws/build/diffdrive_arduino' returned '0': CMAKE_PREFIX_PATH=/home/abcs/robo_ws/install/serial:/home/abcs/robo_ws/install/diffdrive_arduino:/home/abcs/robo_ws/install/articubot_one:/opt/ros/foxy /usr/bin/cmake --build /home/abcs/robo_ws/build/diffdrive_arduino -- -j4 -l4
[3.003s] DEBUG:colcon.colcon_core.event_handler.log_command:Invoking command in '/home/abcs/robo_ws/build/diffdrive_arduino': CMAKE_PREFIX_PATH=/home/abcs/robo_ws/install/serial:/home/abcs/robo_ws/install/diffdrive_arduino:/home/abcs/robo_ws/install/articubot_one:/opt/ros/foxy /usr/bin/cmake --install /home/abcs/robo_ws/build/diffdrive_arduino
[3.060s] Level 1:colcon.colcon_core.environment:create_environment_scripts_only(diffdrive_arduino)
[3.062s] Level 1:colcon.colcon_core.environment:checking '/home/abcs/robo_ws/install/diffdrive_arduino' for CMake module files
[3.066s] Level 1:colcon.colcon_core.environment:checking '/home/abcs/robo_ws/install/diffdrive_arduino' for CMake config files
[3.069s] Level 1:colcon.colcon_core.shell:create_environment_hook('diffdrive_arduino', 'cmake_prefix_path')
[3.070s] INFO:colcon.colcon_core.shell:Creating environment hook '/home/abcs/robo_ws/install/diffdrive_arduino/share/diffdrive_arduino/hook/cmake_prefix_path.ps1'
[3.075s] INFO:colcon.colcon_core.shell:Creating environment descriptor '/home/abcs/robo_ws/install/diffdrive_arduino/share/diffdrive_arduino/hook/cmake_prefix_path.dsv'
[3.079s] INFO:colcon.colcon_core.shell:Creating environment hook '/home/abcs/robo_ws/install/diffdrive_arduino/share/diffdrive_arduino/hook/cmake_prefix_path.sh'
[3.087s] Level 1:colcon.colcon_core.environment:checking '/home/abcs/robo_ws/install/diffdrive_arduino/lib'
[3.088s] Level 1:colcon.colcon_core.shell:create_environment_hook('diffdrive_arduino', 'ld_library_path_lib')
[3.089s] INFO:colcon.colcon_core.shell:Creating environment hook '/home/abcs/robo_ws/install/diffdrive_arduino/share/diffdrive_arduino/hook/ld_library_path_lib.ps1'
[3.090s] DEBUG:colcon.colcon_core.event_handler.log_command:Invoked command in '/home/abcs/robo_ws/build/diffdrive_arduino' returned '0': CMAKE_PREFIX_PATH=/home/abcs/robo_ws/install/serial:/home/abcs/robo_ws/install/diffdrive_arduino:/home/abcs/robo_ws/install/articubot_one:/opt/ros/foxy /usr/bin/cmake --install /home/abcs/robo_ws/build/diffdrive_arduino
[3.092s] INFO:colcon.colcon_core.shell:Creating environment descriptor '/home/abcs/robo_ws/install/diffdrive_arduino/share/diffdrive_arduino/hook/ld_library_path_lib.dsv'
[3.094s] INFO:colcon.colcon_core.shell:Creating environment hook '/home/abcs/robo_ws/install/diffdrive_arduino/share/diffdrive_arduino/hook/ld_library_path_lib.sh'
[3.096s] Level 1:colcon.colcon_core.environment:checking '/home/abcs/robo_ws/install/diffdrive_arduino/bin'
[3.096s] Level 1:colcon.colcon_core.environment:checking '/home/abcs/robo_ws/install/diffdrive_arduino/lib/pkgconfig/diffdrive_arduino.pc'
[3.097s] Level 1:colcon.colcon_core.environment:checking '/home/abcs/robo_ws/install/diffdrive_arduino/lib/python3.8/site-packages'
[3.098s] Level 1:colcon.colcon_core.environment:checking '/home/abcs/robo_ws/install/diffdrive_arduino/bin'
[3.099s] INFO:colcon.colcon_core.shell:Creating package script '/home/abcs/robo_ws/install/diffdrive_arduino/share/diffdrive_arduino/package.ps1'
[3.102s] INFO:colcon.colcon_core.shell:Creating package descriptor '/home/abcs/robo_ws/install/diffdrive_arduino/share/diffdrive_arduino/package.dsv'
[3.104s] INFO:colcon.colcon_core.shell:Creating package script '/home/abcs/robo_ws/install/diffdrive_arduino/share/diffdrive_arduino/package.sh'
[3.106s] INFO:colcon.colcon_core.shell:Creating package script '/home/abcs/robo_ws/install/diffdrive_arduino/share/diffdrive_arduino/package.bash'
[3.108s] INFO:colcon.colcon_core.shell:Creating package script '/home/abcs/robo_ws/install/diffdrive_arduino/share/diffdrive_arduino/package.zsh'
[3.110s] Level 1:colcon.colcon_core.environment:create_file_with_runtime_dependencies(/home/abcs/robo_ws/install/diffdrive_arduino/share/colcon-core/packages/diffdrive_arduino)
[3.112s] Level 1:colcon.colcon_core.environment:create_environment_scripts_only(diffdrive_arduino)
[3.113s] Level 1:colcon.colcon_core.environment:checking '/home/abcs/robo_ws/install/diffdrive_arduino' for CMake module files
[3.116s] Level 1:colcon.colcon_core.environment:checking '/home/abcs/robo_ws/install/diffdrive_arduino' for CMake config files
[3.117s] Level 1:colcon.colcon_core.shell:create_environment_hook('diffdrive_arduino', 'cmake_prefix_path')
[3.118s] INFO:colcon.colcon_core.shell:Creating environment hook '/home/abcs/robo_ws/install/diffdrive_arduino/share/diffdrive_arduino/hook/cmake_prefix_path.ps1'
[3.120s] INFO:colcon.colcon_core.shell:Creating environment descriptor '/home/abcs/robo_ws/install/diffdrive_arduino/share/diffdrive_arduino/hook/cmake_prefix_path.dsv'
[3.122s] INFO:colcon.colcon_core.shell:Creating environment hook '/home/abcs/robo_ws/install/diffdrive_arduino/share/diffdrive_arduino/hook/cmake_prefix_path.sh'
[3.124s] Level 1:colcon.colcon_core.environment:checking '/home/abcs/robo_ws/install/diffdrive_arduino/lib'
[3.125s] Level 1:colcon.colcon_core.shell:create_environment_hook('diffdrive_arduino', 'ld_library_path_lib')
[3.126s] INFO:colcon.colcon_core.shell:Creating environment hook '/home/abcs/robo_ws/install/diffdrive_arduino/share/diffdrive_arduino/hook/ld_library_path_lib.ps1'
[3.128s] INFO:colcon.colcon_core.shell:Creating environment descriptor '/home/abcs/robo_ws/install/diffdrive_arduino/share/diffdrive_arduino/hook/ld_library_path_lib.dsv'
[3.129s] INFO:colcon.colcon_core.shell:Creating environment hook '/home/abcs/robo_ws/install/diffdrive_arduino/share/diffdrive_arduino/hook/ld_library_path_lib.sh'
[3.131s] Level 1:colcon.colcon_core.environment:checking '/home/abcs/robo_ws/install/diffdrive_arduino/bin'
[3.132s] Level 1:colcon.colcon_core.environment:checking '/home/abcs/robo_ws/install/diffdrive_arduino/lib/pkgconfig/diffdrive_arduino.pc'
[3.132s] Level 1:colcon.colcon_core.environment:checking '/home/abcs/robo_ws/install/diffdrive_arduino/lib/python3.8/site-packages'
[3.133s] Level 1:colcon.colcon_core.environment:checking '/home/abcs/robo_ws/install/diffdrive_arduino/bin'
[3.134s] INFO:colcon.colcon_core.shell:Creating package script '/home/abcs/robo_ws/install/diffdrive_arduino/share/diffdrive_arduino/package.ps1'
[3.137s] INFO:colcon.colcon_core.shell:Creating package descriptor '/home/abcs/robo_ws/install/diffdrive_arduino/share/diffdrive_arduino/package.dsv'
[3.139s] INFO:colcon.colcon_core.shell:Creating package script '/home/abcs/robo_ws/install/diffdrive_arduino/share/diffdrive_arduino/package.sh'
[3.141s] INFO:colcon.colcon_core.shell:Creating package script '/home/abcs/robo_ws/install/diffdrive_arduino/share/diffdrive_arduino/package.bash'
[3.143s] INFO:colcon.colcon_core.shell:Creating package script '/home/abcs/robo_ws/install/diffdrive_arduino/share/diffdrive_arduino/package.zsh'
[3.145s] Level 1:colcon.colcon_core.environment:create_file_with_runtime_dependencies(/home/abcs/robo_ws/install/diffdrive_arduino/share/colcon-core/packages/diffdrive_arduino)
[3.147s] DEBUG:colcon.colcon_parallel_executor.executor.parallel:closing loop
[3.148s] DEBUG:colcon.colcon_parallel_executor.executor.parallel:loop closed
[3.148s] DEBUG:colcon.colcon_parallel_executor.executor.parallel:run_until_complete finished with '0'
[3.149s] DEBUG:colcon.colcon_core.event_reactor:joining thread
[3.167s] INFO:colcon.colcon_core.plugin_system:Skipping extension 'colcon_notification.desktop_notification.notify_send': Could not find 'notify-send'
[3.167s] INFO:colcon.colcon_core.plugin_system:Skipping extension 'colcon_notification.desktop_notification.terminal_notifier': Not used on non-Darwin systems
[3.168s] INFO:colcon.colcon_core.plugin_system:Skipping extension 'colcon_notification.desktop_notification.win32': Not used on non-Windows systems
[3.168s] INFO:colcon.colcon_notification.desktop_notification:Sending desktop notification using 'notify2'
[3.171s] DEBUG:colcon.colcon_notification.desktop_notification.notify2:Failed to initialize notify2: org.freedesktop.DBus.Error.ServiceUnknown: The name org.freedesktop.Notifications was not provided by any .service files
[3.171s] DEBUG:colcon.colcon_core.event_reactor:joined thread
[3.172s] INFO:colcon.colcon_core.shell:Creating prefix script '/home/abcs/robo_ws/install/local_setup.ps1'
[3.176s] INFO:colcon.colcon_core.shell:Creating prefix util module '/home/abcs/robo_ws/install/_local_setup_util_ps1.py'
[3.182s] INFO:colcon.colcon_core.shell:Creating prefix chain script '/home/abcs/robo_ws/install/setup.ps1'
[3.187s] INFO:colcon.colcon_core.shell:Creating prefix script '/home/abcs/robo_ws/install/local_setup.sh'
[3.189s] INFO:colcon.colcon_core.shell:Creating prefix util module '/home/abcs/robo_ws/install/_local_setup_util_sh.py'
[3.192s] INFO:colcon.colcon_core.shell:Creating prefix chain script '/home/abcs/robo_ws/install/setup.sh'
[3.197s] INFO:colcon.colcon_core.shell:Creating prefix script '/home/abcs/robo_ws/install/local_setup.bash'
[3.199s] INFO:colcon.colcon_core.shell:Creating prefix chain script '/home/abcs/robo_ws/install/setup.bash'
[3.203s] INFO:colcon.colcon_core.shell:Creating prefix script '/home/abcs/robo_ws/install/local_setup.zsh'
[3.206s] INFO:colcon.colcon_core.shell:Creating prefix chain script '/home/abcs/robo_ws/install/setup.zsh'
