[0.112s] Invoking command in '/home/abcs/robo_ws/build/articubot_one': CMAKE_PREFIX_PATH=${CMAKE_PREFIX_PATH}:/home/abcs/robo_ws/install/lidar_box_filter:/opt/ros/foxy /usr/bin/cmake --build /home/abcs/robo_ws/build/articubot_one -- -j4 -l4
[1.196s] Invoked command in '/home/abcs/robo_ws/build/articubot_one' returned '0': CMAKE_PREFIX_PATH=${CMAKE_PREFIX_PATH}:/home/abcs/robo_ws/install/lidar_box_filter:/opt/ros/foxy /usr/bin/cmake --build /home/abcs/robo_ws/build/articubot_one -- -j4 -l4
[1.248s] Invoking command in '/home/abcs/robo_ws/build/articubot_one': CMAKE_PREFIX_PATH=${CMAKE_PREFIX_PATH}:/home/abcs/robo_ws/install/lidar_box_filter:/opt/ros/foxy /usr/bin/cmake --install /home/abcs/robo_ws/build/articubot_one
[1.294s] -- Install configuration: ""
[1.296s] -- Execute custom install script
[1.298s] -- Up-to-date symlink: /home/abcs/robo_ws/install/articubot_one/share/articubot_one/config/ball_tracker_params_robot.yaml
[1.308s] -- Up-to-date symlink: /home/abcs/robo_ws/install/articubot_one/share/articubot_one/config/ball_tracker_params_sim.yaml
[1.309s] -- Up-to-date symlink: /home/abcs/robo_ws/install/articubot_one/share/articubot_one/config/drive_bot.rviz
[1.310s] -- Up-to-date symlink: /home/abcs/robo_ws/install/articubot_one/share/articubot_one/config/empty.yaml
[1.310s] -- Up-to-date symlink: /home/abcs/robo_ws/install/articubot_one/share/articubot_one/config/gaz_ros2_ctl_use_sim.yaml
[1.311s] -- Up-to-date symlink: /home/abcs/robo_ws/install/articubot_one/share/articubot_one/config/gazebo_params.yaml
[1.312s] -- Up-to-date symlink: /home/abcs/robo_ws/install/articubot_one/share/articubot_one/config/joystick.yaml
[1.313s] -- Up-to-date symlink: /home/abcs/robo_ws/install/articubot_one/share/articubot_one/config/main.rviz
[1.313s] -- Up-to-date symlink: /home/abcs/robo_ws/install/articubot_one/share/articubot_one/config/map.rviz
[1.314s] -- Up-to-date symlink: /home/abcs/robo_ws/install/articubot_one/share/articubot_one/config/mapper_params_online_async.yaml
[1.324s] -- Up-to-date symlink: /home/abcs/robo_ws/install/articubot_one/share/articubot_one/config/my_controllers.yaml
[1.327s] -- Up-to-date symlink: /home/abcs/robo_ws/install/articubot_one/share/articubot_one/config/nav2_params.yaml
[1.328s] -- Up-to-date symlink: /home/abcs/robo_ws/install/articubot_one/share/articubot_one/config/twist_mux.yaml
[1.329s] -- Up-to-date symlink: /home/abcs/robo_ws/install/articubot_one/share/articubot_one/config/view_bot.rviz
[1.331s] -- Up-to-date symlink: /home/abcs/robo_ws/install/articubot_one/share/articubot_one/description/camera.xacro
[1.331s] -- Up-to-date symlink: /home/abcs/robo_ws/install/articubot_one/share/articubot_one/description/depth_camera.xacro
[1.332s] -- Up-to-date symlink: /home/abcs/robo_ws/install/articubot_one/share/articubot_one/description/face.xacro
[1.333s] -- Up-to-date symlink: /home/abcs/robo_ws/install/articubot_one/share/articubot_one/description/gazebo_control.xacro
[1.334s] -- Up-to-date symlink: /home/abcs/robo_ws/install/articubot_one/share/articubot_one/description/inertial_macros.xacro
[1.342s] -- Up-to-date symlink: /home/abcs/robo_ws/install/articubot_one/share/articubot_one/description/lidar.xacro
[1.343s] -- Up-to-date symlink: /home/abcs/robo_ws/install/articubot_one/share/articubot_one/description/robot.urdf.xacro
[1.344s] -- Up-to-date symlink: /home/abcs/robo_ws/install/articubot_one/share/articubot_one/description/robot_core.xacro
[1.345s] -- Up-to-date symlink: /home/abcs/robo_ws/install/articubot_one/share/articubot_one/description/ros2_control.xacro
[1.346s] -- Up-to-date symlink: /home/abcs/robo_ws/install/articubot_one/share/articubot_one/launch/ball_tracker.launch.py
[1.347s] -- Up-to-date symlink: /home/abcs/robo_ws/install/articubot_one/share/articubot_one/launch/camera.launch.py
[1.349s] -- Up-to-date symlink: /home/abcs/robo_ws/install/articubot_one/share/articubot_one/launch/cyril.launch.py
[1.352s] -- Up-to-date symlink: /home/abcs/robo_ws/install/articubot_one/share/articubot_one/launch/joystick.launch.py
[1.353s] -- Up-to-date symlink: /home/abcs/robo_ws/install/articubot_one/share/articubot_one/launch/launch_robot.launch.py
[1.354s] -- Up-to-date symlink: /home/abcs/robo_ws/install/articubot_one/share/articubot_one/launch/launch_sim.launch.py
[1.355s] -- Up-to-date symlink: /home/abcs/robo_ws/install/articubot_one/share/articubot_one/launch/localization_launch.py
[1.359s] -- Up-to-date symlink: /home/abcs/robo_ws/install/articubot_one/share/articubot_one/launch/navigation_launch.py
[1.362s] -- Up-to-date symlink: /home/abcs/robo_ws/install/articubot_one/share/articubot_one/launch/online_async_launch.py
[1.366s] -- Up-to-date symlink: /home/abcs/robo_ws/install/articubot_one/share/articubot_one/launch/rplidar.launch.py
[1.368s] -- Up-to-date symlink: /home/abcs/robo_ws/install/articubot_one/share/articubot_one/launch/rsp.launch.py
[1.370s] -- Up-to-date symlink: /home/abcs/robo_ws/install/articubot_one/share/articubot_one/worlds/empty.world
[1.372s] -- Up-to-date symlink: /home/abcs/robo_ws/install/articubot_one/share/articubot_one/worlds/obstacles.world
[1.373s] -- Up-to-date symlink: /home/abcs/robo_ws/install/articubot_one/share/ament_index/resource_index/package_run_dependencies/articubot_one
[1.375s] -- Up-to-date symlink: /home/abcs/robo_ws/install/articubot_one/share/ament_index/resource_index/parent_prefix_path/articubot_one
[1.376s] -- Up-to-date symlink: /home/abcs/robo_ws/install/articubot_one/share/articubot_one/environment/ament_prefix_path.sh
[1.376s] -- Up-to-date symlink: /home/abcs/robo_ws/install/articubot_one/share/articubot_one/environment/ament_prefix_path.dsv
[1.377s] -- Up-to-date symlink: /home/abcs/robo_ws/install/articubot_one/share/articubot_one/environment/path.sh
[1.377s] -- Up-to-date symlink: /home/abcs/robo_ws/install/articubot_one/share/articubot_one/environment/path.dsv
[1.378s] -- Up-to-date symlink: /home/abcs/robo_ws/install/articubot_one/share/articubot_one/local_setup.bash
[1.380s] -- Up-to-date symlink: /home/abcs/robo_ws/install/articubot_one/share/articubot_one/local_setup.sh
[1.380s] -- Up-to-date symlink: /home/abcs/robo_ws/install/articubot_one/share/articubot_one/local_setup.zsh
[1.381s] -- Up-to-date symlink: /home/abcs/robo_ws/install/articubot_one/share/articubot_one/local_setup.dsv
[1.382s] -- Symlinking: /home/abcs/robo_ws/install/articubot_one/share/articubot_one/package.dsv
[1.427s] -- Up-to-date symlink: /home/abcs/robo_ws/install/articubot_one/share/ament_index/resource_index/packages/articubot_one
[1.427s] -- Up-to-date symlink: /home/abcs/robo_ws/install/articubot_one/share/articubot_one/cmake/articubot_oneConfig.cmake
[1.428s] -- Up-to-date symlink: /home/abcs/robo_ws/install/articubot_one/share/articubot_one/cmake/articubot_oneConfig-version.cmake
[1.429s] -- Up-to-date symlink: /home/abcs/robo_ws/install/articubot_one/share/articubot_one/package.xml
[1.548s] Invoked command in '/home/abcs/robo_ws/build/articubot_one' returned '0': CMAKE_PREFIX_PATH=${CMAKE_PREFIX_PATH}:/home/abcs/robo_ws/install/lidar_box_filter:/opt/ros/foxy /usr/bin/cmake --install /home/abcs/robo_ws/build/articubot_one
