[0.113s] Invoking command in '/home/abcs/robo_ws/build/serial': CMAKE_PREFIX_PATH=${CMAKE_PREFIX_PATH}:/home/abcs/robo_ws/install/lidar_box_filter:/opt/ros/foxy /usr/bin/cmake --build /home/abcs/robo_ws/build/serial -- -j4 -l4
[0.376s] [ 28%] Built target serial
[0.404s] [ 42%] Built target gtest
[0.420s] [ 57%] Built target gtest_main
[0.494s] [ 71%] Built target serial_example
[0.525s] [ 85%] Built target serial-test-timer
[0.529s] [100%] Built target serial-test
[1.252s] Invoked command in '/home/abcs/robo_ws/build/serial' returned '0': CMAKE_PREFIX_PATH=${CMAKE_PREFIX_PATH}:/home/abcs/robo_ws/install/lidar_box_filter:/opt/ros/foxy /usr/bin/cmake --build /home/abcs/robo_ws/build/serial -- -j4 -l4
[1.263s] Invoking command in '/home/abcs/robo_ws/build/serial': CMAKE_PREFIX_PATH=${CMAKE_PREFIX_PATH}:/home/abcs/robo_ws/install/lidar_box_filter:/opt/ros/foxy /usr/bin/cmake --install /home/abcs/robo_ws/build/serial
[1.309s] -- Install configuration: ""
[1.310s] -- Execute custom install script
[1.312s] -- Up-to-date symlink: /home/abcs/robo_ws/install/serial/lib/libserial.a
[1.314s] -- Up-to-date symlink: /home/abcs/robo_ws/install/serial/include/serial/serial.h
[1.314s] -- Up-to-date symlink: /home/abcs/robo_ws/install/serial/include/serial/v8stdint.h
[1.316s] -- Up-to-date symlink: /home/abcs/robo_ws/install/serial/share/serial/environment/library_path.sh
[1.317s] -- Up-to-date symlink: /home/abcs/robo_ws/install/serial/share/serial/environment/library_path.dsv
[1.318s] -- Up-to-date symlink: /home/abcs/robo_ws/install/serial/share/ament_index/resource_index/package_run_dependencies/serial
[1.322s] -- Up-to-date symlink: /home/abcs/robo_ws/install/serial/share/ament_index/resource_index/parent_prefix_path/serial
[1.323s] -- Up-to-date symlink: /home/abcs/robo_ws/install/serial/share/serial/environment/ament_prefix_path.sh
[1.325s] -- Up-to-date symlink: /home/abcs/robo_ws/install/serial/share/serial/environment/ament_prefix_path.dsv
[1.327s] -- Up-to-date symlink: /home/abcs/robo_ws/install/serial/share/serial/environment/path.sh
[1.328s] -- Up-to-date symlink: /home/abcs/robo_ws/install/serial/share/serial/environment/path.dsv
[1.329s] -- Up-to-date symlink: /home/abcs/robo_ws/install/serial/share/serial/local_setup.bash
[1.331s] -- Up-to-date symlink: /home/abcs/robo_ws/install/serial/share/serial/local_setup.sh
[1.333s] -- Up-to-date symlink: /home/abcs/robo_ws/install/serial/share/serial/local_setup.zsh
[1.334s] -- Up-to-date symlink: /home/abcs/robo_ws/install/serial/share/serial/local_setup.dsv
[1.335s] -- Symlinking: /home/abcs/robo_ws/install/serial/share/serial/package.dsv
[1.387s] -- Up-to-date symlink: /home/abcs/robo_ws/install/serial/share/ament_index/resource_index/packages/serial
[1.389s] -- Up-to-date symlink: /home/abcs/robo_ws/install/serial/share/serial/cmake/ament_cmake_export_include_directories-extras.cmake
[1.390s] -- Up-to-date symlink: /home/abcs/robo_ws/install/serial/share/serial/cmake/ament_cmake_export_libraries-extras.cmake
[1.392s] -- Up-to-date symlink: /home/abcs/robo_ws/install/serial/share/serial/cmake/serialConfig.cmake
[1.393s] -- Up-to-date symlink: /home/abcs/robo_ws/install/serial/share/serial/cmake/serialConfig-version.cmake
[1.395s] -- Up-to-date symlink: /home/abcs/robo_ws/install/serial/share/serial/package.xml
[1.409s] Invoked command in '/home/abcs/robo_ws/build/serial' returned '0': CMAKE_PREFIX_PATH=${CMAKE_PREFIX_PATH}:/home/abcs/robo_ws/install/lidar_box_filter:/opt/ros/foxy /usr/bin/cmake --install /home/abcs/robo_ws/build/serial
