[0.113s] Invoking command in '/home/abcs/robo_ws/build/serial': CMAKE_PREFIX_PATH=${CMAKE_PREFIX_PATH}:/home/abcs/robo_ws/install/lidar_box_filter:/opt/ros/foxy /usr/bin/cmake --build /home/abcs/robo_ws/build/serial -- -j4 -l4
[0.375s] [ 28%] Built target serial
[0.393s] [ 42%] Built target gtest
[0.394s] [ 57%] Built target gtest_main
[0.492s] [ 71%] Built target serial_example
[0.504s] [ 85%] Built target serial-test-timer
[0.520s] [100%] Built target serial-test
[1.267s] Invoked command in '/home/abcs/robo_ws/build/serial' returned '0': CMAKE_PREFIX_PATH=${CMAKE_PREFIX_PATH}:/home/abcs/robo_ws/install/lidar_box_filter:/opt/ros/foxy /usr/bin/cmake --build /home/abcs/robo_ws/build/serial -- -j4 -l4
[1.277s] Invoking command in '/home/abcs/robo_ws/build/serial': CMAKE_PREFIX_PATH=${CMAKE_PREFIX_PATH}:/home/abcs/robo_ws/install/lidar_box_filter:/opt/ros/foxy /usr/bin/cmake --install /home/abcs/robo_ws/build/serial
[1.318s] -- Install configuration: ""
[1.321s] -- Execute custom install script
[1.328s] -- Up-to-date symlink: /home/abcs/robo_ws/install/serial/lib/libserial.a
[1.333s] -- Up-to-date symlink: /home/abcs/robo_ws/install/serial/include/serial/serial.h
[1.336s] -- Up-to-date symlink: /home/abcs/robo_ws/install/serial/include/serial/v8stdint.h
[1.345s] -- Up-to-date symlink: /home/abcs/robo_ws/install/serial/share/serial/environment/library_path.sh
[1.347s] -- Up-to-date symlink: /home/abcs/robo_ws/install/serial/share/serial/environment/library_path.dsv
[1.351s] -- Up-to-date symlink: /home/abcs/robo_ws/install/serial/share/ament_index/resource_index/package_run_dependencies/serial
[1.352s] -- Up-to-date symlink: /home/abcs/robo_ws/install/serial/share/ament_index/resource_index/parent_prefix_path/serial
[1.356s] -- Up-to-date symlink: /home/abcs/robo_ws/install/serial/share/serial/environment/ament_prefix_path.sh
[1.361s] -- Up-to-date symlink: /home/abcs/robo_ws/install/serial/share/serial/environment/ament_prefix_path.dsv
[1.366s] -- Up-to-date symlink: /home/abcs/robo_ws/install/serial/share/serial/environment/path.sh
[1.376s] -- Up-to-date symlink: /home/abcs/robo_ws/install/serial/share/serial/environment/path.dsv
[1.385s] -- Up-to-date symlink: /home/abcs/robo_ws/install/serial/share/serial/local_setup.bash
[1.392s] -- Up-to-date symlink: /home/abcs/robo_ws/install/serial/share/serial/local_setup.sh
[1.396s] -- Up-to-date symlink: /home/abcs/robo_ws/install/serial/share/serial/local_setup.zsh
[1.404s] -- Up-to-date symlink: /home/abcs/robo_ws/install/serial/share/serial/local_setup.dsv
[1.414s] -- Symlinking: /home/abcs/robo_ws/install/serial/share/serial/package.dsv
[1.474s] -- Up-to-date symlink: /home/abcs/robo_ws/install/serial/share/ament_index/resource_index/packages/serial
[1.476s] -- Up-to-date symlink: /home/abcs/robo_ws/install/serial/share/serial/cmake/ament_cmake_export_include_directories-extras.cmake
[1.477s] -- Up-to-date symlink: /home/abcs/robo_ws/install/serial/share/serial/cmake/ament_cmake_export_libraries-extras.cmake
[1.477s] -- Up-to-date symlink: /home/abcs/robo_ws/install/serial/share/serial/cmake/serialConfig.cmake
[1.478s] -- Up-to-date symlink: /home/abcs/robo_ws/install/serial/share/serial/cmake/serialConfig-version.cmake
[1.479s] -- Up-to-date symlink: /home/abcs/robo_ws/install/serial/share/serial/package.xml
[1.569s] Invoked command in '/home/abcs/robo_ws/build/serial' returned '0': CMAKE_PREFIX_PATH=${CMAKE_PREFIX_PATH}:/home/abcs/robo_ws/install/lidar_box_filter:/opt/ros/foxy /usr/bin/cmake --install /home/abcs/robo_ws/build/serial
