[0.041s] Invoking command in '/home/abcs/robo_ws/build/diffdrive_arduino': AMENT_PREFIX_PATH=/home/abcs/robo_ws/install/serial:${AMENT_PREFIX_PATH} CMAKE_PREFIX_PATH=/home/abcs/robo_ws/install/serial:/opt/ros/foxy LD_LIBRARY_PATH=/home/abcs/robo_ws/install/serial/lib:${LD_LIBRARY_PATH} /usr/bin/cmake /home/abcs/robo_ws/src/diffdrive_arduino -DCMAKE_INSTALL_PREFIX=/home/abcs/robo_ws/install/diffdrive_arduino
[0.312s] -- The C compiler identification is GNU 9.4.0
[0.574s] -- The CXX compiler identification is GNU 9.4.0
[0.593s] -- Check for working C compiler: /usr/bin/cc
[0.900s] -- Check for working C compiler: /usr/bin/cc -- works
[0.903s] -- Detecting C compiler ABI info
[1.208s] -- Detecting C compiler ABI info - done
[1.247s] -- Detecting C compile features
[1.249s] -- Detecting C compile features - done
[1.263s] -- Check for working CXX compiler: /usr/bin/c++
[1.609s] -- Check for working CXX compiler: /usr/bin/c++ -- works
[1.613s] -- Detecting CXX compiler ABI info
[1.946s] -- Detecting CXX compiler ABI info - done
[1.985s] -- Detecting CXX compile features
[1.986s] -- Detecting CXX compile features - done
[2.012s] -- Found ament_cmake: 0.9.12 (/opt/ros/foxy/share/ament_cmake/cmake)
[2.149s] -- Found PythonInterp: /usr/bin/python3 (found suitable version "3.8.10", minimum required is "3") 
[2.150s] -- Using PYTHON_EXECUTABLE: /usr/bin/python3
[3.377s] -- Found serial: 1.2.1 (/home/abcs/robo_ws/install/serial/share/serial/cmake)
[3.412s] -- Found hardware_interface: 0.11.0 (/opt/ros/foxy/share/hardware_interface/cmake)
[3.776s] -- Using all available rosidl_typesupport_c: rosidl_typesupport_fastrtps_c;rosidl_typesupport_introspection_c
[3.860s] -- Found rosidl_adapter: 1.3.1 (/opt/ros/foxy/share/rosidl_adapter/cmake)
[4.467s] -- Found OpenSSL: /usr/lib/aarch64-linux-gnu/libcrypto.so (found version "1.1.1f")  
[4.717s] -- Found FastRTPS: /opt/ros/foxy/include  
[5.362s] -- Using all available rosidl_typesupport_cpp: rosidl_typesupport_fastrtps_cpp;rosidl_typesupport_introspection_cpp
[7.679s] -- Found controller_manager: 0.11.0 (/opt/ros/foxy/share/controller_manager/cmake)
[8.147s] -- Found rmw_implementation_cmake: 1.0.4 (/opt/ros/foxy/share/rmw_implementation_cmake/cmake)
[8.158s] -- Using RMW implementation 'rmw_fastrtps_cpp' as default
[8.161s] -- Looking for pthread.h
[8.487s] -- Looking for pthread.h - found
[8.488s] -- Performing Test CMAKE_HAVE_LIBC_PTHREAD
[8.790s] -- Performing Test CMAKE_HAVE_LIBC_PTHREAD - Failed
[8.791s] -- Looking for pthread_create in pthreads
[9.047s] -- Looking for pthread_create in pthreads - not found
[9.048s] -- Looking for pthread_create in pthread
[9.355s] -- Looking for pthread_create in pthread - found
[9.359s] -- Found Threads: TRUE  
[11.901s] -- Configuring done
[12.289s] -- Generating done
[12.374s] -- Build files have been written to: /home/abcs/robo_ws/build/diffdrive_arduino
[12.409s] Invoked command in '/home/abcs/robo_ws/build/diffdrive_arduino' returned '0': AMENT_PREFIX_PATH=/home/abcs/robo_ws/install/serial:${AMENT_PREFIX_PATH} CMAKE_PREFIX_PATH=/home/abcs/robo_ws/install/serial:/opt/ros/foxy LD_LIBRARY_PATH=/home/abcs/robo_ws/install/serial/lib:${LD_LIBRARY_PATH} /usr/bin/cmake /home/abcs/robo_ws/src/diffdrive_arduino -DCMAKE_INSTALL_PREFIX=/home/abcs/robo_ws/install/diffdrive_arduino
[12.417s] Invoking command in '/home/abcs/robo_ws/build/diffdrive_arduino': AMENT_PREFIX_PATH=/home/abcs/robo_ws/install/serial:${AMENT_PREFIX_PATH} CMAKE_PREFIX_PATH=/home/abcs/robo_ws/install/serial:/opt/ros/foxy LD_LIBRARY_PATH=/home/abcs/robo_ws/install/serial/lib:${LD_LIBRARY_PATH} /usr/bin/cmake --build /home/abcs/robo_ws/build/diffdrive_arduino -- -j4 -l4
[12.587s] [35m[1mScanning dependencies of target diffdrive_arduino[0m
[12.587s] [35m[1mScanning dependencies of target fake_robot[0m
[13.150s] [ 14%] [32mBuilding CXX object CMakeFiles/fake_robot.dir/src/fake_robot.cpp.o[0m
[13.169s] [ 28%] [32mBuilding CXX object CMakeFiles/fake_robot.dir/src/wheel.cpp.o[0m
[13.198s] [ 42%] [32mBuilding CXX object CMakeFiles/diffdrive_arduino.dir/src/diffdrive_arduino.cpp.o[0m
[13.213s] [ 57%] [32mBuilding CXX object CMakeFiles/diffdrive_arduino.dir/src/wheel.cpp.o[0m
[14.320s] [ 71%] [32mBuilding CXX object CMakeFiles/diffdrive_arduino.dir/src/arduino_comms.cpp.o[0m
[27.225s] [ 85%] [32m[1mLinking CXX shared library libfake_robot.so[0m
[27.310s] [100%] [32m[1mLinking CXX shared library libdiffdrive_arduino.so[0m
[28.716s] [100%] Built target fake_robot
[28.748s] [100%] Built target diffdrive_arduino
[28.792s] Invoked command in '/home/abcs/robo_ws/build/diffdrive_arduino' returned '0': AMENT_PREFIX_PATH=/home/abcs/robo_ws/install/serial:${AMENT_PREFIX_PATH} CMAKE_PREFIX_PATH=/home/abcs/robo_ws/install/serial:/opt/ros/foxy LD_LIBRARY_PATH=/home/abcs/robo_ws/install/serial/lib:${LD_LIBRARY_PATH} /usr/bin/cmake --build /home/abcs/robo_ws/build/diffdrive_arduino -- -j4 -l4
[28.802s] Invoking command in '/home/abcs/robo_ws/build/diffdrive_arduino': AMENT_PREFIX_PATH=/home/abcs/robo_ws/install/serial:${AMENT_PREFIX_PATH} CMAKE_PREFIX_PATH=/home/abcs/robo_ws/install/serial:/opt/ros/foxy LD_LIBRARY_PATH=/home/abcs/robo_ws/install/serial/lib:${LD_LIBRARY_PATH} /usr/bin/cmake --install /home/abcs/robo_ws/build/diffdrive_arduino
[28.833s] -- Install configuration: ""
[28.834s] -- Installing: /home/abcs/robo_ws/install/diffdrive_arduino/share/diffdrive_arduino/robot_hardware.xml
[28.835s] -- Installing: /home/abcs/robo_ws/install/diffdrive_arduino/share/diffdrive_arduino/fake_robot_hardware.xml
[28.836s] -- Installing: /home/abcs/robo_ws/install/diffdrive_arduino/lib/libdiffdrive_arduino.so
[28.842s] -- Set runtime path of "/home/abcs/robo_ws/install/diffdrive_arduino/lib/libdiffdrive_arduino.so" to ""
[28.842s] -- Installing: /home/abcs/robo_ws/install/diffdrive_arduino/lib/libfake_robot.so
[28.847s] -- Set runtime path of "/home/abcs/robo_ws/install/diffdrive_arduino/lib/libfake_robot.so" to ""
[28.848s] -- Installing: /home/abcs/robo_ws/install/diffdrive_arduino/share/diffdrive_arduino/controllers
[28.848s] -- Installing: /home/abcs/robo_ws/install/diffdrive_arduino/share/diffdrive_arduino/controllers/robot_controller_example.yaml
[28.849s] -- Up-to-date: /home/abcs/robo_ws/install/diffdrive_arduino/share/diffdrive_arduino
[28.849s] -- Installing: /home/abcs/robo_ws/install/diffdrive_arduino/share/diffdrive_arduino/test_robot.launch.py
[28.850s] -- Installing: /home/abcs/robo_ws/install/diffdrive_arduino/share/diffdrive_arduino/fake_robot.launch.py
[28.851s] -- Installing: /home/abcs/robo_ws/install/diffdrive_arduino/share/diffdrive_arduino/environment/library_path.sh
[28.852s] -- Installing: /home/abcs/robo_ws/install/diffdrive_arduino/share/diffdrive_arduino/environment/library_path.dsv
[28.853s] -- Installing: /home/abcs/robo_ws/install/diffdrive_arduino/share/ament_index/resource_index/package_run_dependencies/diffdrive_arduino
[28.855s] -- Installing: /home/abcs/robo_ws/install/diffdrive_arduino/share/ament_index/resource_index/parent_prefix_path/diffdrive_arduino
[28.856s] -- Installing: /home/abcs/robo_ws/install/diffdrive_arduino/share/diffdrive_arduino/environment/ament_prefix_path.sh
[28.857s] -- Installing: /home/abcs/robo_ws/install/diffdrive_arduino/share/diffdrive_arduino/environment/ament_prefix_path.dsv
[28.858s] -- Installing: /home/abcs/robo_ws/install/diffdrive_arduino/share/diffdrive_arduino/environment/path.sh
[28.859s] -- Installing: /home/abcs/robo_ws/install/diffdrive_arduino/share/diffdrive_arduino/environment/path.dsv
[28.860s] -- Installing: /home/abcs/robo_ws/install/diffdrive_arduino/share/diffdrive_arduino/local_setup.bash
[28.861s] -- Installing: /home/abcs/robo_ws/install/diffdrive_arduino/share/diffdrive_arduino/local_setup.sh
[28.862s] -- Installing: /home/abcs/robo_ws/install/diffdrive_arduino/share/diffdrive_arduino/local_setup.zsh
[28.863s] -- Installing: /home/abcs/robo_ws/install/diffdrive_arduino/share/diffdrive_arduino/local_setup.dsv
[28.864s] -- Installing: /home/abcs/robo_ws/install/diffdrive_arduino/share/diffdrive_arduino/package.dsv
[28.865s] -- Installing: /home/abcs/robo_ws/install/diffdrive_arduino/share/ament_index/resource_index/packages/diffdrive_arduino
[28.866s] -- Installing: /home/abcs/robo_ws/install/diffdrive_arduino/share/ament_index/resource_index/hardware_interface__pluginlib__plugin/diffdrive_arduino
[28.868s] -- Installing: /home/abcs/robo_ws/install/diffdrive_arduino/share/diffdrive_arduino/cmake/ament_cmake_export_libraries-extras.cmake
[28.869s] -- Installing: /home/abcs/robo_ws/install/diffdrive_arduino/share/diffdrive_arduino/cmake/ament_cmake_export_dependencies-extras.cmake
[28.870s] -- Installing: /home/abcs/robo_ws/install/diffdrive_arduino/share/diffdrive_arduino/cmake/diffdrive_arduinoConfig.cmake
[28.871s] -- Installing: /home/abcs/robo_ws/install/diffdrive_arduino/share/diffdrive_arduino/cmake/diffdrive_arduinoConfig-version.cmake
[28.872s] -- Installing: /home/abcs/robo_ws/install/diffdrive_arduino/share/diffdrive_arduino/package.xml
[28.887s] Invoked command in '/home/abcs/robo_ws/build/diffdrive_arduino' returned '0': AMENT_PREFIX_PATH=/home/abcs/robo_ws/install/serial:${AMENT_PREFIX_PATH} CMAKE_PREFIX_PATH=/home/abcs/robo_ws/install/serial:/opt/ros/foxy LD_LIBRARY_PATH=/home/abcs/robo_ws/install/serial/lib:${LD_LIBRARY_PATH} /usr/bin/cmake --install /home/abcs/robo_ws/build/diffdrive_arduino
