[0.742s] DEBUG:colcon:Command line arguments: ['/usr/bin/colcon', 'build', '--symlink-install']
[0.742s] DEBUG:colcon:Parsed command line arguments: Namespace(allow_overriding=[], ament_cmake_args=None, base_paths=['.'], build_base='build', catkin_cmake_args=None, catkin_skip_building_tests=False, cmake_args=None, cmake_clean_cache=False, cmake_clean_first=False, cmake_force_configure=False, cmake_target=None, cmake_target_skip_unavailable=False, continue_on_error=False, event_handlers=None, executor='parallel', ignore_user_meta=False, install_base='install', log_base=None, log_level=None, main=<bound method BuildVerb.main of <colcon_core.verb.build.BuildVerb object at 0xffffb7dae580>>, merge_install=False, metas=['./colcon.meta'], mixin=None, mixin_files=None, mixin_verb=('build',), packages_above=None, packages_above_and_dependencies=None, packages_above_depth=None, packages_end=None, packages_ignore=None, packages_ignore_regex=None, packages_select=None, packages_select_build_failed=False, packages_select_by_dep=None, packages_select_regex=None, packages_select_test_failures=False, packages_skip=None, packages_skip_build_finished=False, packages_skip_by_dep=None, packages_skip_regex=None, packages_skip_test_passed=False, packages_skip_up_to=None, packages_start=None, packages_up_to=None, packages_up_to_regex=None, parallel_workers=4, paths=None, symlink_install=True, test_result_base=None, verb_extension=<colcon_core.verb.build.BuildVerb object at 0xffffb7dae580>, verb_name='build', verb_parser=<colcon_mixin.mixin.mixin_argument.MixinArgumentDecorator object at 0xffffb7d01be0>)
[1.360s] Level 1:colcon.colcon_core.package_discovery:discover_packages(colcon_meta) check parameters
[1.360s] Level 1:colcon.colcon_core.package_discovery:discover_packages(recursive) check parameters
[1.361s] Level 1:colcon.colcon_core.package_discovery:discover_packages(ignore) check parameters
[1.361s] Level 1:colcon.colcon_core.package_discovery:discover_packages(path) check parameters
[1.361s] Level 1:colcon.colcon_core.package_discovery:discover_packages(colcon_meta) discover
[1.361s] Level 1:colcon.colcon_core.package_discovery:discover_packages(recursive) discover
[1.362s] INFO:colcon.colcon_core.package_discovery:Crawling recursively for packages in '/home/abcs/robo_ws'
[1.362s] Level 1:colcon.colcon_core.package_identification:_identify(.) by extensions ['ignore', 'ignore_ament_install']
[1.362s] Level 1:colcon.colcon_core.package_identification:_identify(.) by extension 'ignore'
[1.363s] Level 1:colcon.colcon_core.package_identification:_identify(.) by extension 'ignore_ament_install'
[1.363s] Level 1:colcon.colcon_core.package_identification:_identify(.) by extensions ['colcon_pkg']
[1.363s] Level 1:colcon.colcon_core.package_identification:_identify(.) by extension 'colcon_pkg'
[1.363s] Level 1:colcon.colcon_core.package_identification:_identify(.) by extensions ['colcon_meta']
[1.363s] Level 1:colcon.colcon_core.package_identification:_identify(.) by extension 'colcon_meta'
[1.363s] Level 1:colcon.colcon_core.package_identification:_identify(.) by extensions ['ros']
[1.364s] Level 1:colcon.colcon_core.package_identification:_identify(.) by extension 'ros'
[1.407s] Level 1:colcon.colcon_core.package_identification:_identify(.) by extensions ['cmake', 'python']
[1.408s] Level 1:colcon.colcon_core.package_identification:_identify(.) by extension 'cmake'
[1.408s] Level 1:colcon.colcon_core.package_identification:_identify(.) by extension 'python'
[1.409s] Level 1:colcon.colcon_core.package_identification:_identify(.) by extensions ['python_setup_py']
[1.409s] Level 1:colcon.colcon_core.package_identification:_identify(.) by extension 'python_setup_py'
[1.410s] Level 1:colcon.colcon_core.package_identification:_identify(build) by extensions ['ignore', 'ignore_ament_install']
[1.410s] Level 1:colcon.colcon_core.package_identification:_identify(build) by extension 'ignore'
[1.410s] Level 1:colcon.colcon_core.package_identification:_identify(build) ignored
[1.411s] Level 1:colcon.colcon_core.package_identification:_identify(install) by extensions ['ignore', 'ignore_ament_install']
[1.411s] Level 1:colcon.colcon_core.package_identification:_identify(install) by extension 'ignore'
[1.411s] Level 1:colcon.colcon_core.package_identification:_identify(install) ignored
[1.412s] Level 1:colcon.colcon_core.package_identification:_identify(log) by extensions ['ignore', 'ignore_ament_install']
[1.412s] Level 1:colcon.colcon_core.package_identification:_identify(log) by extension 'ignore'
[1.412s] Level 1:colcon.colcon_core.package_identification:_identify(log) ignored
[1.413s] Level 1:colcon.colcon_core.package_identification:_identify(src) by extensions ['ignore', 'ignore_ament_install']
[1.413s] Level 1:colcon.colcon_core.package_identification:_identify(src) by extension 'ignore'
[1.413s] Level 1:colcon.colcon_core.package_identification:_identify(src) by extension 'ignore_ament_install'
[1.414s] Level 1:colcon.colcon_core.package_identification:_identify(src) by extensions ['colcon_pkg']
[1.414s] Level 1:colcon.colcon_core.package_identification:_identify(src) by extension 'colcon_pkg'
[1.414s] Level 1:colcon.colcon_core.package_identification:_identify(src) by extensions ['colcon_meta']
[1.414s] Level 1:colcon.colcon_core.package_identification:_identify(src) by extension 'colcon_meta'
[1.414s] Level 1:colcon.colcon_core.package_identification:_identify(src) by extensions ['ros']
[1.414s] Level 1:colcon.colcon_core.package_identification:_identify(src) by extension 'ros'
[1.415s] Level 1:colcon.colcon_core.package_identification:_identify(src) by extensions ['cmake', 'python']
[1.415s] Level 1:colcon.colcon_core.package_identification:_identify(src) by extension 'cmake'
[1.415s] Level 1:colcon.colcon_core.package_identification:_identify(src) by extension 'python'
[1.415s] Level 1:colcon.colcon_core.package_identification:_identify(src) by extensions ['python_setup_py']
[1.415s] Level 1:colcon.colcon_core.package_identification:_identify(src) by extension 'python_setup_py'
[1.416s] Level 1:colcon.colcon_core.package_identification:_identify(src/articubot_one) by extensions ['ignore', 'ignore_ament_install']
[1.416s] Level 1:colcon.colcon_core.package_identification:_identify(src/articubot_one) by extension 'ignore'
[1.416s] Level 1:colcon.colcon_core.package_identification:_identify(src/articubot_one) by extension 'ignore_ament_install'
[1.417s] Level 1:colcon.colcon_core.package_identification:_identify(src/articubot_one) by extensions ['colcon_pkg']
[1.417s] Level 1:colcon.colcon_core.package_identification:_identify(src/articubot_one) by extension 'colcon_pkg'
[1.417s] Level 1:colcon.colcon_core.package_identification:_identify(src/articubot_one) by extensions ['colcon_meta']
[1.417s] Level 1:colcon.colcon_core.package_identification:_identify(src/articubot_one) by extension 'colcon_meta'
[1.417s] Level 1:colcon.colcon_core.package_identification:_identify(src/articubot_one) by extensions ['ros']
[1.417s] Level 1:colcon.colcon_core.package_identification:_identify(src/articubot_one) by extension 'ros'
[1.426s] DEBUG:colcon.colcon_core.package_identification:Package 'src/articubot_one' with type 'ros.ament_cmake' and name 'articubot_one'
[1.426s] Level 1:colcon.colcon_core.package_identification:_identify(src/diffdrive_arduino) by extensions ['ignore', 'ignore_ament_install']
[1.427s] Level 1:colcon.colcon_core.package_identification:_identify(src/diffdrive_arduino) by extension 'ignore'
[1.427s] Level 1:colcon.colcon_core.package_identification:_identify(src/diffdrive_arduino) by extension 'ignore_ament_install'
[1.427s] Level 1:colcon.colcon_core.package_identification:_identify(src/diffdrive_arduino) by extensions ['colcon_pkg']
[1.427s] Level 1:colcon.colcon_core.package_identification:_identify(src/diffdrive_arduino) by extension 'colcon_pkg'
[1.428s] Level 1:colcon.colcon_core.package_identification:_identify(src/diffdrive_arduino) by extensions ['colcon_meta']
[1.428s] Level 1:colcon.colcon_core.package_identification:_identify(src/diffdrive_arduino) by extension 'colcon_meta'
[1.428s] Level 1:colcon.colcon_core.package_identification:_identify(src/diffdrive_arduino) by extensions ['ros']
[1.428s] Level 1:colcon.colcon_core.package_identification:_identify(src/diffdrive_arduino) by extension 'ros'
[1.431s] DEBUG:colcon.colcon_core.package_identification:Package 'src/diffdrive_arduino' with type 'ros.ament_cmake' and name 'diffdrive_arduino'
[1.432s] Level 1:colcon.colcon_core.package_identification:_identify(src/lidar_box_filter) by extensions ['ignore', 'ignore_ament_install']
[1.432s] Level 1:colcon.colcon_core.package_identification:_identify(src/lidar_box_filter) by extension 'ignore'
[1.433s] Level 1:colcon.colcon_core.package_identification:_identify(src/lidar_box_filter) by extension 'ignore_ament_install'
[1.433s] Level 1:colcon.colcon_core.package_identification:_identify(src/lidar_box_filter) by extensions ['colcon_pkg']
[1.433s] Level 1:colcon.colcon_core.package_identification:_identify(src/lidar_box_filter) by extension 'colcon_pkg'
[1.433s] Level 1:colcon.colcon_core.package_identification:_identify(src/lidar_box_filter) by extensions ['colcon_meta']
[1.434s] Level 1:colcon.colcon_core.package_identification:_identify(src/lidar_box_filter) by extension 'colcon_meta'
[1.434s] Level 1:colcon.colcon_core.package_identification:_identify(src/lidar_box_filter) by extensions ['ros']
[1.434s] Level 1:colcon.colcon_core.package_identification:_identify(src/lidar_box_filter) by extension 'ros'
[1.436s] DEBUG:colcon.colcon_core.package_identification:Package 'src/lidar_box_filter' with type 'ros.ament_python' and name 'lidar_box_filter'
[1.437s] Level 1:colcon.colcon_core.package_identification:_identify(src/serial) by extensions ['ignore', 'ignore_ament_install']
[1.437s] Level 1:colcon.colcon_core.package_identification:_identify(src/serial) by extension 'ignore'
[1.438s] Level 1:colcon.colcon_core.package_identification:_identify(src/serial) by extension 'ignore_ament_install'
[1.438s] Level 1:colcon.colcon_core.package_identification:_identify(src/serial) by extensions ['colcon_pkg']
[1.438s] Level 1:colcon.colcon_core.package_identification:_identify(src/serial) by extension 'colcon_pkg'
[1.438s] Level 1:colcon.colcon_core.package_identification:_identify(src/serial) by extensions ['colcon_meta']
[1.438s] Level 1:colcon.colcon_core.package_identification:_identify(src/serial) by extension 'colcon_meta'
[1.439s] Level 1:colcon.colcon_core.package_identification:_identify(src/serial) by extensions ['ros']
[1.439s] Level 1:colcon.colcon_core.package_identification:_identify(src/serial) by extension 'ros'
[1.441s] DEBUG:colcon.colcon_core.package_identification:Package 'src/serial' with type 'ros.ament_cmake' and name 'serial'
[1.441s] Level 1:colcon.colcon_core.package_discovery:discover_packages(recursive) using defaults
[1.441s] Level 1:colcon.colcon_core.package_discovery:discover_packages(ignore) discover
[1.442s] Level 1:colcon.colcon_core.package_discovery:discover_packages(ignore) using defaults
[1.442s] Level 1:colcon.colcon_core.package_discovery:discover_packages(path) discover
[1.442s] Level 1:colcon.colcon_core.package_discovery:discover_packages(path) using defaults
[1.499s] Level 1:colcon.colcon_core.package_discovery:discover_packages(prefix_path) check parameters
[1.499s] Level 1:colcon.colcon_core.package_discovery:discover_packages(prefix_path) discover
[1.507s] DEBUG:colcon.colcon_installed_package_information.package_discovery:Found 3 installed packages in /home/abcs/robo_ws/install
[1.516s] DEBUG:colcon.colcon_installed_package_information.package_discovery:Found 321 installed packages in /opt/ros/foxy
[1.562s] Level 1:colcon.colcon_core.package_discovery:discover_packages(prefix_path) using defaults
[1.923s] Level 5:colcon.colcon_core.verb:set package 'articubot_one' build argument 'cmake_args' from command line to 'None'
[1.924s] Level 5:colcon.colcon_core.verb:set package 'articubot_one' build argument 'cmake_target' from command line to 'None'
[1.924s] Level 5:colcon.colcon_core.verb:set package 'articubot_one' build argument 'cmake_target_skip_unavailable' from command line to 'False'
[1.924s] Level 5:colcon.colcon_core.verb:set package 'articubot_one' build argument 'cmake_clean_cache' from command line to 'False'
[1.924s] Level 5:colcon.colcon_core.verb:set package 'articubot_one' build argument 'cmake_clean_first' from command line to 'False'
[1.924s] Level 5:colcon.colcon_core.verb:set package 'articubot_one' build argument 'cmake_force_configure' from command line to 'False'
[1.924s] Level 5:colcon.colcon_core.verb:set package 'articubot_one' build argument 'ament_cmake_args' from command line to 'None'
[1.924s] Level 5:colcon.colcon_core.verb:set package 'articubot_one' build argument 'catkin_cmake_args' from command line to 'None'
[1.924s] Level 5:colcon.colcon_core.verb:set package 'articubot_one' build argument 'catkin_skip_building_tests' from command line to 'False'
[1.925s] DEBUG:colcon.colcon_core.verb:Building package 'articubot_one' with the following arguments: {'ament_cmake_args': None, 'build_base': '/home/abcs/robo_ws/build/articubot_one', 'catkin_cmake_args': None, 'catkin_skip_building_tests': False, 'cmake_args': None, 'cmake_clean_cache': False, 'cmake_clean_first': False, 'cmake_force_configure': False, 'cmake_target': None, 'cmake_target_skip_unavailable': False, 'install_base': '/home/abcs/robo_ws/install/articubot_one', 'merge_install': False, 'path': '/home/abcs/robo_ws/src/articubot_one', 'symlink_install': True, 'test_result_base': None}
[1.926s] Level 5:colcon.colcon_core.verb:set package 'lidar_box_filter' build argument 'cmake_args' from command line to 'None'
[1.926s] Level 5:colcon.colcon_core.verb:set package 'lidar_box_filter' build argument 'cmake_target' from command line to 'None'
[1.926s] Level 5:colcon.colcon_core.verb:set package 'lidar_box_filter' build argument 'cmake_target_skip_unavailable' from command line to 'False'
[1.926s] Level 5:colcon.colcon_core.verb:set package 'lidar_box_filter' build argument 'cmake_clean_cache' from command line to 'False'
[1.927s] Level 5:colcon.colcon_core.verb:set package 'lidar_box_filter' build argument 'cmake_clean_first' from command line to 'False'
[1.927s] Level 5:colcon.colcon_core.verb:set package 'lidar_box_filter' build argument 'cmake_force_configure' from command line to 'False'
[1.927s] Level 5:colcon.colcon_core.verb:set package 'lidar_box_filter' build argument 'ament_cmake_args' from command line to 'None'
[1.927s] Level 5:colcon.colcon_core.verb:set package 'lidar_box_filter' build argument 'catkin_cmake_args' from command line to 'None'
[1.927s] Level 5:colcon.colcon_core.verb:set package 'lidar_box_filter' build argument 'catkin_skip_building_tests' from command line to 'False'
[1.927s] DEBUG:colcon.colcon_core.verb:Building package 'lidar_box_filter' with the following arguments: {'ament_cmake_args': None, 'build_base': '/home/abcs/robo_ws/build/lidar_box_filter', 'catkin_cmake_args': None, 'catkin_skip_building_tests': False, 'cmake_args': None, 'cmake_clean_cache': False, 'cmake_clean_first': False, 'cmake_force_configure': False, 'cmake_target': None, 'cmake_target_skip_unavailable': False, 'install_base': '/home/abcs/robo_ws/install/lidar_box_filter', 'merge_install': False, 'path': '/home/abcs/robo_ws/src/lidar_box_filter', 'symlink_install': True, 'test_result_base': None}
[1.929s] Level 5:colcon.colcon_core.verb:set package 'serial' build argument 'cmake_args' from command line to 'None'
[1.929s] Level 5:colcon.colcon_core.verb:set package 'serial' build argument 'cmake_target' from command line to 'None'
[1.929s] Level 5:colcon.colcon_core.verb:set package 'serial' build argument 'cmake_target_skip_unavailable' from command line to 'False'
[1.929s] Level 5:colcon.colcon_core.verb:set package 'serial' build argument 'cmake_clean_cache' from command line to 'False'
[1.929s] Level 5:colcon.colcon_core.verb:set package 'serial' build argument 'cmake_clean_first' from command line to 'False'
[1.929s] Level 5:colcon.colcon_core.verb:set package 'serial' build argument 'cmake_force_configure' from command line to 'False'
[1.929s] Level 5:colcon.colcon_core.verb:set package 'serial' build argument 'ament_cmake_args' from command line to 'None'
[1.929s] Level 5:colcon.colcon_core.verb:set package 'serial' build argument 'catkin_cmake_args' from command line to 'None'
[1.929s] Level 5:colcon.colcon_core.verb:set package 'serial' build argument 'catkin_skip_building_tests' from command line to 'False'
[1.930s] DEBUG:colcon.colcon_core.verb:Building package 'serial' with the following arguments: {'ament_cmake_args': None, 'build_base': '/home/abcs/robo_ws/build/serial', 'catkin_cmake_args': None, 'catkin_skip_building_tests': False, 'cmake_args': None, 'cmake_clean_cache': False, 'cmake_clean_first': False, 'cmake_force_configure': False, 'cmake_target': None, 'cmake_target_skip_unavailable': False, 'install_base': '/home/abcs/robo_ws/install/serial', 'merge_install': False, 'path': '/home/abcs/robo_ws/src/serial', 'symlink_install': True, 'test_result_base': None}
[1.931s] Level 5:colcon.colcon_core.verb:set package 'diffdrive_arduino' build argument 'cmake_args' from command line to 'None'
[1.931s] Level 5:colcon.colcon_core.verb:set package 'diffdrive_arduino' build argument 'cmake_target' from command line to 'None'
[1.931s] Level 5:colcon.colcon_core.verb:set package 'diffdrive_arduino' build argument 'cmake_target_skip_unavailable' from command line to 'False'
[1.931s] Level 5:colcon.colcon_core.verb:set package 'diffdrive_arduino' build argument 'cmake_clean_cache' from command line to 'False'
[1.932s] Level 5:colcon.colcon_core.verb:set package 'diffdrive_arduino' build argument 'cmake_clean_first' from command line to 'False'
[1.932s] Level 5:colcon.colcon_core.verb:set package 'diffdrive_arduino' build argument 'cmake_force_configure' from command line to 'False'
[1.932s] Level 5:colcon.colcon_core.verb:set package 'diffdrive_arduino' build argument 'ament_cmake_args' from command line to 'None'
[1.932s] Level 5:colcon.colcon_core.verb:set package 'diffdrive_arduino' build argument 'catkin_cmake_args' from command line to 'None'
[1.932s] Level 5:colcon.colcon_core.verb:set package 'diffdrive_arduino' build argument 'catkin_skip_building_tests' from command line to 'False'
[1.932s] DEBUG:colcon.colcon_core.verb:Building package 'diffdrive_arduino' with the following arguments: {'ament_cmake_args': None, 'build_base': '/home/abcs/robo_ws/build/diffdrive_arduino', 'catkin_cmake_args': None, 'catkin_skip_building_tests': False, 'cmake_args': None, 'cmake_clean_cache': False, 'cmake_clean_first': False, 'cmake_force_configure': False, 'cmake_target': None, 'cmake_target_skip_unavailable': False, 'install_base': '/home/abcs/robo_ws/install/diffdrive_arduino', 'merge_install': False, 'path': '/home/abcs/robo_ws/src/diffdrive_arduino', 'symlink_install': True, 'test_result_base': None}
[1.933s] INFO:colcon.colcon_core.executor:Executing jobs using 'parallel' executor
[1.936s] DEBUG:colcon.colcon_parallel_executor.executor.parallel:run_until_complete
[1.937s] INFO:colcon.colcon_ros.task.ament_cmake.build:Building ROS package in '/home/abcs/robo_ws/src/serial' with build type 'ament_cmake'
[1.938s] INFO:colcon.colcon_cmake.task.cmake.build:Building CMake package in '/home/abcs/robo_ws/src/serial'
[1.945s] INFO:colcon.colcon_core.plugin_system:Skipping extension 'colcon_core.shell.bat': Not used on non-Windows systems
[1.946s] INFO:colcon.colcon_core.shell:Skip shell extension 'powershell' for command environment: Not usable outside of PowerShell
[1.946s] DEBUG:colcon.colcon_core.shell:Skip shell extension 'dsv' for command environment
[1.970s] INFO:colcon.colcon_ros.task.ament_cmake.build:Building ROS package in '/home/abcs/robo_ws/src/articubot_one' with build type 'ament_cmake'
[1.971s] INFO:colcon.colcon_cmake.task.cmake.build:Building CMake package in '/home/abcs/robo_ws/src/articubot_one'
[1.973s] INFO:colcon.colcon_core.shell:Skip shell extension 'powershell' for command environment: Not usable outside of PowerShell
[1.974s] DEBUG:colcon.colcon_core.shell:Skip shell extension 'dsv' for command environment
[1.997s] INFO:colcon.colcon_ros.task.ament_python.build:Building ROS package in '/home/abcs/robo_ws/src/lidar_box_filter' with build type 'ament_python'
[1.998s] Level 1:colcon.colcon_core.shell:create_environment_hook('lidar_box_filter', 'ament_prefix_path')
[2.000s] INFO:colcon.colcon_core.shell:Creating environment hook '/home/abcs/robo_ws/install/lidar_box_filter/share/lidar_box_filter/hook/ament_prefix_path.ps1'
[2.004s] INFO:colcon.colcon_core.shell:Creating environment descriptor '/home/abcs/robo_ws/install/lidar_box_filter/share/lidar_box_filter/hook/ament_prefix_path.dsv'
[2.006s] INFO:colcon.colcon_core.shell:Creating environment hook '/home/abcs/robo_ws/install/lidar_box_filter/share/lidar_box_filter/hook/ament_prefix_path.sh'
[2.010s] INFO:colcon.colcon_core.shell:Skip shell extension 'powershell' for command environment: Not usable outside of PowerShell
[2.010s] DEBUG:colcon.colcon_core.shell:Skip shell extension 'dsv' for command environment
[2.047s] DEBUG:colcon.colcon_core.event_handler.log_command:Invoking command in '/home/abcs/robo_ws/build/serial': CMAKE_PREFIX_PATH=${CMAKE_PREFIX_PATH}:/opt/ros/foxy /usr/bin/cmake /home/abcs/robo_ws/src/serial -DAMENT_CMAKE_SYMLINK_INSTALL=1 -DCMAKE_INSTALL_PREFIX=/home/abcs/robo_ws/install/serial
[2.078s] DEBUG:colcon.colcon_core.event_handler.log_command:Invoking command in '/home/abcs/robo_ws/build/articubot_one': CMAKE_PREFIX_PATH=${CMAKE_PREFIX_PATH}:/opt/ros/foxy /usr/bin/cmake /home/abcs/robo_ws/src/articubot_one -DAMENT_CMAKE_SYMLINK_INSTALL=1 -DCMAKE_INSTALL_PREFIX=/home/abcs/robo_ws/install/articubot_one
[3.353s] WARNING:colcon.colcon_ros.task.ament_python.build:Package 'lidar_box_filter' doesn't explicitly install a marker in the package index (colcon-ros currently does it implicitly but that fallback will be removed in the future)
[3.355s] WARNING:colcon.colcon_ros.task.ament_python.build:Package 'lidar_box_filter' doesn't explicitly install the 'package.xml' file (colcon-ros currently does it implicitly but that fallback will be removed in the future)
[3.356s] INFO:colcon.colcon_core.task.python.build:Building Python package in '/home/abcs/robo_ws/src/lidar_box_filter'
[3.358s] INFO:colcon.colcon_core.shell:Skip shell extension 'powershell' for command environment: Not usable outside of PowerShell
[3.358s] DEBUG:colcon.colcon_core.shell:Skip shell extension 'dsv' for command environment
[3.956s] DEBUG:colcon.colcon_core.event_handler.log_command:Invoked command in '/home/abcs/robo_ws/build/serial' returned '0': CMAKE_PREFIX_PATH=${CMAKE_PREFIX_PATH}:/opt/ros/foxy /usr/bin/cmake /home/abcs/robo_ws/src/serial -DAMENT_CMAKE_SYMLINK_INSTALL=1 -DCMAKE_INSTALL_PREFIX=/home/abcs/robo_ws/install/serial
[3.971s] DEBUG:colcon.colcon_core.event_handler.log_command:Invoking command in '/home/abcs/robo_ws/build/serial': CMAKE_PREFIX_PATH=${CMAKE_PREFIX_PATH}:/opt/ros/foxy /usr/bin/cmake --build /home/abcs/robo_ws/build/serial -- -j4 -l4
[4.015s] DEBUG:colcon.colcon_core.event_handler.log_command:Invoked command in '/home/abcs/robo_ws/build/articubot_one' returned '0': CMAKE_PREFIX_PATH=${CMAKE_PREFIX_PATH}:/opt/ros/foxy /usr/bin/cmake /home/abcs/robo_ws/src/articubot_one -DAMENT_CMAKE_SYMLINK_INSTALL=1 -DCMAKE_INSTALL_PREFIX=/home/abcs/robo_ws/install/articubot_one
[4.019s] DEBUG:colcon.colcon_core.event_handler.log_command:Invoking command in '/home/abcs/robo_ws/build/articubot_one': CMAKE_PREFIX_PATH=${CMAKE_PREFIX_PATH}:/opt/ros/foxy /usr/bin/cmake --build /home/abcs/robo_ws/build/articubot_one -- -j4 -l4
[4.250s] DEBUG:colcon.colcon_core.event_handler.log_command:Invoked command in '/home/abcs/robo_ws/build/articubot_one' returned '0': CMAKE_PREFIX_PATH=${CMAKE_PREFIX_PATH}:/opt/ros/foxy /usr/bin/cmake --build /home/abcs/robo_ws/build/articubot_one -- -j4 -l4
[4.305s] DEBUG:colcon.colcon_core.event_handler.log_command:Invoking command in '/home/abcs/robo_ws/build/articubot_one': CMAKE_PREFIX_PATH=${CMAKE_PREFIX_PATH}:/opt/ros/foxy /usr/bin/cmake --install /home/abcs/robo_ws/build/articubot_one
[4.595s] DEBUG:colcon.colcon_core.event_handler.log_command:Invoked command in '/home/abcs/robo_ws/build/serial' returned '0': CMAKE_PREFIX_PATH=${CMAKE_PREFIX_PATH}:/opt/ros/foxy /usr/bin/cmake --build /home/abcs/robo_ws/build/serial -- -j4 -l4
[4.598s] DEBUG:colcon.colcon_core.event_handler.log_command:Invoking command in '/home/abcs/robo_ws/build/serial': CMAKE_PREFIX_PATH=${CMAKE_PREFIX_PATH}:/opt/ros/foxy /usr/bin/cmake --install /home/abcs/robo_ws/build/serial
[5.597s] Level 1:colcon.colcon_core.environment:create_environment_scripts_only(serial)
[5.602s] DEBUG:colcon.colcon_core.event_handler.log_command:Invoked command in '/home/abcs/robo_ws/build/serial' returned '0': CMAKE_PREFIX_PATH=${CMAKE_PREFIX_PATH}:/opt/ros/foxy /usr/bin/cmake --install /home/abcs/robo_ws/build/serial
[5.623s] Level 1:colcon.colcon_core.environment:checking '/home/abcs/robo_ws/install/serial' for CMake module files
[5.628s] Level 1:colcon.colcon_core.environment:checking '/home/abcs/robo_ws/install/serial' for CMake config files
[5.632s] Level 1:colcon.colcon_core.shell:create_environment_hook('serial', 'cmake_prefix_path')
[5.634s] INFO:colcon.colcon_core.shell:Creating environment hook '/home/abcs/robo_ws/install/serial/share/serial/hook/cmake_prefix_path.ps1'
[5.637s] INFO:colcon.colcon_core.shell:Creating environment descriptor '/home/abcs/robo_ws/install/serial/share/serial/hook/cmake_prefix_path.dsv'
[5.640s] INFO:colcon.colcon_core.shell:Creating environment hook '/home/abcs/robo_ws/install/serial/share/serial/hook/cmake_prefix_path.sh'
[5.645s] Level 1:colcon.colcon_core.environment:checking '/home/abcs/robo_ws/install/serial/lib'
[5.647s] Level 1:colcon.colcon_core.environment:checking '/home/abcs/robo_ws/install/serial/bin'
[5.648s] Level 1:colcon.colcon_core.environment:checking '/home/abcs/robo_ws/install/serial/lib/pkgconfig/serial.pc'
[5.650s] Level 1:colcon.colcon_core.environment:checking '/home/abcs/robo_ws/install/serial/lib/python3.8/site-packages'
[5.651s] Level 1:colcon.colcon_core.environment:checking '/home/abcs/robo_ws/install/serial/bin'
[5.653s] INFO:colcon.colcon_core.shell:Creating package script '/home/abcs/robo_ws/install/serial/share/serial/package.ps1'
[5.661s] INFO:colcon.colcon_core.shell:Creating package descriptor '/home/abcs/robo_ws/install/serial/share/serial/package.dsv'
[5.667s] INFO:colcon.colcon_core.shell:Creating package script '/home/abcs/robo_ws/install/serial/share/serial/package.sh'
[5.673s] INFO:colcon.colcon_core.shell:Creating package script '/home/abcs/robo_ws/install/serial/share/serial/package.bash'
[5.682s] INFO:colcon.colcon_core.shell:Creating package script '/home/abcs/robo_ws/install/serial/share/serial/package.zsh'
[5.686s] Level 1:colcon.colcon_core.environment:create_file_with_runtime_dependencies(/home/abcs/robo_ws/install/serial/share/colcon-core/packages/serial)
[5.689s] Level 1:colcon.colcon_core.environment:create_environment_scripts_only(serial)
[5.690s] Level 1:colcon.colcon_core.environment:checking '/home/abcs/robo_ws/install/serial' for CMake module files
[5.693s] Level 1:colcon.colcon_core.environment:checking '/home/abcs/robo_ws/install/serial' for CMake config files
[5.695s] Level 1:colcon.colcon_core.shell:create_environment_hook('serial', 'cmake_prefix_path')
[5.696s] INFO:colcon.colcon_core.shell:Creating environment hook '/home/abcs/robo_ws/install/serial/share/serial/hook/cmake_prefix_path.ps1'
[5.698s] INFO:colcon.colcon_core.shell:Creating environment descriptor '/home/abcs/robo_ws/install/serial/share/serial/hook/cmake_prefix_path.dsv'
[5.701s] INFO:colcon.colcon_core.shell:Creating environment hook '/home/abcs/robo_ws/install/serial/share/serial/hook/cmake_prefix_path.sh'
[5.704s] Level 1:colcon.colcon_core.environment:checking '/home/abcs/robo_ws/install/serial/lib'
[5.705s] Level 1:colcon.colcon_core.environment:checking '/home/abcs/robo_ws/install/serial/bin'
[5.705s] Level 1:colcon.colcon_core.environment:checking '/home/abcs/robo_ws/install/serial/lib/pkgconfig/serial.pc'
[5.706s] Level 1:colcon.colcon_core.environment:checking '/home/abcs/robo_ws/install/serial/lib/python3.8/site-packages'
[5.707s] Level 1:colcon.colcon_core.environment:checking '/home/abcs/robo_ws/install/serial/bin'
[5.709s] INFO:colcon.colcon_core.shell:Creating package script '/home/abcs/robo_ws/install/serial/share/serial/package.ps1'
[5.711s] INFO:colcon.colcon_core.shell:Creating package descriptor '/home/abcs/robo_ws/install/serial/share/serial/package.dsv'
[5.714s] INFO:colcon.colcon_core.shell:Creating package script '/home/abcs/robo_ws/install/serial/share/serial/package.sh'
[5.718s] INFO:colcon.colcon_core.shell:Creating package script '/home/abcs/robo_ws/install/serial/share/serial/package.bash'
[5.720s] INFO:colcon.colcon_core.shell:Creating package script '/home/abcs/robo_ws/install/serial/share/serial/package.zsh'
[5.723s] Level 1:colcon.colcon_core.environment:create_file_with_runtime_dependencies(/home/abcs/robo_ws/install/serial/share/colcon-core/packages/serial)
[5.726s] INFO:colcon.colcon_ros.task.ament_cmake.build:Building ROS package in '/home/abcs/robo_ws/src/diffdrive_arduino' with build type 'ament_cmake'
[5.727s] INFO:colcon.colcon_cmake.task.cmake.build:Building CMake package in '/home/abcs/robo_ws/src/diffdrive_arduino'
[5.728s] INFO:colcon.colcon_core.shell:Skip shell extension 'powershell' for command environment: Not usable outside of PowerShell
[5.728s] DEBUG:colcon.colcon_core.shell:Skip shell extension 'dsv' for command environment
[5.770s] DEBUG:colcon.colcon_core.event_handler.log_command:Invoking command in '/home/abcs/robo_ws/build/lidar_box_filter': PYTHONPATH=/home/abcs/robo_ws/build/lidar_box_filter/prefix_override:/usr/lib/python3/dist-packages/colcon_core/task/python/colcon_distutils_commands:/home/abcs/robo_ws/install/lidar_box_filter/lib/python3.8/site-packages:${PYTHONPATH} /usr/bin/python3 -W ignore:setup.py install is deprecated -W ignore:easy_install command is deprecated setup.py develop --editable --build-directory /home/abcs/robo_ws/build/lidar_box_filter/build --no-deps
[5.801s] DEBUG:colcon.colcon_core.event_handler.log_command:Invoking command in '/home/abcs/robo_ws/build/diffdrive_arduino': CMAKE_PREFIX_PATH=/home/abcs/robo_ws/install/serial:/home/abcs/robo_ws/install/diffdrive_arduino:/home/abcs/robo_ws/install/articubot_one:/opt/ros/foxy /usr/bin/cmake /home/abcs/robo_ws/src/diffdrive_arduino -DAMENT_CMAKE_SYMLINK_INSTALL=1 -DCMAKE_INSTALL_PREFIX=/home/abcs/robo_ws/install/diffdrive_arduino
[6.685s] Level 1:colcon.colcon_core.environment:create_environment_scripts_only(articubot_one)
[6.687s] Level 1:colcon.colcon_core.environment:checking '/home/abcs/robo_ws/install/articubot_one' for CMake module files
[6.691s] Level 1:colcon.colcon_core.environment:checking '/home/abcs/robo_ws/install/articubot_one' for CMake config files
[6.695s] DEBUG:colcon.colcon_core.event_handler.log_command:Invoked command in '/home/abcs/robo_ws/build/articubot_one' returned '0': CMAKE_PREFIX_PATH=${CMAKE_PREFIX_PATH}:/opt/ros/foxy /usr/bin/cmake --install /home/abcs/robo_ws/build/articubot_one
[6.699s] Level 1:colcon.colcon_core.shell:create_environment_hook('articubot_one', 'cmake_prefix_path')
[6.702s] INFO:colcon.colcon_core.shell:Creating environment hook '/home/abcs/robo_ws/install/articubot_one/share/articubot_one/hook/cmake_prefix_path.ps1'
[6.709s] INFO:colcon.colcon_core.shell:Creating environment descriptor '/home/abcs/robo_ws/install/articubot_one/share/articubot_one/hook/cmake_prefix_path.dsv'
[6.713s] INFO:colcon.colcon_core.shell:Creating environment hook '/home/abcs/robo_ws/install/articubot_one/share/articubot_one/hook/cmake_prefix_path.sh'
[6.720s] Level 1:colcon.colcon_core.environment:checking '/home/abcs/robo_ws/install/articubot_one/bin'
[6.721s] Level 1:colcon.colcon_core.environment:checking '/home/abcs/robo_ws/install/articubot_one/lib/pkgconfig/articubot_one.pc'
[6.723s] Level 1:colcon.colcon_core.environment:checking '/home/abcs/robo_ws/install/articubot_one/lib/python3.8/site-packages'
[6.724s] Level 1:colcon.colcon_core.environment:checking '/home/abcs/robo_ws/install/articubot_one/bin'
[6.726s] INFO:colcon.colcon_core.shell:Creating package script '/home/abcs/robo_ws/install/articubot_one/share/articubot_one/package.ps1'
[6.731s] INFO:colcon.colcon_core.shell:Creating package descriptor '/home/abcs/robo_ws/install/articubot_one/share/articubot_one/package.dsv'
[6.738s] INFO:colcon.colcon_core.shell:Creating package script '/home/abcs/robo_ws/install/articubot_one/share/articubot_one/package.sh'
[6.743s] INFO:colcon.colcon_core.shell:Creating package script '/home/abcs/robo_ws/install/articubot_one/share/articubot_one/package.bash'
[6.747s] INFO:colcon.colcon_core.shell:Creating package script '/home/abcs/robo_ws/install/articubot_one/share/articubot_one/package.zsh'
[6.751s] Level 1:colcon.colcon_core.environment:create_file_with_runtime_dependencies(/home/abcs/robo_ws/install/articubot_one/share/colcon-core/packages/articubot_one)
[6.755s] Level 1:colcon.colcon_core.environment:create_environment_scripts_only(articubot_one)
[6.756s] Level 1:colcon.colcon_core.environment:checking '/home/abcs/robo_ws/install/articubot_one' for CMake module files
[6.760s] Level 1:colcon.colcon_core.environment:checking '/home/abcs/robo_ws/install/articubot_one' for CMake config files
[6.765s] Level 1:colcon.colcon_core.shell:create_environment_hook('articubot_one', 'cmake_prefix_path')
[6.767s] INFO:colcon.colcon_core.shell:Creating environment hook '/home/abcs/robo_ws/install/articubot_one/share/articubot_one/hook/cmake_prefix_path.ps1'
[6.772s] INFO:colcon.colcon_core.shell:Creating environment descriptor '/home/abcs/robo_ws/install/articubot_one/share/articubot_one/hook/cmake_prefix_path.dsv'
[6.778s] INFO:colcon.colcon_core.shell:Creating environment hook '/home/abcs/robo_ws/install/articubot_one/share/articubot_one/hook/cmake_prefix_path.sh'
[6.785s] Level 1:colcon.colcon_core.environment:checking '/home/abcs/robo_ws/install/articubot_one/bin'
[6.786s] Level 1:colcon.colcon_core.environment:checking '/home/abcs/robo_ws/install/articubot_one/lib/pkgconfig/articubot_one.pc'
[6.787s] Level 1:colcon.colcon_core.environment:checking '/home/abcs/robo_ws/install/articubot_one/lib/python3.8/site-packages'
[6.790s] Level 1:colcon.colcon_core.environment:checking '/home/abcs/robo_ws/install/articubot_one/bin'
[6.792s] INFO:colcon.colcon_core.shell:Creating package script '/home/abcs/robo_ws/install/articubot_one/share/articubot_one/package.ps1'
[6.797s] INFO:colcon.colcon_core.shell:Creating package descriptor '/home/abcs/robo_ws/install/articubot_one/share/articubot_one/package.dsv'
[6.801s] INFO:colcon.colcon_core.shell:Creating package script '/home/abcs/robo_ws/install/articubot_one/share/articubot_one/package.sh'
[6.804s] INFO:colcon.colcon_core.shell:Creating package script '/home/abcs/robo_ws/install/articubot_one/share/articubot_one/package.bash'
[6.811s] INFO:colcon.colcon_core.shell:Creating package script '/home/abcs/robo_ws/install/articubot_one/share/articubot_one/package.zsh'
[6.815s] Level 1:colcon.colcon_core.environment:create_file_with_runtime_dependencies(/home/abcs/robo_ws/install/articubot_one/share/colcon-core/packages/articubot_one)
[8.176s] Level 1:colcon.colcon_core.shell:create_environment_hook('lidar_box_filter', 'pythonpath_develop')
[8.178s] INFO:colcon.colcon_core.shell:Creating environment hook '/home/abcs/robo_ws/build/lidar_box_filter/share/lidar_box_filter/hook/pythonpath_develop.ps1'
[8.182s] INFO:colcon.colcon_core.shell:Creating environment descriptor '/home/abcs/robo_ws/build/lidar_box_filter/share/lidar_box_filter/hook/pythonpath_develop.dsv'
[8.185s] INFO:colcon.colcon_core.shell:Creating environment hook '/home/abcs/robo_ws/build/lidar_box_filter/share/lidar_box_filter/hook/pythonpath_develop.sh'
[8.179s] DEBUG:colcon.colcon_core.event_handler.log_command:Invoked command in '/home/abcs/robo_ws/build/lidar_box_filter' returned '0': PYTHONPATH=/home/abcs/robo_ws/build/lidar_box_filter/prefix_override:/usr/lib/python3/dist-packages/colcon_core/task/python/colcon_distutils_commands:/home/abcs/robo_ws/install/lidar_box_filter/lib/python3.8/site-packages:${PYTHONPATH} /usr/bin/python3 -W ignore:setup.py install is deprecated -W ignore:easy_install command is deprecated setup.py develop --editable --build-directory /home/abcs/robo_ws/build/lidar_box_filter/build --no-deps
[8.191s] Level 1:colcon.colcon_core.environment:checking '/home/abcs/robo_ws/install/lidar_box_filter' for CMake module files
[8.194s] Level 1:colcon.colcon_core.environment:checking '/home/abcs/robo_ws/install/lidar_box_filter' for CMake config files
[8.197s] Level 1:colcon.colcon_core.environment:checking '/home/abcs/robo_ws/install/lidar_box_filter/lib'
[8.198s] Level 1:colcon.colcon_core.environment:checking '/home/abcs/robo_ws/install/lidar_box_filter/bin'
[8.198s] Level 1:colcon.colcon_core.environment:checking '/home/abcs/robo_ws/install/lidar_box_filter/lib/pkgconfig/lidar_box_filter.pc'
[8.200s] Level 1:colcon.colcon_core.environment:checking '/home/abcs/robo_ws/install/lidar_box_filter/lib/python3.8/site-packages'
[8.200s] Level 1:colcon.colcon_core.shell:create_environment_hook('lidar_box_filter', 'pythonpath')
[8.202s] INFO:colcon.colcon_core.shell:Creating environment hook '/home/abcs/robo_ws/install/lidar_box_filter/share/lidar_box_filter/hook/pythonpath.ps1'
[8.204s] INFO:colcon.colcon_core.shell:Creating environment descriptor '/home/abcs/robo_ws/install/lidar_box_filter/share/lidar_box_filter/hook/pythonpath.dsv'
[8.206s] INFO:colcon.colcon_core.shell:Creating environment hook '/home/abcs/robo_ws/install/lidar_box_filter/share/lidar_box_filter/hook/pythonpath.sh'
[8.208s] Level 1:colcon.colcon_core.environment:checking '/home/abcs/robo_ws/install/lidar_box_filter/bin'
[8.209s] Level 1:colcon.colcon_core.environment:create_environment_scripts_only(lidar_box_filter)
[8.210s] INFO:colcon.colcon_core.shell:Creating package script '/home/abcs/robo_ws/install/lidar_box_filter/share/lidar_box_filter/package.ps1'
[8.213s] INFO:colcon.colcon_core.shell:Creating package descriptor '/home/abcs/robo_ws/install/lidar_box_filter/share/lidar_box_filter/package.dsv'
[8.215s] INFO:colcon.colcon_core.shell:Creating package script '/home/abcs/robo_ws/install/lidar_box_filter/share/lidar_box_filter/package.sh'
[8.218s] INFO:colcon.colcon_core.shell:Creating package script '/home/abcs/robo_ws/install/lidar_box_filter/share/lidar_box_filter/package.bash'
[8.220s] INFO:colcon.colcon_core.shell:Creating package script '/home/abcs/robo_ws/install/lidar_box_filter/share/lidar_box_filter/package.zsh'
[8.222s] Level 1:colcon.colcon_core.environment:create_file_with_runtime_dependencies(/home/abcs/robo_ws/install/lidar_box_filter/share/colcon-core/packages/lidar_box_filter)
[13.060s] DEBUG:colcon.colcon_core.event_handler.log_command:Invoked command in '/home/abcs/robo_ws/build/diffdrive_arduino' returned '0': CMAKE_PREFIX_PATH=/home/abcs/robo_ws/install/serial:/home/abcs/robo_ws/install/diffdrive_arduino:/home/abcs/robo_ws/install/articubot_one:/opt/ros/foxy /usr/bin/cmake /home/abcs/robo_ws/src/diffdrive_arduino -DAMENT_CMAKE_SYMLINK_INSTALL=1 -DCMAKE_INSTALL_PREFIX=/home/abcs/robo_ws/install/diffdrive_arduino
[13.069s] DEBUG:colcon.colcon_core.event_handler.log_command:Invoking command in '/home/abcs/robo_ws/build/diffdrive_arduino': CMAKE_PREFIX_PATH=/home/abcs/robo_ws/install/serial:/home/abcs/robo_ws/install/diffdrive_arduino:/home/abcs/robo_ws/install/articubot_one:/opt/ros/foxy /usr/bin/cmake --build /home/abcs/robo_ws/build/diffdrive_arduino -- -j4 -l4
[14.823s] DEBUG:colcon.colcon_core.event_handler.log_command:Invoked command in '/home/abcs/robo_ws/build/diffdrive_arduino' returned '0': CMAKE_PREFIX_PATH=/home/abcs/robo_ws/install/serial:/home/abcs/robo_ws/install/diffdrive_arduino:/home/abcs/robo_ws/install/articubot_one:/opt/ros/foxy /usr/bin/cmake --build /home/abcs/robo_ws/build/diffdrive_arduino -- -j4 -l4
[14.835s] DEBUG:colcon.colcon_core.event_handler.log_command:Invoking command in '/home/abcs/robo_ws/build/diffdrive_arduino': CMAKE_PREFIX_PATH=/home/abcs/robo_ws/install/serial:/home/abcs/robo_ws/install/diffdrive_arduino:/home/abcs/robo_ws/install/articubot_one:/opt/ros/foxy /usr/bin/cmake --install /home/abcs/robo_ws/build/diffdrive_arduino
[15.812s] Level 1:colcon.colcon_core.environment:create_environment_scripts_only(diffdrive_arduino)
[15.814s] Level 1:colcon.colcon_core.environment:checking '/home/abcs/robo_ws/install/diffdrive_arduino' for CMake module files
[15.815s] DEBUG:colcon.colcon_core.event_handler.log_command:Invoked command in '/home/abcs/robo_ws/build/diffdrive_arduino' returned '0': CMAKE_PREFIX_PATH=/home/abcs/robo_ws/install/serial:/home/abcs/robo_ws/install/diffdrive_arduino:/home/abcs/robo_ws/install/articubot_one:/opt/ros/foxy /usr/bin/cmake --install /home/abcs/robo_ws/build/diffdrive_arduino
[15.818s] Level 1:colcon.colcon_core.environment:checking '/home/abcs/robo_ws/install/diffdrive_arduino' for CMake config files
[15.820s] Level 1:colcon.colcon_core.shell:create_environment_hook('diffdrive_arduino', 'cmake_prefix_path')
[15.821s] INFO:colcon.colcon_core.shell:Creating environment hook '/home/abcs/robo_ws/install/diffdrive_arduino/share/diffdrive_arduino/hook/cmake_prefix_path.ps1'
[15.824s] INFO:colcon.colcon_core.shell:Creating environment descriptor '/home/abcs/robo_ws/install/diffdrive_arduino/share/diffdrive_arduino/hook/cmake_prefix_path.dsv'
[15.826s] INFO:colcon.colcon_core.shell:Creating environment hook '/home/abcs/robo_ws/install/diffdrive_arduino/share/diffdrive_arduino/hook/cmake_prefix_path.sh'
[15.830s] Level 1:colcon.colcon_core.environment:checking '/home/abcs/robo_ws/install/diffdrive_arduino/lib'
[15.830s] Level 1:colcon.colcon_core.shell:create_environment_hook('diffdrive_arduino', 'ld_library_path_lib')
[15.831s] INFO:colcon.colcon_core.shell:Creating environment hook '/home/abcs/robo_ws/install/diffdrive_arduino/share/diffdrive_arduino/hook/ld_library_path_lib.ps1'
[15.833s] INFO:colcon.colcon_core.shell:Creating environment descriptor '/home/abcs/robo_ws/install/diffdrive_arduino/share/diffdrive_arduino/hook/ld_library_path_lib.dsv'
[15.835s] INFO:colcon.colcon_core.shell:Creating environment hook '/home/abcs/robo_ws/install/diffdrive_arduino/share/diffdrive_arduino/hook/ld_library_path_lib.sh'
[15.837s] Level 1:colcon.colcon_core.environment:checking '/home/abcs/robo_ws/install/diffdrive_arduino/bin'
[15.838s] Level 1:colcon.colcon_core.environment:checking '/home/abcs/robo_ws/install/diffdrive_arduino/lib/pkgconfig/diffdrive_arduino.pc'
[15.838s] Level 1:colcon.colcon_core.environment:checking '/home/abcs/robo_ws/install/diffdrive_arduino/lib/python3.8/site-packages'
[15.839s] Level 1:colcon.colcon_core.environment:checking '/home/abcs/robo_ws/install/diffdrive_arduino/bin'
[15.841s] INFO:colcon.colcon_core.shell:Creating package script '/home/abcs/robo_ws/install/diffdrive_arduino/share/diffdrive_arduino/package.ps1'
[15.843s] INFO:colcon.colcon_core.shell:Creating package descriptor '/home/abcs/robo_ws/install/diffdrive_arduino/share/diffdrive_arduino/package.dsv'
[15.846s] INFO:colcon.colcon_core.shell:Creating package script '/home/abcs/robo_ws/install/diffdrive_arduino/share/diffdrive_arduino/package.sh'
[15.848s] INFO:colcon.colcon_core.shell:Creating package script '/home/abcs/robo_ws/install/diffdrive_arduino/share/diffdrive_arduino/package.bash'
[15.850s] INFO:colcon.colcon_core.shell:Creating package script '/home/abcs/robo_ws/install/diffdrive_arduino/share/diffdrive_arduino/package.zsh'
[15.852s] Level 1:colcon.colcon_core.environment:create_file_with_runtime_dependencies(/home/abcs/robo_ws/install/diffdrive_arduino/share/colcon-core/packages/diffdrive_arduino)
[15.855s] Level 1:colcon.colcon_core.environment:create_environment_scripts_only(diffdrive_arduino)
[15.856s] Level 1:colcon.colcon_core.environment:checking '/home/abcs/robo_ws/install/diffdrive_arduino' for CMake module files
[15.858s] Level 1:colcon.colcon_core.environment:checking '/home/abcs/robo_ws/install/diffdrive_arduino' for CMake config files
[15.860s] Level 1:colcon.colcon_core.shell:create_environment_hook('diffdrive_arduino', 'cmake_prefix_path')
[15.861s] INFO:colcon.colcon_core.shell:Creating environment hook '/home/abcs/robo_ws/install/diffdrive_arduino/share/diffdrive_arduino/hook/cmake_prefix_path.ps1'
[15.863s] INFO:colcon.colcon_core.shell:Creating environment descriptor '/home/abcs/robo_ws/install/diffdrive_arduino/share/diffdrive_arduino/hook/cmake_prefix_path.dsv'
[15.865s] INFO:colcon.colcon_core.shell:Creating environment hook '/home/abcs/robo_ws/install/diffdrive_arduino/share/diffdrive_arduino/hook/cmake_prefix_path.sh'
[15.868s] Level 1:colcon.colcon_core.environment:checking '/home/abcs/robo_ws/install/diffdrive_arduino/lib'
[15.868s] Level 1:colcon.colcon_core.shell:create_environment_hook('diffdrive_arduino', 'ld_library_path_lib')
[15.869s] INFO:colcon.colcon_core.shell:Creating environment hook '/home/abcs/robo_ws/install/diffdrive_arduino/share/diffdrive_arduino/hook/ld_library_path_lib.ps1'
[15.871s] INFO:colcon.colcon_core.shell:Creating environment descriptor '/home/abcs/robo_ws/install/diffdrive_arduino/share/diffdrive_arduino/hook/ld_library_path_lib.dsv'
[15.873s] INFO:colcon.colcon_core.shell:Creating environment hook '/home/abcs/robo_ws/install/diffdrive_arduino/share/diffdrive_arduino/hook/ld_library_path_lib.sh'
[15.875s] Level 1:colcon.colcon_core.environment:checking '/home/abcs/robo_ws/install/diffdrive_arduino/bin'
[15.875s] Level 1:colcon.colcon_core.environment:checking '/home/abcs/robo_ws/install/diffdrive_arduino/lib/pkgconfig/diffdrive_arduino.pc'
[15.876s] Level 1:colcon.colcon_core.environment:checking '/home/abcs/robo_ws/install/diffdrive_arduino/lib/python3.8/site-packages'
[15.877s] Level 1:colcon.colcon_core.environment:checking '/home/abcs/robo_ws/install/diffdrive_arduino/bin'
[15.878s] INFO:colcon.colcon_core.shell:Creating package script '/home/abcs/robo_ws/install/diffdrive_arduino/share/diffdrive_arduino/package.ps1'
[15.880s] INFO:colcon.colcon_core.shell:Creating package descriptor '/home/abcs/robo_ws/install/diffdrive_arduino/share/diffdrive_arduino/package.dsv'
[15.883s] INFO:colcon.colcon_core.shell:Creating package script '/home/abcs/robo_ws/install/diffdrive_arduino/share/diffdrive_arduino/package.sh'
[15.885s] INFO:colcon.colcon_core.shell:Creating package script '/home/abcs/robo_ws/install/diffdrive_arduino/share/diffdrive_arduino/package.bash'
[15.887s] INFO:colcon.colcon_core.shell:Creating package script '/home/abcs/robo_ws/install/diffdrive_arduino/share/diffdrive_arduino/package.zsh'
[15.889s] Level 1:colcon.colcon_core.environment:create_file_with_runtime_dependencies(/home/abcs/robo_ws/install/diffdrive_arduino/share/colcon-core/packages/diffdrive_arduino)
[15.891s] DEBUG:colcon.colcon_parallel_executor.executor.parallel:closing loop
[15.892s] DEBUG:colcon.colcon_parallel_executor.executor.parallel:loop closed
[15.892s] DEBUG:colcon.colcon_parallel_executor.executor.parallel:run_until_complete finished with '0'
[15.893s] DEBUG:colcon.colcon_core.event_reactor:joining thread
[15.911s] INFO:colcon.colcon_core.plugin_system:Skipping extension 'colcon_notification.desktop_notification.notify_send': Could not find 'notify-send'
[15.912s] INFO:colcon.colcon_core.plugin_system:Skipping extension 'colcon_notification.desktop_notification.terminal_notifier': Not used on non-Darwin systems
[15.912s] INFO:colcon.colcon_core.plugin_system:Skipping extension 'colcon_notification.desktop_notification.win32': Not used on non-Windows systems
[15.912s] INFO:colcon.colcon_notification.desktop_notification:Sending desktop notification using 'notify2'
[15.916s] DEBUG:colcon.colcon_notification.desktop_notification.notify2:Failed to initialize notify2: org.freedesktop.DBus.Error.ServiceUnknown: The name org.freedesktop.Notifications was not provided by any .service files
[15.916s] DEBUG:colcon.colcon_core.event_reactor:joined thread
[15.917s] INFO:colcon.colcon_core.shell:Creating prefix script '/home/abcs/robo_ws/install/local_setup.ps1'
[15.921s] INFO:colcon.colcon_core.shell:Creating prefix util module '/home/abcs/robo_ws/install/_local_setup_util_ps1.py'
[15.927s] INFO:colcon.colcon_core.shell:Creating prefix chain script '/home/abcs/robo_ws/install/setup.ps1'
[15.932s] INFO:colcon.colcon_core.shell:Creating prefix script '/home/abcs/robo_ws/install/local_setup.sh'
[15.935s] INFO:colcon.colcon_core.shell:Creating prefix util module '/home/abcs/robo_ws/install/_local_setup_util_sh.py'
[15.937s] INFO:colcon.colcon_core.shell:Creating prefix chain script '/home/abcs/robo_ws/install/setup.sh'
[15.942s] INFO:colcon.colcon_core.shell:Creating prefix script '/home/abcs/robo_ws/install/local_setup.bash'
[15.944s] INFO:colcon.colcon_core.shell:Creating prefix chain script '/home/abcs/robo_ws/install/setup.bash'
[15.949s] INFO:colcon.colcon_core.shell:Creating prefix script '/home/abcs/robo_ws/install/local_setup.zsh'
[15.951s] INFO:colcon.colcon_core.shell:Creating prefix chain script '/home/abcs/robo_ws/install/setup.zsh'
