[0.072s] Invoking command in '/home/abcs/robo_ws/build/serial': CMAKE_PREFIX_PATH=${CMAKE_PREFIX_PATH}:/opt/ros/foxy /usr/bin/cmake --build /home/abcs/robo_ws/build/serial -- -j4 -l4
[0.315s] [ 28%] Built target serial
[0.318s] [ 42%] Built target gtest_main
[0.343s] [ 57%] Built target gtest
[0.425s] [ 71%] Built target serial_example
[0.475s] [ 85%] Built target serial-test
[0.478s] [100%] Built target serial-test-timer
[0.543s] Invoked command in '/home/abcs/robo_ws/build/serial' returned '0': CMAKE_PREFIX_PATH=${CMAKE_PREFIX_PATH}:/opt/ros/foxy /usr/bin/cmake --build /home/abcs/robo_ws/build/serial -- -j4 -l4
[0.550s] Invoking command in '/home/abcs/robo_ws/build/serial': CMAKE_PREFIX_PATH=${CMAKE_PREFIX_PATH}:/opt/ros/foxy /usr/bin/cmake --install /home/abcs/robo_ws/build/serial
[0.583s] -- Install configuration: ""
[0.584s] -- Up-to-date: /home/abcs/robo_ws/install/serial/lib/libserial.a
[0.585s] -- Up-to-date: /home/abcs/robo_ws/install/serial/include/serial/serial.h
[0.585s] -- Up-to-date: /home/abcs/robo_ws/install/serial/include/serial/v8stdint.h
[0.585s] -- Up-to-date: /home/abcs/robo_ws/install/serial/share/serial/environment/library_path.sh
[0.586s] -- Up-to-date: /home/abcs/robo_ws/install/serial/share/serial/environment/library_path.dsv
[0.586s] -- Up-to-date: /home/abcs/robo_ws/install/serial/share/ament_index/resource_index/package_run_dependencies/serial
[0.587s] -- Up-to-date: /home/abcs/robo_ws/install/serial/share/ament_index/resource_index/parent_prefix_path/serial
[0.587s] -- Up-to-date: /home/abcs/robo_ws/install/serial/share/serial/environment/ament_prefix_path.sh
[0.588s] -- Up-to-date: /home/abcs/robo_ws/install/serial/share/serial/environment/ament_prefix_path.dsv
[0.588s] -- Up-to-date: /home/abcs/robo_ws/install/serial/share/serial/environment/path.sh
[0.589s] -- Up-to-date: /home/abcs/robo_ws/install/serial/share/serial/environment/path.dsv
[0.589s] -- Up-to-date: /home/abcs/robo_ws/install/serial/share/serial/local_setup.bash
[0.589s] -- Up-to-date: /home/abcs/robo_ws/install/serial/share/serial/local_setup.sh
[0.590s] -- Up-to-date: /home/abcs/robo_ws/install/serial/share/serial/local_setup.zsh
[0.590s] -- Up-to-date: /home/abcs/robo_ws/install/serial/share/serial/local_setup.dsv
[0.591s] -- Installing: /home/abcs/robo_ws/install/serial/share/serial/package.dsv
[0.591s] -- Up-to-date: /home/abcs/robo_ws/install/serial/share/ament_index/resource_index/packages/serial
[0.591s] -- Up-to-date: /home/abcs/robo_ws/install/serial/share/serial/cmake/ament_cmake_export_include_directories-extras.cmake
[0.592s] -- Up-to-date: /home/abcs/robo_ws/install/serial/share/serial/cmake/ament_cmake_export_libraries-extras.cmake
[0.592s] -- Up-to-date: /home/abcs/robo_ws/install/serial/share/serial/cmake/serialConfig.cmake
[0.592s] -- Up-to-date: /home/abcs/robo_ws/install/serial/share/serial/cmake/serialConfig-version.cmake
[0.593s] -- Up-to-date: /home/abcs/robo_ws/install/serial/share/serial/package.xml
[0.599s] Invoked command in '/home/abcs/robo_ws/build/serial' returned '0': CMAKE_PREFIX_PATH=${CMAKE_PREFIX_PATH}:/opt/ros/foxy /usr/bin/cmake --install /home/abcs/robo_ws/build/serial
