[0.122s] Invoking command in '/home/abcs/robo_ws/build/diffdrive_arduino': CMAKE_PREFIX_PATH=/home/abcs/robo_ws/install/serial:/home/abcs/robo_ws/install/diffdrive_arduino:/home/abcs/robo_ws/install/articubot_one:/home/abcs/robo_ws/install/lidar_box_filter:/opt/ros/foxy /usr/bin/cmake --build /home/abcs/robo_ws/build/diffdrive_arduino -- -j4 -l4
[0.455s] [ 42%] Built target fake_robot
[0.467s] [100%] Built target diffdrive_arduino
[0.510s] Invoked command in '/home/abcs/robo_ws/build/diffdrive_arduino' returned '0': CMAKE_PREFIX_PATH=/home/abcs/robo_ws/install/serial:/home/abcs/robo_ws/install/diffdrive_arduino:/home/abcs/robo_ws/install/articubot_one:/home/abcs/robo_ws/install/lidar_box_filter:/opt/ros/foxy /usr/bin/cmake --build /home/abcs/robo_ws/build/diffdrive_arduino -- -j4 -l4
[0.520s] Invoking command in '/home/abcs/robo_ws/build/diffdrive_arduino': CMAKE_PREFIX_PATH=/home/abcs/robo_ws/install/serial:/home/abcs/robo_ws/install/diffdrive_arduino:/home/abcs/robo_ws/install/articubot_one:/home/abcs/robo_ws/install/lidar_box_filter:/opt/ros/foxy /usr/bin/cmake --install /home/abcs/robo_ws/build/diffdrive_arduino
[0.555s] -- Install configuration: ""
[0.556s] -- Execute custom install script
[0.558s] -- Up-to-date symlink: /home/abcs/robo_ws/install/diffdrive_arduino/share/diffdrive_arduino//robot_hardware.xml
[0.560s] -- Up-to-date symlink: /home/abcs/robo_ws/install/diffdrive_arduino/share/diffdrive_arduino//fake_robot_hardware.xml
[0.562s] -- Up-to-date symlink: /home/abcs/robo_ws/install/diffdrive_arduino/lib/libdiffdrive_arduino.so
[0.563s] -- Up-to-date symlink: /home/abcs/robo_ws/install/diffdrive_arduino/lib/libfake_robot.so
[0.566s] -- Up-to-date symlink: /home/abcs/robo_ws/install/diffdrive_arduino/share/diffdrive_arduino/controllers/robot_controller_example.yaml
[0.568s] -- Up-to-date symlink: /home/abcs/robo_ws/install/diffdrive_arduino/share/diffdrive_arduino/fake_robot.launch.py
[0.569s] -- Up-to-date symlink: /home/abcs/robo_ws/install/diffdrive_arduino/share/diffdrive_arduino/test_robot.launch.py
[0.570s] -- Up-to-date symlink: /home/abcs/robo_ws/install/diffdrive_arduino/share/diffdrive_arduino/environment/library_path.sh
[0.572s] -- Up-to-date symlink: /home/abcs/robo_ws/install/diffdrive_arduino/share/diffdrive_arduino/environment/library_path.dsv
[0.574s] -- Up-to-date symlink: /home/abcs/robo_ws/install/diffdrive_arduino/share/ament_index/resource_index/package_run_dependencies/diffdrive_arduino
[0.575s] -- Up-to-date symlink: /home/abcs/robo_ws/install/diffdrive_arduino/share/ament_index/resource_index/parent_prefix_path/diffdrive_arduino
[0.577s] -- Up-to-date symlink: /home/abcs/robo_ws/install/diffdrive_arduino/share/diffdrive_arduino/environment/ament_prefix_path.sh
[0.578s] -- Up-to-date symlink: /home/abcs/robo_ws/install/diffdrive_arduino/share/diffdrive_arduino/environment/ament_prefix_path.dsv
[0.580s] -- Up-to-date symlink: /home/abcs/robo_ws/install/diffdrive_arduino/share/diffdrive_arduino/environment/path.sh
[0.581s] -- Up-to-date symlink: /home/abcs/robo_ws/install/diffdrive_arduino/share/diffdrive_arduino/environment/path.dsv
[0.582s] -- Up-to-date symlink: /home/abcs/robo_ws/install/diffdrive_arduino/share/diffdrive_arduino/local_setup.bash
[0.584s] -- Up-to-date symlink: /home/abcs/robo_ws/install/diffdrive_arduino/share/diffdrive_arduino/local_setup.sh
[0.585s] -- Up-to-date symlink: /home/abcs/robo_ws/install/diffdrive_arduino/share/diffdrive_arduino/local_setup.zsh
[0.586s] -- Up-to-date symlink: /home/abcs/robo_ws/install/diffdrive_arduino/share/diffdrive_arduino/local_setup.dsv
[0.587s] -- Symlinking: /home/abcs/robo_ws/install/diffdrive_arduino/share/diffdrive_arduino/package.dsv
[0.625s] -- Up-to-date symlink: /home/abcs/robo_ws/install/diffdrive_arduino/share/ament_index/resource_index/packages/diffdrive_arduino
[0.626s] -- Up-to-date symlink: /home/abcs/robo_ws/install/diffdrive_arduino/share/ament_index/resource_index/hardware_interface__pluginlib__plugin/diffdrive_arduino
[0.628s] -- Up-to-date symlink: /home/abcs/robo_ws/install/diffdrive_arduino/share/diffdrive_arduino/cmake/ament_cmake_export_libraries-extras.cmake
[0.629s] -- Up-to-date symlink: /home/abcs/robo_ws/install/diffdrive_arduino/share/diffdrive_arduino/cmake/ament_cmake_export_dependencies-extras.cmake
[0.631s] -- Up-to-date symlink: /home/abcs/robo_ws/install/diffdrive_arduino/share/diffdrive_arduino/cmake/diffdrive_arduinoConfig.cmake
[0.632s] -- Up-to-date symlink: /home/abcs/robo_ws/install/diffdrive_arduino/share/diffdrive_arduino/cmake/diffdrive_arduinoConfig-version.cmake
[0.634s] -- Up-to-date symlink: /home/abcs/robo_ws/install/diffdrive_arduino/share/diffdrive_arduino/package.xml
[0.641s] Invoked command in '/home/abcs/robo_ws/build/diffdrive_arduino' returned '0': CMAKE_PREFIX_PATH=/home/abcs/robo_ws/install/serial:/home/abcs/robo_ws/install/diffdrive_arduino:/home/abcs/robo_ws/install/articubot_one:/home/abcs/robo_ws/install/lidar_box_filter:/opt/ros/foxy /usr/bin/cmake --install /home/abcs/robo_ws/build/diffdrive_arduino
