[0.122s] Invoking command in '/home/abcs/robo_ws/build/diffdrive_arduino': CMAKE_PREFIX_PATH=/home/abcs/robo_ws/install/serial:/home/abcs/robo_ws/install/diffdrive_arduino:/home/abcs/robo_ws/install/articubot_one:/home/abcs/robo_ws/install/lidar_box_filter:/opt/ros/foxy /usr/bin/cmake --build /home/abcs/robo_ws/build/diffdrive_arduino -- -j4 -l4
[0.321s] [35m[1mScanning dependencies of target diffdrive_arduino[0m
[0.438s] [ 42%] Built target fake_robot
[0.518s] [ 57%] [32mBuilding CXX object CMakeFiles/diffdrive_arduino.dir/src/diffdrive_arduino.cpp.o[0m
[10.235s] [ 71%] [32m[1mLinking CXX shared library libdiffdrive_arduino.so[0m
[11.194s] [100%] Built target diffdrive_arduino
[11.234s] Invoked command in '/home/abcs/robo_ws/build/diffdrive_arduino' returned '0': CMAKE_PREFIX_PATH=/home/abcs/robo_ws/install/serial:/home/abcs/robo_ws/install/diffdrive_arduino:/home/abcs/robo_ws/install/articubot_one:/home/abcs/robo_ws/install/lidar_box_filter:/opt/ros/foxy /usr/bin/cmake --build /home/abcs/robo_ws/build/diffdrive_arduino -- -j4 -l4
[11.243s] Invoking command in '/home/abcs/robo_ws/build/diffdrive_arduino': CMAKE_PREFIX_PATH=/home/abcs/robo_ws/install/serial:/home/abcs/robo_ws/install/diffdrive_arduino:/home/abcs/robo_ws/install/articubot_one:/home/abcs/robo_ws/install/lidar_box_filter:/opt/ros/foxy /usr/bin/cmake --install /home/abcs/robo_ws/build/diffdrive_arduino
[11.280s] -- Install configuration: ""
[11.282s] -- Execute custom install script
[11.283s] -- Up-to-date symlink: /home/abcs/robo_ws/install/diffdrive_arduino/share/diffdrive_arduino//robot_hardware.xml
[11.284s] -- Up-to-date symlink: /home/abcs/robo_ws/install/diffdrive_arduino/share/diffdrive_arduino//fake_robot_hardware.xml
[11.286s] -- Up-to-date symlink: /home/abcs/robo_ws/install/diffdrive_arduino/lib/libdiffdrive_arduino.so
[11.287s] -- Up-to-date symlink: /home/abcs/robo_ws/install/diffdrive_arduino/lib/libfake_robot.so
[11.289s] -- Up-to-date symlink: /home/abcs/robo_ws/install/diffdrive_arduino/share/diffdrive_arduino/controllers/robot_controller_example.yaml
[11.291s] -- Up-to-date symlink: /home/abcs/robo_ws/install/diffdrive_arduino/share/diffdrive_arduino/fake_robot.launch.py
[11.292s] -- Up-to-date symlink: /home/abcs/robo_ws/install/diffdrive_arduino/share/diffdrive_arduino/test_robot.launch.py
[11.294s] -- Up-to-date symlink: /home/abcs/robo_ws/install/diffdrive_arduino/share/diffdrive_arduino/environment/library_path.sh
[11.295s] -- Up-to-date symlink: /home/abcs/robo_ws/install/diffdrive_arduino/share/diffdrive_arduino/environment/library_path.dsv
[11.296s] -- Up-to-date symlink: /home/abcs/robo_ws/install/diffdrive_arduino/share/ament_index/resource_index/package_run_dependencies/diffdrive_arduino
[11.298s] -- Up-to-date symlink: /home/abcs/robo_ws/install/diffdrive_arduino/share/ament_index/resource_index/parent_prefix_path/diffdrive_arduino
[11.299s] -- Up-to-date symlink: /home/abcs/robo_ws/install/diffdrive_arduino/share/diffdrive_arduino/environment/ament_prefix_path.sh
[11.300s] -- Up-to-date symlink: /home/abcs/robo_ws/install/diffdrive_arduino/share/diffdrive_arduino/environment/ament_prefix_path.dsv
[11.302s] -- Up-to-date symlink: /home/abcs/robo_ws/install/diffdrive_arduino/share/diffdrive_arduino/environment/path.sh
[11.303s] -- Up-to-date symlink: /home/abcs/robo_ws/install/diffdrive_arduino/share/diffdrive_arduino/environment/path.dsv
[11.304s] -- Up-to-date symlink: /home/abcs/robo_ws/install/diffdrive_arduino/share/diffdrive_arduino/local_setup.bash
[11.305s] -- Up-to-date symlink: /home/abcs/robo_ws/install/diffdrive_arduino/share/diffdrive_arduino/local_setup.sh
[11.307s] -- Up-to-date symlink: /home/abcs/robo_ws/install/diffdrive_arduino/share/diffdrive_arduino/local_setup.zsh
[11.308s] -- Up-to-date symlink: /home/abcs/robo_ws/install/diffdrive_arduino/share/diffdrive_arduino/local_setup.dsv
[11.309s] -- Symlinking: /home/abcs/robo_ws/install/diffdrive_arduino/share/diffdrive_arduino/package.dsv
[11.346s] -- Up-to-date symlink: /home/abcs/robo_ws/install/diffdrive_arduino/share/ament_index/resource_index/packages/diffdrive_arduino
[11.347s] -- Up-to-date symlink: /home/abcs/robo_ws/install/diffdrive_arduino/share/ament_index/resource_index/hardware_interface__pluginlib__plugin/diffdrive_arduino
[11.348s] -- Up-to-date symlink: /home/abcs/robo_ws/install/diffdrive_arduino/share/diffdrive_arduino/cmake/ament_cmake_export_libraries-extras.cmake
[11.349s] -- Up-to-date symlink: /home/abcs/robo_ws/install/diffdrive_arduino/share/diffdrive_arduino/cmake/ament_cmake_export_dependencies-extras.cmake
[11.351s] -- Up-to-date symlink: /home/abcs/robo_ws/install/diffdrive_arduino/share/diffdrive_arduino/cmake/diffdrive_arduinoConfig.cmake
[11.352s] -- Up-to-date symlink: /home/abcs/robo_ws/install/diffdrive_arduino/share/diffdrive_arduino/cmake/diffdrive_arduinoConfig-version.cmake
[11.353s] -- Up-to-date symlink: /home/abcs/robo_ws/install/diffdrive_arduino/share/diffdrive_arduino/package.xml
[11.362s] Invoked command in '/home/abcs/robo_ws/build/diffdrive_arduino' returned '0': CMAKE_PREFIX_PATH=/home/abcs/robo_ws/install/serial:/home/abcs/robo_ws/install/diffdrive_arduino:/home/abcs/robo_ws/install/articubot_one:/home/abcs/robo_ws/install/lidar_box_filter:/opt/ros/foxy /usr/bin/cmake --install /home/abcs/robo_ws/build/diffdrive_arduino
