[0.114s] Invoking command in '/home/abcs/robo_ws/build/serial': CMAKE_PREFIX_PATH=${CMAKE_PREFIX_PATH}:/home/abcs/robo_ws/install/lidar_box_filter:/opt/ros/foxy /usr/bin/cmake --build /home/abcs/robo_ws/build/serial -- -j4 -l4
[0.422s] [ 28%] Built target serial
[0.429s] [ 42%] Built target gtest
[0.432s] [ 57%] Built target gtest_main
[0.536s] [ 71%] Built target serial_example
[0.550s] [ 85%] Built target serial-test-timer
[0.566s] [100%] Built target serial-test
[1.313s] Invoked command in '/home/abcs/robo_ws/build/serial' returned '0': CMAKE_PREFIX_PATH=${CMAKE_PREFIX_PATH}:/home/abcs/robo_ws/install/lidar_box_filter:/opt/ros/foxy /usr/bin/cmake --build /home/abcs/robo_ws/build/serial -- -j4 -l4
[1.323s] Invoking command in '/home/abcs/robo_ws/build/serial': CMAKE_PREFIX_PATH=${CMAKE_PREFIX_PATH}:/home/abcs/robo_ws/install/lidar_box_filter:/opt/ros/foxy /usr/bin/cmake --install /home/abcs/robo_ws/build/serial
[1.369s] -- Install configuration: ""
[1.373s] -- Execute custom install script
[1.379s] -- Up-to-date symlink: /home/abcs/robo_ws/install/serial/lib/libserial.a
[1.381s] -- Up-to-date symlink: /home/abcs/robo_ws/install/serial/include/serial/serial.h
[1.386s] -- Up-to-date symlink: /home/abcs/robo_ws/install/serial/include/serial/v8stdint.h
[1.388s] -- Up-to-date symlink: /home/abcs/robo_ws/install/serial/share/serial/environment/library_path.sh
[1.391s] -- Up-to-date symlink: /home/abcs/robo_ws/install/serial/share/serial/environment/library_path.dsv
[1.398s] -- Up-to-date symlink: /home/abcs/robo_ws/install/serial/share/ament_index/resource_index/package_run_dependencies/serial
[1.401s] -- Up-to-date symlink: /home/abcs/robo_ws/install/serial/share/ament_index/resource_index/parent_prefix_path/serial
[1.405s] -- Up-to-date symlink: /home/abcs/robo_ws/install/serial/share/serial/environment/ament_prefix_path.sh
[1.409s] -- Up-to-date symlink: /home/abcs/robo_ws/install/serial/share/serial/environment/ament_prefix_path.dsv
[1.413s] -- Up-to-date symlink: /home/abcs/robo_ws/install/serial/share/serial/environment/path.sh
[1.415s] -- Up-to-date symlink: /home/abcs/robo_ws/install/serial/share/serial/environment/path.dsv
[1.420s] -- Up-to-date symlink: /home/abcs/robo_ws/install/serial/share/serial/local_setup.bash
[1.424s] -- Up-to-date symlink: /home/abcs/robo_ws/install/serial/share/serial/local_setup.sh
[1.428s] -- Up-to-date symlink: /home/abcs/robo_ws/install/serial/share/serial/local_setup.zsh
[1.437s] -- Up-to-date symlink: /home/abcs/robo_ws/install/serial/share/serial/local_setup.dsv
[1.443s] -- Symlinking: /home/abcs/robo_ws/install/serial/share/serial/package.dsv
[1.486s] -- Up-to-date symlink: /home/abcs/robo_ws/install/serial/share/ament_index/resource_index/packages/serial
[1.487s] -- Up-to-date symlink: /home/abcs/robo_ws/install/serial/share/serial/cmake/ament_cmake_export_include_directories-extras.cmake
[1.487s] -- Up-to-date symlink: /home/abcs/robo_ws/install/serial/share/serial/cmake/ament_cmake_export_libraries-extras.cmake
[1.488s] -- Up-to-date symlink: /home/abcs/robo_ws/install/serial/share/serial/cmake/serialConfig.cmake
[1.489s] -- Up-to-date symlink: /home/abcs/robo_ws/install/serial/share/serial/cmake/serialConfig-version.cmake
[1.489s] -- Up-to-date symlink: /home/abcs/robo_ws/install/serial/share/serial/package.xml
[1.490s] Invoked command in '/home/abcs/robo_ws/build/serial' returned '0': CMAKE_PREFIX_PATH=${CMAKE_PREFIX_PATH}:/home/abcs/robo_ws/install/lidar_box_filter:/opt/ros/foxy /usr/bin/cmake --install /home/abcs/robo_ws/build/serial
